[0.012s] Invoking command in '/home/two-asus/ros2_ws/build/my_robot_interfaces': CMAKE_PREFIX_PATH=${CMAKE_PREFIX_PATH}:/home/two-asus/ros2_ws/install/my_py_pkg:/opt/ros/humble /usr/bin/cmake --build /home/two-asus/ros2_ws/build/my_robot_interfaces -- -j16 -l16
[0.044s] [ 10%] Built target my_robot_interfaces__rosidl_generator_c
[0.044s] [ 12%] Built target my_robot_interfaces__cpp
[0.052s] [ 12%] Built target ament_cmake_python_copy_my_robot_interfaces
[0.058s] [ 53%] Built target my_robot_interfaces__rosidl_typesupport_cpp
[0.058s] [ 53%] Built target my_robot_interfaces__rosidl_typesupport_c
[0.059s] [ 53%] Built target my_robot_interfaces__rosidl_typesupport_introspection_c
[0.059s] [ 53%] Built target my_robot_interfaces__rosidl_typesupport_fastrtps_c
[0.060s] [ 64%] Built target my_robot_interfaces__rosidl_typesupport_introspection_cpp
[0.061s] [ 74%] Built target my_robot_interfaces__rosidl_typesupport_fastrtps_cpp
[0.074s] [ 74%] Built target my_robot_interfaces
[0.089s] [ 76%] Built target my_robot_interfaces__py
[0.104s] [ 84%] Built target my_robot_interfaces__rosidl_generator_py
[0.119s] [100%] Built target my_robot_interfaces__rosidl_typesupport_c__pyext
[0.119s] [100%] Built target my_robot_interfaces__rosidl_typesupport_fastrtps_c__pyext
[0.119s] [100%] Built target my_robot_interfaces__rosidl_typesupport_introspection_c__pyext
[0.199s] running egg_info
[0.199s] writing my_robot_interfaces.egg-info/PKG-INFO
[0.200s] writing dependency_links to my_robot_interfaces.egg-info/dependency_links.txt
[0.200s] writing top-level names to my_robot_interfaces.egg-info/top_level.txt
[0.201s] reading manifest file 'my_robot_interfaces.egg-info/SOURCES.txt'
[0.202s] writing manifest file 'my_robot_interfaces.egg-info/SOURCES.txt'
[0.224s] [100%] Built target ament_cmake_python_build_my_robot_interfaces_egg
