[0.177s] DEBUG:colcon:Command line arguments: ['/usr/bin/colcon', 'build']
[0.177s] DEBUG:colcon:Parsed command line arguments: Namespace(log_base=None, log_level=None, verb_name='build', build_base='build', install_base='install', merge_install=False, symlink_install=False, test_result_base=None, continue_on_error=False, executor='parallel', parallel_workers=16, event_handlers=None, ignore_user_meta=False, metas=['./colcon.meta'], base_paths=['.'], packages_ignore=None, packages_ignore_regex=None, paths=None, packages_up_to=None, packages_up_to_regex=None, packages_above=None, packages_above_and_dependencies=None, packages_above_depth=None, packages_select_by_dep=None, packages_skip_by_dep=None, packages_skip_up_to=None, packages_select_build_failed=False, packages_skip_build_finished=False, packages_select_test_failures=False, packages_skip_test_passed=False, packages_select=None, packages_skip=None, packages_select_regex=None, packages_skip_regex=None, packages_start=None, packages_end=None, allow_overriding=[], cmake_args=None, cmake_target=None, cmake_target_skip_unavailable=False, cmake_clean_cache=False, cmake_clean_first=False, cmake_force_configure=False, ament_cmake_args=None, catkin_cmake_args=None, catkin_skip_building_tests=False, verb_parser=<colcon_defaults.argument_parser.defaults.DefaultArgumentsDecorator object at 0x7f6249812e00>, verb_extension=<colcon_core.verb.build.BuildVerb object at 0x7f6249b33970>, main=<bound method BuildVerb.main of <colcon_core.verb.build.BuildVerb object at 0x7f6249b33970>>)
[0.269s] Level 1:colcon.colcon_core.package_discovery:discover_packages(colcon_meta) check parameters
[0.269s] Level 1:colcon.colcon_core.package_discovery:discover_packages(recursive) check parameters
[0.269s] Level 1:colcon.colcon_core.package_discovery:discover_packages(ignore) check parameters
[0.269s] Level 1:colcon.colcon_core.package_discovery:discover_packages(path) check parameters
[0.269s] Level 1:colcon.colcon_core.package_discovery:discover_packages(colcon_meta) discover
[0.269s] Level 1:colcon.colcon_core.package_discovery:discover_packages(recursive) discover
[0.269s] INFO:colcon.colcon_core.package_discovery:Crawling recursively for packages in '/home/two-asus/ros2_ws'
[0.269s] Level 1:colcon.colcon_core.package_identification:_identify(.) by extensions ['ignore', 'ignore_ament_install']
[0.269s] Level 1:colcon.colcon_core.package_identification:_identify(.) by extension 'ignore'
[0.270s] Level 1:colcon.colcon_core.package_identification:_identify(.) by extension 'ignore_ament_install'
[0.270s] Level 1:colcon.colcon_core.package_identification:_identify(.) by extensions ['colcon_pkg']
[0.270s] Level 1:colcon.colcon_core.package_identification:_identify(.) by extension 'colcon_pkg'
[0.270s] Level 1:colcon.colcon_core.package_identification:_identify(.) by extensions ['colcon_meta']
[0.270s] Level 1:colcon.colcon_core.package_identification:_identify(.) by extension 'colcon_meta'
[0.270s] Level 1:colcon.colcon_core.package_identification:_identify(.) by extensions ['ros']
[0.270s] Level 1:colcon.colcon_core.package_identification:_identify(.) by extension 'ros'
[0.278s] Level 1:colcon.colcon_core.package_identification:_identify(.) by extensions ['cmake', 'python']
[0.278s] Level 1:colcon.colcon_core.package_identification:_identify(.) by extension 'cmake'
[0.278s] Level 1:colcon.colcon_core.package_identification:_identify(.) by extension 'python'
[0.278s] Level 1:colcon.colcon_core.package_identification:_identify(.) by extensions ['python_setup_py']
[0.278s] Level 1:colcon.colcon_core.package_identification:_identify(.) by extension 'python_setup_py'
[0.278s] Level 1:colcon.colcon_core.package_identification:_identify(build) by extensions ['ignore', 'ignore_ament_install']
[0.278s] Level 1:colcon.colcon_core.package_identification:_identify(build) by extension 'ignore'
[0.278s] Level 1:colcon.colcon_core.package_identification:_identify(build) ignored
[0.278s] Level 1:colcon.colcon_core.package_identification:_identify(install) by extensions ['ignore', 'ignore_ament_install']
[0.278s] Level 1:colcon.colcon_core.package_identification:_identify(install) by extension 'ignore'
[0.278s] Level 1:colcon.colcon_core.package_identification:_identify(install) ignored
[0.278s] Level 1:colcon.colcon_core.package_identification:_identify(log) by extensions ['ignore', 'ignore_ament_install']
[0.278s] Level 1:colcon.colcon_core.package_identification:_identify(log) by extension 'ignore'
[0.278s] Level 1:colcon.colcon_core.package_identification:_identify(log) ignored
[0.278s] Level 1:colcon.colcon_core.package_identification:_identify(src) by extensions ['ignore', 'ignore_ament_install']
[0.279s] Level 1:colcon.colcon_core.package_identification:_identify(src) by extension 'ignore'
[0.279s] Level 1:colcon.colcon_core.package_identification:_identify(src) by extension 'ignore_ament_install'
[0.279s] Level 1:colcon.colcon_core.package_identification:_identify(src) by extensions ['colcon_pkg']
[0.279s] Level 1:colcon.colcon_core.package_identification:_identify(src) by extension 'colcon_pkg'
[0.279s] Level 1:colcon.colcon_core.package_identification:_identify(src) by extensions ['colcon_meta']
[0.279s] Level 1:colcon.colcon_core.package_identification:_identify(src) by extension 'colcon_meta'
[0.279s] Level 1:colcon.colcon_core.package_identification:_identify(src) by extensions ['ros']
[0.279s] Level 1:colcon.colcon_core.package_identification:_identify(src) by extension 'ros'
[0.279s] Level 1:colcon.colcon_core.package_identification:_identify(src) by extensions ['cmake', 'python']
[0.279s] Level 1:colcon.colcon_core.package_identification:_identify(src) by extension 'cmake'
[0.279s] Level 1:colcon.colcon_core.package_identification:_identify(src) by extension 'python'
[0.279s] Level 1:colcon.colcon_core.package_identification:_identify(src) by extensions ['python_setup_py']
[0.279s] Level 1:colcon.colcon_core.package_identification:_identify(src) by extension 'python_setup_py'
[0.279s] Level 1:colcon.colcon_core.package_identification:_identify(src/my_cpp_pkg) by extensions ['ignore', 'ignore_ament_install']
[0.279s] Level 1:colcon.colcon_core.package_identification:_identify(src/my_cpp_pkg) by extension 'ignore'
[0.279s] Level 1:colcon.colcon_core.package_identification:_identify(src/my_cpp_pkg) by extension 'ignore_ament_install'
[0.279s] Level 1:colcon.colcon_core.package_identification:_identify(src/my_cpp_pkg) by extensions ['colcon_pkg']
[0.279s] Level 1:colcon.colcon_core.package_identification:_identify(src/my_cpp_pkg) by extension 'colcon_pkg'
[0.279s] Level 1:colcon.colcon_core.package_identification:_identify(src/my_cpp_pkg) by extensions ['colcon_meta']
[0.279s] Level 1:colcon.colcon_core.package_identification:_identify(src/my_cpp_pkg) by extension 'colcon_meta'
[0.279s] Level 1:colcon.colcon_core.package_identification:_identify(src/my_cpp_pkg) by extensions ['ros']
[0.279s] Level 1:colcon.colcon_core.package_identification:_identify(src/my_cpp_pkg) by extension 'ros'
[0.281s] DEBUG:colcon.colcon_core.package_identification:Package 'src/my_cpp_pkg' with type 'ros.ament_cmake' and name 'my_cpp_pkg'
[0.281s] Level 1:colcon.colcon_core.package_identification:_identify(src/my_py_pkg) by extensions ['ignore', 'ignore_ament_install']
[0.281s] Level 1:colcon.colcon_core.package_identification:_identify(src/my_py_pkg) by extension 'ignore'
[0.281s] Level 1:colcon.colcon_core.package_identification:_identify(src/my_py_pkg) by extension 'ignore_ament_install'
[0.281s] Level 1:colcon.colcon_core.package_identification:_identify(src/my_py_pkg) by extensions ['colcon_pkg']
[0.281s] Level 1:colcon.colcon_core.package_identification:_identify(src/my_py_pkg) by extension 'colcon_pkg'
[0.281s] Level 1:colcon.colcon_core.package_identification:_identify(src/my_py_pkg) by extensions ['colcon_meta']
[0.281s] Level 1:colcon.colcon_core.package_identification:_identify(src/my_py_pkg) by extension 'colcon_meta'
[0.281s] Level 1:colcon.colcon_core.package_identification:_identify(src/my_py_pkg) by extensions ['ros']
[0.281s] Level 1:colcon.colcon_core.package_identification:_identify(src/my_py_pkg) by extension 'ros'
[0.282s] DEBUG:colcon.colcon_core.package_identification:Package 'src/my_py_pkg' with type 'ros.ament_python' and name 'my_py_pkg'
[0.282s] Level 1:colcon.colcon_core.package_identification:_identify(src/my_robot_bringup) by extensions ['ignore', 'ignore_ament_install']
[0.282s] Level 1:colcon.colcon_core.package_identification:_identify(src/my_robot_bringup) by extension 'ignore'
[0.282s] Level 1:colcon.colcon_core.package_identification:_identify(src/my_robot_bringup) by extension 'ignore_ament_install'
[0.282s] Level 1:colcon.colcon_core.package_identification:_identify(src/my_robot_bringup) by extensions ['colcon_pkg']
[0.282s] Level 1:colcon.colcon_core.package_identification:_identify(src/my_robot_bringup) by extension 'colcon_pkg'
[0.282s] Level 1:colcon.colcon_core.package_identification:_identify(src/my_robot_bringup) by extensions ['colcon_meta']
[0.282s] Level 1:colcon.colcon_core.package_identification:_identify(src/my_robot_bringup) by extension 'colcon_meta'
[0.282s] Level 1:colcon.colcon_core.package_identification:_identify(src/my_robot_bringup) by extensions ['ros']
[0.282s] Level 1:colcon.colcon_core.package_identification:_identify(src/my_robot_bringup) by extension 'ros'
[0.282s] DEBUG:colcon.colcon_core.package_identification:Package 'src/my_robot_bringup' with type 'ros.ament_cmake' and name 'my_robot_bringup'
[0.282s] Level 1:colcon.colcon_core.package_identification:_identify(src/my_robot_interfaces) by extensions ['ignore', 'ignore_ament_install']
[0.282s] Level 1:colcon.colcon_core.package_identification:_identify(src/my_robot_interfaces) by extension 'ignore'
[0.283s] Level 1:colcon.colcon_core.package_identification:_identify(src/my_robot_interfaces) by extension 'ignore_ament_install'
[0.283s] Level 1:colcon.colcon_core.package_identification:_identify(src/my_robot_interfaces) by extensions ['colcon_pkg']
[0.283s] Level 1:colcon.colcon_core.package_identification:_identify(src/my_robot_interfaces) by extension 'colcon_pkg'
[0.283s] Level 1:colcon.colcon_core.package_identification:_identify(src/my_robot_interfaces) by extensions ['colcon_meta']
[0.283s] Level 1:colcon.colcon_core.package_identification:_identify(src/my_robot_interfaces) by extension 'colcon_meta'
[0.283s] Level 1:colcon.colcon_core.package_identification:_identify(src/my_robot_interfaces) by extensions ['ros']
[0.283s] Level 1:colcon.colcon_core.package_identification:_identify(src/my_robot_interfaces) by extension 'ros'
[0.283s] DEBUG:colcon.colcon_core.package_identification:Package 'src/my_robot_interfaces' with type 'ros.ament_cmake' and name 'my_robot_interfaces'
[0.283s] Level 1:colcon.colcon_core.package_identification:_identify(src/turtlesim_catch_them_all) by extensions ['ignore', 'ignore_ament_install']
[0.283s] Level 1:colcon.colcon_core.package_identification:_identify(src/turtlesim_catch_them_all) by extension 'ignore'
[0.283s] Level 1:colcon.colcon_core.package_identification:_identify(src/turtlesim_catch_them_all) by extension 'ignore_ament_install'
[0.283s] Level 1:colcon.colcon_core.package_identification:_identify(src/turtlesim_catch_them_all) by extensions ['colcon_pkg']
[0.283s] Level 1:colcon.colcon_core.package_identification:_identify(src/turtlesim_catch_them_all) by extension 'colcon_pkg'
[0.283s] Level 1:colcon.colcon_core.package_identification:_identify(src/turtlesim_catch_them_all) by extensions ['colcon_meta']
[0.283s] Level 1:colcon.colcon_core.package_identification:_identify(src/turtlesim_catch_them_all) by extension 'colcon_meta'
[0.283s] Level 1:colcon.colcon_core.package_identification:_identify(src/turtlesim_catch_them_all) by extensions ['ros']
[0.283s] Level 1:colcon.colcon_core.package_identification:_identify(src/turtlesim_catch_them_all) by extension 'ros'
[0.284s] DEBUG:colcon.colcon_core.package_identification:Package 'src/turtlesim_catch_them_all' with type 'ros.ament_python' and name 'turtlesim_catch_them_all'
[0.284s] Level 1:colcon.colcon_core.package_discovery:discover_packages(recursive) using defaults
[0.284s] Level 1:colcon.colcon_core.package_discovery:discover_packages(ignore) discover
[0.284s] Level 1:colcon.colcon_core.package_discovery:discover_packages(ignore) using defaults
[0.284s] Level 1:colcon.colcon_core.package_discovery:discover_packages(path) discover
[0.284s] Level 1:colcon.colcon_core.package_discovery:discover_packages(path) using defaults
[0.297s] Level 1:colcon.colcon_core.package_discovery:discover_packages(prefix_path) check parameters
[0.297s] Level 1:colcon.colcon_core.package_discovery:discover_packages(prefix_path) discover
[0.298s] DEBUG:colcon.colcon_installed_package_information.package_discovery:Found 5 installed packages in /home/two-asus/ros2_ws/install
[0.299s] DEBUG:colcon.colcon_installed_package_information.package_discovery:Found 270 installed packages in /opt/ros/humble
[0.299s] Level 1:colcon.colcon_core.package_discovery:discover_packages(prefix_path) using defaults
[0.330s] Level 5:colcon.colcon_core.verb:set package 'my_robot_interfaces' build argument 'cmake_args' from command line to 'None'
[0.330s] Level 5:colcon.colcon_core.verb:set package 'my_robot_interfaces' build argument 'cmake_target' from command line to 'None'
[0.330s] Level 5:colcon.colcon_core.verb:set package 'my_robot_interfaces' build argument 'cmake_target_skip_unavailable' from command line to 'False'
[0.330s] Level 5:colcon.colcon_core.verb:set package 'my_robot_interfaces' build argument 'cmake_clean_cache' from command line to 'False'
[0.330s] Level 5:colcon.colcon_core.verb:set package 'my_robot_interfaces' build argument 'cmake_clean_first' from command line to 'False'
[0.330s] Level 5:colcon.colcon_core.verb:set package 'my_robot_interfaces' build argument 'cmake_force_configure' from command line to 'False'
[0.330s] Level 5:colcon.colcon_core.verb:set package 'my_robot_interfaces' build argument 'ament_cmake_args' from command line to 'None'
[0.330s] Level 5:colcon.colcon_core.verb:set package 'my_robot_interfaces' build argument 'catkin_cmake_args' from command line to 'None'
[0.330s] Level 5:colcon.colcon_core.verb:set package 'my_robot_interfaces' build argument 'catkin_skip_building_tests' from command line to 'False'
[0.330s] DEBUG:colcon.colcon_core.verb:Building package 'my_robot_interfaces' with the following arguments: {'ament_cmake_args': None, 'build_base': '/home/two-asus/ros2_ws/build/my_robot_interfaces', 'catkin_cmake_args': None, 'catkin_skip_building_tests': False, 'cmake_args': None, 'cmake_clean_cache': False, 'cmake_clean_first': False, 'cmake_force_configure': False, 'cmake_target': None, 'cmake_target_skip_unavailable': False, 'install_base': '/home/two-asus/ros2_ws/install/my_robot_interfaces', 'merge_install': False, 'path': '/home/two-asus/ros2_ws/src/my_robot_interfaces', 'symlink_install': False, 'test_result_base': None}
[0.330s] Level 5:colcon.colcon_core.verb:set package 'my_cpp_pkg' build argument 'cmake_args' from command line to 'None'
[0.330s] Level 5:colcon.colcon_core.verb:set package 'my_cpp_pkg' build argument 'cmake_target' from command line to 'None'
[0.330s] Level 5:colcon.colcon_core.verb:set package 'my_cpp_pkg' build argument 'cmake_target_skip_unavailable' from command line to 'False'
[0.330s] Level 5:colcon.colcon_core.verb:set package 'my_cpp_pkg' build argument 'cmake_clean_cache' from command line to 'False'
[0.330s] Level 5:colcon.colcon_core.verb:set package 'my_cpp_pkg' build argument 'cmake_clean_first' from command line to 'False'
[0.330s] Level 5:colcon.colcon_core.verb:set package 'my_cpp_pkg' build argument 'cmake_force_configure' from command line to 'False'
[0.330s] Level 5:colcon.colcon_core.verb:set package 'my_cpp_pkg' build argument 'ament_cmake_args' from command line to 'None'
[0.330s] Level 5:colcon.colcon_core.verb:set package 'my_cpp_pkg' build argument 'catkin_cmake_args' from command line to 'None'
[0.330s] Level 5:colcon.colcon_core.verb:set package 'my_cpp_pkg' build argument 'catkin_skip_building_tests' from command line to 'False'
[0.330s] DEBUG:colcon.colcon_core.verb:Building package 'my_cpp_pkg' with the following arguments: {'ament_cmake_args': None, 'build_base': '/home/two-asus/ros2_ws/build/my_cpp_pkg', 'catkin_cmake_args': None, 'catkin_skip_building_tests': False, 'cmake_args': None, 'cmake_clean_cache': False, 'cmake_clean_first': False, 'cmake_force_configure': False, 'cmake_target': None, 'cmake_target_skip_unavailable': False, 'install_base': '/home/two-asus/ros2_ws/install/my_cpp_pkg', 'merge_install': False, 'path': '/home/two-asus/ros2_ws/src/my_cpp_pkg', 'symlink_install': False, 'test_result_base': None}
[0.331s] Level 5:colcon.colcon_core.verb:set package 'my_py_pkg' build argument 'cmake_args' from command line to 'None'
[0.331s] Level 5:colcon.colcon_core.verb:set package 'my_py_pkg' build argument 'cmake_target' from command line to 'None'
[0.331s] Level 5:colcon.colcon_core.verb:set package 'my_py_pkg' build argument 'cmake_target_skip_unavailable' from command line to 'False'
[0.331s] Level 5:colcon.colcon_core.verb:set package 'my_py_pkg' build argument 'cmake_clean_cache' from command line to 'False'
[0.331s] Level 5:colcon.colcon_core.verb:set package 'my_py_pkg' build argument 'cmake_clean_first' from command line to 'False'
[0.331s] Level 5:colcon.colcon_core.verb:set package 'my_py_pkg' build argument 'cmake_force_configure' from command line to 'False'
[0.331s] Level 5:colcon.colcon_core.verb:set package 'my_py_pkg' build argument 'ament_cmake_args' from command line to 'None'
[0.331s] Level 5:colcon.colcon_core.verb:set package 'my_py_pkg' build argument 'catkin_cmake_args' from command line to 'None'
[0.331s] Level 5:colcon.colcon_core.verb:set package 'my_py_pkg' build argument 'catkin_skip_building_tests' from command line to 'False'
[0.331s] DEBUG:colcon.colcon_core.verb:Building package 'my_py_pkg' with the following arguments: {'ament_cmake_args': None, 'build_base': '/home/two-asus/ros2_ws/build/my_py_pkg', 'catkin_cmake_args': None, 'catkin_skip_building_tests': False, 'cmake_args': None, 'cmake_clean_cache': False, 'cmake_clean_first': False, 'cmake_force_configure': False, 'cmake_target': None, 'cmake_target_skip_unavailable': False, 'install_base': '/home/two-asus/ros2_ws/install/my_py_pkg', 'merge_install': False, 'path': '/home/two-asus/ros2_ws/src/my_py_pkg', 'symlink_install': False, 'test_result_base': None}
[0.331s] Level 5:colcon.colcon_core.verb:set package 'turtlesim_catch_them_all' build argument 'cmake_args' from command line to 'None'
[0.331s] Level 5:colcon.colcon_core.verb:set package 'turtlesim_catch_them_all' build argument 'cmake_target' from command line to 'None'
[0.331s] Level 5:colcon.colcon_core.verb:set package 'turtlesim_catch_them_all' build argument 'cmake_target_skip_unavailable' from command line to 'False'
[0.331s] Level 5:colcon.colcon_core.verb:set package 'turtlesim_catch_them_all' build argument 'cmake_clean_cache' from command line to 'False'
[0.331s] Level 5:colcon.colcon_core.verb:set package 'turtlesim_catch_them_all' build argument 'cmake_clean_first' from command line to 'False'
[0.331s] Level 5:colcon.colcon_core.verb:set package 'turtlesim_catch_them_all' build argument 'cmake_force_configure' from command line to 'False'
[0.331s] Level 5:colcon.colcon_core.verb:set package 'turtlesim_catch_them_all' build argument 'ament_cmake_args' from command line to 'None'
[0.331s] Level 5:colcon.colcon_core.verb:set package 'turtlesim_catch_them_all' build argument 'catkin_cmake_args' from command line to 'None'
[0.331s] Level 5:colcon.colcon_core.verb:set package 'turtlesim_catch_them_all' build argument 'catkin_skip_building_tests' from command line to 'False'
[0.331s] DEBUG:colcon.colcon_core.verb:Building package 'turtlesim_catch_them_all' with the following arguments: {'ament_cmake_args': None, 'build_base': '/home/two-asus/ros2_ws/build/turtlesim_catch_them_all', 'catkin_cmake_args': None, 'catkin_skip_building_tests': False, 'cmake_args': None, 'cmake_clean_cache': False, 'cmake_clean_first': False, 'cmake_force_configure': False, 'cmake_target': None, 'cmake_target_skip_unavailable': False, 'install_base': '/home/two-asus/ros2_ws/install/turtlesim_catch_them_all', 'merge_install': False, 'path': '/home/two-asus/ros2_ws/src/turtlesim_catch_them_all', 'symlink_install': False, 'test_result_base': None}
[0.331s] Level 5:colcon.colcon_core.verb:set package 'my_robot_bringup' build argument 'cmake_args' from command line to 'None'
[0.331s] Level 5:colcon.colcon_core.verb:set package 'my_robot_bringup' build argument 'cmake_target' from command line to 'None'
[0.331s] Level 5:colcon.colcon_core.verb:set package 'my_robot_bringup' build argument 'cmake_target_skip_unavailable' from command line to 'False'
[0.331s] Level 5:colcon.colcon_core.verb:set package 'my_robot_bringup' build argument 'cmake_clean_cache' from command line to 'False'
[0.331s] Level 5:colcon.colcon_core.verb:set package 'my_robot_bringup' build argument 'cmake_clean_first' from command line to 'False'
[0.331s] Level 5:colcon.colcon_core.verb:set package 'my_robot_bringup' build argument 'cmake_force_configure' from command line to 'False'
[0.331s] Level 5:colcon.colcon_core.verb:set package 'my_robot_bringup' build argument 'ament_cmake_args' from command line to 'None'
[0.331s] Level 5:colcon.colcon_core.verb:set package 'my_robot_bringup' build argument 'catkin_cmake_args' from command line to 'None'
[0.331s] Level 5:colcon.colcon_core.verb:set package 'my_robot_bringup' build argument 'catkin_skip_building_tests' from command line to 'False'
[0.332s] DEBUG:colcon.colcon_core.verb:Building package 'my_robot_bringup' with the following arguments: {'ament_cmake_args': None, 'build_base': '/home/two-asus/ros2_ws/build/my_robot_bringup', 'catkin_cmake_args': None, 'catkin_skip_building_tests': False, 'cmake_args': None, 'cmake_clean_cache': False, 'cmake_clean_first': False, 'cmake_force_configure': False, 'cmake_target': None, 'cmake_target_skip_unavailable': False, 'install_base': '/home/two-asus/ros2_ws/install/my_robot_bringup', 'merge_install': False, 'path': '/home/two-asus/ros2_ws/src/my_robot_bringup', 'symlink_install': False, 'test_result_base': None}
[0.332s] INFO:colcon.colcon_core.executor:Executing jobs using 'parallel' executor
[0.333s] DEBUG:colcon.colcon_parallel_executor.executor.parallel:run_until_complete
[0.333s] INFO:colcon.colcon_ros.task.ament_cmake.build:Building ROS package in '/home/two-asus/ros2_ws/src/my_robot_interfaces' with build type 'ament_cmake'
[0.333s] INFO:colcon.colcon_cmake.task.cmake.build:Building CMake package in '/home/two-asus/ros2_ws/src/my_robot_interfaces'
[0.335s] INFO:colcon.colcon_core.plugin_system:Skipping extension 'colcon_core.shell.bat': Not used on non-Windows systems
[0.335s] INFO:colcon.colcon_core.shell:Skip shell extension 'powershell' for command environment: Not usable outside of PowerShell
[0.335s] DEBUG:colcon.colcon_core.shell:Skip shell extension 'dsv' for command environment
[0.344s] DEBUG:colcon.colcon_core.event_handler.log_command:Invoking command in '/home/two-asus/ros2_ws/build/my_robot_interfaces': CMAKE_PREFIX_PATH=${CMAKE_PREFIX_PATH}:/home/two-asus/ros2_ws/install/turtlesim_catch_them_all:/home/two-asus/ros2_ws/install/my_py_pkg:/opt/ros/humble /usr/bin/cmake --build /home/two-asus/ros2_ws/build/my_robot_interfaces -- -j16 -l16
[4.170s] DEBUG:colcon.colcon_core.event_handler.log_command:Invoked command in '/home/two-asus/ros2_ws/build/my_robot_interfaces' returned '0': CMAKE_PREFIX_PATH=${CMAKE_PREFIX_PATH}:/home/two-asus/ros2_ws/install/turtlesim_catch_them_all:/home/two-asus/ros2_ws/install/my_py_pkg:/opt/ros/humble /usr/bin/cmake --build /home/two-asus/ros2_ws/build/my_robot_interfaces -- -j16 -l16
[4.284s] DEBUG:colcon.colcon_core.event_handler.log_command:Invoking command in '/home/two-asus/ros2_ws/build/my_robot_interfaces': CMAKE_PREFIX_PATH=${CMAKE_PREFIX_PATH}:/home/two-asus/ros2_ws/install/turtlesim_catch_them_all:/home/two-asus/ros2_ws/install/my_py_pkg:/opt/ros/humble /usr/bin/cmake --install /home/two-asus/ros2_ws/build/my_robot_interfaces
[4.367s] Level 1:colcon.colcon_core.environment:create_environment_scripts_only(my_robot_interfaces)
[4.368s] DEBUG:colcon.colcon_core.event_handler.log_command:Invoked command in '/home/two-asus/ros2_ws/build/my_robot_interfaces' returned '0': CMAKE_PREFIX_PATH=${CMAKE_PREFIX_PATH}:/home/two-asus/ros2_ws/install/turtlesim_catch_them_all:/home/two-asus/ros2_ws/install/my_py_pkg:/opt/ros/humble /usr/bin/cmake --install /home/two-asus/ros2_ws/build/my_robot_interfaces
[4.370s] Level 1:colcon.colcon_core.environment:checking '/home/two-asus/ros2_ws/install/my_robot_interfaces' for CMake module files
[4.370s] Level 1:colcon.colcon_core.environment:checking '/home/two-asus/ros2_ws/install/my_robot_interfaces' for CMake config files
[4.371s] Level 1:colcon.colcon_core.shell:create_environment_hook('my_robot_interfaces', 'cmake_prefix_path')
[4.371s] INFO:colcon.colcon_core.shell:Creating environment hook '/home/two-asus/ros2_ws/install/my_robot_interfaces/share/my_robot_interfaces/hook/cmake_prefix_path.ps1'
[4.372s] INFO:colcon.colcon_core.shell:Creating environment descriptor '/home/two-asus/ros2_ws/install/my_robot_interfaces/share/my_robot_interfaces/hook/cmake_prefix_path.dsv'
[4.372s] INFO:colcon.colcon_core.shell:Creating environment hook '/home/two-asus/ros2_ws/install/my_robot_interfaces/share/my_robot_interfaces/hook/cmake_prefix_path.sh'
[4.373s] Level 1:colcon.colcon_core.environment:checking '/home/two-asus/ros2_ws/install/my_robot_interfaces/lib'
[4.373s] Level 1:colcon.colcon_core.shell:create_environment_hook('my_robot_interfaces', 'ld_library_path_lib')
[4.374s] INFO:colcon.colcon_core.shell:Creating environment hook '/home/two-asus/ros2_ws/install/my_robot_interfaces/share/my_robot_interfaces/hook/ld_library_path_lib.ps1'
[4.374s] INFO:colcon.colcon_core.shell:Creating environment descriptor '/home/two-asus/ros2_ws/install/my_robot_interfaces/share/my_robot_interfaces/hook/ld_library_path_lib.dsv'
[4.374s] INFO:colcon.colcon_core.shell:Creating environment hook '/home/two-asus/ros2_ws/install/my_robot_interfaces/share/my_robot_interfaces/hook/ld_library_path_lib.sh'
[4.375s] Level 1:colcon.colcon_core.environment:checking '/home/two-asus/ros2_ws/install/my_robot_interfaces/bin'
[4.375s] Level 1:colcon.colcon_core.environment:checking '/home/two-asus/ros2_ws/install/my_robot_interfaces/lib/pkgconfig/my_robot_interfaces.pc'
[4.375s] Level 1:colcon.colcon_core.environment:checking '/home/two-asus/ros2_ws/install/my_robot_interfaces/lib/python3.10/site-packages'
[4.375s] Level 1:colcon.colcon_core.environment:checking '/home/two-asus/ros2_ws/install/my_robot_interfaces/bin'
[4.376s] INFO:colcon.colcon_core.shell:Creating package script '/home/two-asus/ros2_ws/install/my_robot_interfaces/share/my_robot_interfaces/package.ps1'
[4.376s] INFO:colcon.colcon_core.shell:Creating package descriptor '/home/two-asus/ros2_ws/install/my_robot_interfaces/share/my_robot_interfaces/package.dsv'
[4.377s] INFO:colcon.colcon_core.shell:Creating package script '/home/two-asus/ros2_ws/install/my_robot_interfaces/share/my_robot_interfaces/package.sh'
[4.377s] INFO:colcon.colcon_core.shell:Creating package script '/home/two-asus/ros2_ws/install/my_robot_interfaces/share/my_robot_interfaces/package.bash'
[4.378s] INFO:colcon.colcon_core.shell:Creating package script '/home/two-asus/ros2_ws/install/my_robot_interfaces/share/my_robot_interfaces/package.zsh'
[4.379s] Level 1:colcon.colcon_core.environment:create_file_with_runtime_dependencies(/home/two-asus/ros2_ws/install/my_robot_interfaces/share/colcon-core/packages/my_robot_interfaces)
[4.484s] Level 1:colcon.colcon_core.environment:create_environment_scripts_only(my_robot_interfaces)
[4.485s] Level 1:colcon.colcon_core.environment:checking '/home/two-asus/ros2_ws/install/my_robot_interfaces' for CMake module files
[4.486s] Level 1:colcon.colcon_core.environment:checking '/home/two-asus/ros2_ws/install/my_robot_interfaces' for CMake config files
[4.487s] Level 1:colcon.colcon_core.shell:create_environment_hook('my_robot_interfaces', 'cmake_prefix_path')
[4.487s] INFO:colcon.colcon_core.shell:Creating environment hook '/home/two-asus/ros2_ws/install/my_robot_interfaces/share/my_robot_interfaces/hook/cmake_prefix_path.ps1'
[4.488s] INFO:colcon.colcon_core.shell:Creating environment descriptor '/home/two-asus/ros2_ws/install/my_robot_interfaces/share/my_robot_interfaces/hook/cmake_prefix_path.dsv'
[4.488s] INFO:colcon.colcon_core.shell:Creating environment hook '/home/two-asus/ros2_ws/install/my_robot_interfaces/share/my_robot_interfaces/hook/cmake_prefix_path.sh'
[4.489s] Level 1:colcon.colcon_core.environment:checking '/home/two-asus/ros2_ws/install/my_robot_interfaces/lib'
[4.489s] Level 1:colcon.colcon_core.shell:create_environment_hook('my_robot_interfaces', 'ld_library_path_lib')
[4.490s] INFO:colcon.colcon_core.shell:Creating environment hook '/home/two-asus/ros2_ws/install/my_robot_interfaces/share/my_robot_interfaces/hook/ld_library_path_lib.ps1'
[4.490s] INFO:colcon.colcon_core.shell:Creating environment descriptor '/home/two-asus/ros2_ws/install/my_robot_interfaces/share/my_robot_interfaces/hook/ld_library_path_lib.dsv'
[4.491s] INFO:colcon.colcon_core.shell:Creating environment hook '/home/two-asus/ros2_ws/install/my_robot_interfaces/share/my_robot_interfaces/hook/ld_library_path_lib.sh'
[4.491s] Level 1:colcon.colcon_core.environment:checking '/home/two-asus/ros2_ws/install/my_robot_interfaces/bin'
[4.491s] Level 1:colcon.colcon_core.environment:checking '/home/two-asus/ros2_ws/install/my_robot_interfaces/lib/pkgconfig/my_robot_interfaces.pc'
[4.492s] Level 1:colcon.colcon_core.environment:checking '/home/two-asus/ros2_ws/install/my_robot_interfaces/lib/python3.10/site-packages'
[4.492s] Level 1:colcon.colcon_core.environment:checking '/home/two-asus/ros2_ws/install/my_robot_interfaces/bin'
[4.493s] INFO:colcon.colcon_core.shell:Creating package script '/home/two-asus/ros2_ws/install/my_robot_interfaces/share/my_robot_interfaces/package.ps1'
[4.493s] INFO:colcon.colcon_core.shell:Creating package descriptor '/home/two-asus/ros2_ws/install/my_robot_interfaces/share/my_robot_interfaces/package.dsv'
[4.494s] INFO:colcon.colcon_core.shell:Creating package script '/home/two-asus/ros2_ws/install/my_robot_interfaces/share/my_robot_interfaces/package.sh'
[4.495s] INFO:colcon.colcon_core.shell:Creating package script '/home/two-asus/ros2_ws/install/my_robot_interfaces/share/my_robot_interfaces/package.bash'
[4.495s] INFO:colcon.colcon_core.shell:Creating package script '/home/two-asus/ros2_ws/install/my_robot_interfaces/share/my_robot_interfaces/package.zsh'
[4.496s] Level 1:colcon.colcon_core.environment:create_file_with_runtime_dependencies(/home/two-asus/ros2_ws/install/my_robot_interfaces/share/colcon-core/packages/my_robot_interfaces)
[4.496s] INFO:colcon.colcon_ros.task.ament_cmake.build:Building ROS package in '/home/two-asus/ros2_ws/src/my_cpp_pkg' with build type 'ament_cmake'
[4.497s] INFO:colcon.colcon_cmake.task.cmake.build:Building CMake package in '/home/two-asus/ros2_ws/src/my_cpp_pkg'
[4.497s] INFO:colcon.colcon_core.shell:Skip shell extension 'powershell' for command environment: Not usable outside of PowerShell
[4.497s] DEBUG:colcon.colcon_core.shell:Skip shell extension 'dsv' for command environment
[4.503s] INFO:colcon.colcon_ros.task.ament_python.build:Building ROS package in '/home/two-asus/ros2_ws/src/my_py_pkg' with build type 'ament_python'
[4.503s] Level 1:colcon.colcon_core.shell:create_environment_hook('my_py_pkg', 'ament_prefix_path')
[4.504s] INFO:colcon.colcon_core.shell:Creating environment hook '/home/two-asus/ros2_ws/install/my_py_pkg/share/my_py_pkg/hook/ament_prefix_path.ps1'
[4.504s] INFO:colcon.colcon_core.shell:Creating environment descriptor '/home/two-asus/ros2_ws/install/my_py_pkg/share/my_py_pkg/hook/ament_prefix_path.dsv'
[4.505s] INFO:colcon.colcon_core.shell:Creating environment hook '/home/two-asus/ros2_ws/install/my_py_pkg/share/my_py_pkg/hook/ament_prefix_path.sh'
[4.506s] INFO:colcon.colcon_core.shell:Skip shell extension 'powershell' for command environment: Not usable outside of PowerShell
[4.506s] DEBUG:colcon.colcon_core.shell:Skip shell extension 'dsv' for command environment
[4.511s] INFO:colcon.colcon_ros.task.ament_python.build:Building ROS package in '/home/two-asus/ros2_ws/src/turtlesim_catch_them_all' with build type 'ament_python'
[4.511s] Level 1:colcon.colcon_core.shell:create_environment_hook('turtlesim_catch_them_all', 'ament_prefix_path')
[4.512s] INFO:colcon.colcon_core.shell:Creating environment hook '/home/two-asus/ros2_ws/install/turtlesim_catch_them_all/share/turtlesim_catch_them_all/hook/ament_prefix_path.ps1'
[4.512s] INFO:colcon.colcon_core.shell:Creating environment descriptor '/home/two-asus/ros2_ws/install/turtlesim_catch_them_all/share/turtlesim_catch_them_all/hook/ament_prefix_path.dsv'
[4.513s] INFO:colcon.colcon_core.shell:Creating environment hook '/home/two-asus/ros2_ws/install/turtlesim_catch_them_all/share/turtlesim_catch_them_all/hook/ament_prefix_path.sh'
[4.514s] INFO:colcon.colcon_core.shell:Skip shell extension 'powershell' for command environment: Not usable outside of PowerShell
[4.514s] DEBUG:colcon.colcon_core.shell:Skip shell extension 'dsv' for command environment
[4.645s] DEBUG:colcon.colcon_core.event_handler.log_command:Invoking command in '/home/two-asus/ros2_ws/build/my_cpp_pkg': CMAKE_PREFIX_PATH=/home/two-asus/ros2_ws/install/my_robot_interfaces:/home/two-asus/ros2_ws/install/my_robot_bringup:/home/two-asus/ros2_ws/install/my_cpp_pkg:/home/two-asus/ros2_ws/install/turtlesim_catch_them_all:/home/two-asus/ros2_ws/install/my_py_pkg:/opt/ros/humble /usr/bin/cmake --build /home/two-asus/ros2_ws/build/my_cpp_pkg -- -j16 -l16
[4.885s] INFO:colcon.colcon_core.task.python.build:Building Python package in '/home/two-asus/ros2_ws/src/my_py_pkg'
[4.885s] INFO:colcon.colcon_core.shell:Skip shell extension 'powershell' for command environment: Not usable outside of PowerShell
[4.885s] DEBUG:colcon.colcon_core.shell:Skip shell extension 'dsv' for command environment
[5.134s] INFO:colcon.colcon_core.task.python.build:Building Python package in '/home/two-asus/ros2_ws/src/turtlesim_catch_them_all'
[5.134s] INFO:colcon.colcon_core.shell:Skip shell extension 'powershell' for command environment: Not usable outside of PowerShell
[5.134s] DEBUG:colcon.colcon_core.shell:Skip shell extension 'dsv' for command environment
[5.517s] DEBUG:colcon.colcon_core.event_handler.log_command:Invoking command in '/home/two-asus/ros2_ws/src/my_py_pkg': CMAKE_PREFIX_PATH=/home/two-asus/ros2_ws/install/my_robot_interfaces:/home/two-asus/ros2_ws/install/my_robot_bringup:/home/two-asus/ros2_ws/install/my_cpp_pkg PYTHONPATH=/home/two-asus/ros2_ws/build/my_py_pkg/prefix_override:/home/two-asus/ros2_ws/install/my_py_pkg/lib/python3.10/site-packages:${PYTHONPATH} /usr/bin/python3 -W ignore:setup.py install is deprecated setup.py egg_info --egg-base ../../build/my_py_pkg build --build-base /home/two-asus/ros2_ws/build/my_py_pkg/build install --record /home/two-asus/ros2_ws/build/my_py_pkg/install.log --single-version-externally-managed install_data
[5.596s] DEBUG:colcon.colcon_core.event_handler.log_command:Invoking command in '/home/two-asus/ros2_ws/src/turtlesim_catch_them_all': CMAKE_PREFIX_PATH=/home/two-asus/ros2_ws/install/my_robot_interfaces:/home/two-asus/ros2_ws/install/my_robot_bringup:/home/two-asus/ros2_ws/install/my_cpp_pkg PYTHONPATH=/home/two-asus/ros2_ws/build/turtlesim_catch_them_all/prefix_override:/home/two-asus/ros2_ws/install/turtlesim_catch_them_all/lib/python3.10/site-packages:${PYTHONPATH} /usr/bin/python3 -W ignore:setup.py install is deprecated setup.py egg_info --egg-base ../../build/turtlesim_catch_them_all build --build-base /home/two-asus/ros2_ws/build/turtlesim_catch_them_all/build install --record /home/two-asus/ros2_ws/build/turtlesim_catch_them_all/install.log --single-version-externally-managed install_data
[5.823s] Level 1:colcon.colcon_core.environment:checking '/home/two-asus/ros2_ws/install/my_py_pkg' for CMake module files
[5.824s] DEBUG:colcon.colcon_core.event_handler.log_command:Invoked command in '/home/two-asus/ros2_ws/src/my_py_pkg' returned '0': CMAKE_PREFIX_PATH=/home/two-asus/ros2_ws/install/my_robot_interfaces:/home/two-asus/ros2_ws/install/my_robot_bringup:/home/two-asus/ros2_ws/install/my_cpp_pkg PYTHONPATH=/home/two-asus/ros2_ws/build/my_py_pkg/prefix_override:/home/two-asus/ros2_ws/install/my_py_pkg/lib/python3.10/site-packages:${PYTHONPATH} /usr/bin/python3 -W ignore:setup.py install is deprecated setup.py egg_info --egg-base ../../build/my_py_pkg build --build-base /home/two-asus/ros2_ws/build/my_py_pkg/build install --record /home/two-asus/ros2_ws/build/my_py_pkg/install.log --single-version-externally-managed install_data
[5.824s] Level 1:colcon.colcon_core.environment:checking '/home/two-asus/ros2_ws/install/my_py_pkg' for CMake config files
[5.824s] Level 1:colcon.colcon_core.environment:checking '/home/two-asus/ros2_ws/install/my_py_pkg/lib'
[5.825s] Level 1:colcon.colcon_core.environment:checking '/home/two-asus/ros2_ws/install/my_py_pkg/bin'
[5.825s] Level 1:colcon.colcon_core.environment:checking '/home/two-asus/ros2_ws/install/my_py_pkg/lib/pkgconfig/my_py_pkg.pc'
[5.825s] Level 1:colcon.colcon_core.environment:checking '/home/two-asus/ros2_ws/install/my_py_pkg/lib/python3.10/site-packages'
[5.825s] Level 1:colcon.colcon_core.shell:create_environment_hook('my_py_pkg', 'pythonpath')
[5.825s] INFO:colcon.colcon_core.shell:Creating environment hook '/home/two-asus/ros2_ws/install/my_py_pkg/share/my_py_pkg/hook/pythonpath.ps1'
[5.826s] INFO:colcon.colcon_core.shell:Creating environment descriptor '/home/two-asus/ros2_ws/install/my_py_pkg/share/my_py_pkg/hook/pythonpath.dsv'
[5.826s] INFO:colcon.colcon_core.shell:Creating environment hook '/home/two-asus/ros2_ws/install/my_py_pkg/share/my_py_pkg/hook/pythonpath.sh'
[5.827s] Level 1:colcon.colcon_core.environment:checking '/home/two-asus/ros2_ws/install/my_py_pkg/bin'
[5.827s] Level 1:colcon.colcon_core.environment:create_environment_scripts_only(my_py_pkg)
[5.827s] INFO:colcon.colcon_core.shell:Creating package script '/home/two-asus/ros2_ws/install/my_py_pkg/share/my_py_pkg/package.ps1'
[5.827s] INFO:colcon.colcon_core.shell:Creating package descriptor '/home/two-asus/ros2_ws/install/my_py_pkg/share/my_py_pkg/package.dsv'
[5.828s] INFO:colcon.colcon_core.shell:Creating package script '/home/two-asus/ros2_ws/install/my_py_pkg/share/my_py_pkg/package.sh'
[5.828s] INFO:colcon.colcon_core.shell:Creating package script '/home/two-asus/ros2_ws/install/my_py_pkg/share/my_py_pkg/package.bash'
[5.829s] INFO:colcon.colcon_core.shell:Creating package script '/home/two-asus/ros2_ws/install/my_py_pkg/share/my_py_pkg/package.zsh'
[5.829s] Level 1:colcon.colcon_core.environment:create_file_with_runtime_dependencies(/home/two-asus/ros2_ws/install/my_py_pkg/share/colcon-core/packages/my_py_pkg)
[5.892s] Level 1:colcon.colcon_core.environment:checking '/home/two-asus/ros2_ws/install/turtlesim_catch_them_all' for CMake module files
[5.893s] DEBUG:colcon.colcon_core.event_handler.log_command:Invoked command in '/home/two-asus/ros2_ws/src/turtlesim_catch_them_all' returned '0': CMAKE_PREFIX_PATH=/home/two-asus/ros2_ws/install/my_robot_interfaces:/home/two-asus/ros2_ws/install/my_robot_bringup:/home/two-asus/ros2_ws/install/my_cpp_pkg PYTHONPATH=/home/two-asus/ros2_ws/build/turtlesim_catch_them_all/prefix_override:/home/two-asus/ros2_ws/install/turtlesim_catch_them_all/lib/python3.10/site-packages:${PYTHONPATH} /usr/bin/python3 -W ignore:setup.py install is deprecated setup.py egg_info --egg-base ../../build/turtlesim_catch_them_all build --build-base /home/two-asus/ros2_ws/build/turtlesim_catch_them_all/build install --record /home/two-asus/ros2_ws/build/turtlesim_catch_them_all/install.log --single-version-externally-managed install_data
[5.893s] Level 1:colcon.colcon_core.environment:checking '/home/two-asus/ros2_ws/install/turtlesim_catch_them_all' for CMake config files
[5.894s] Level 1:colcon.colcon_core.environment:checking '/home/two-asus/ros2_ws/install/turtlesim_catch_them_all/lib'
[5.894s] Level 1:colcon.colcon_core.environment:checking '/home/two-asus/ros2_ws/install/turtlesim_catch_them_all/bin'
[5.894s] Level 1:colcon.colcon_core.environment:checking '/home/two-asus/ros2_ws/install/turtlesim_catch_them_all/lib/pkgconfig/turtlesim_catch_them_all.pc'
[5.894s] Level 1:colcon.colcon_core.environment:checking '/home/two-asus/ros2_ws/install/turtlesim_catch_them_all/lib/python3.10/site-packages'
[5.894s] Level 1:colcon.colcon_core.shell:create_environment_hook('turtlesim_catch_them_all', 'pythonpath')
[5.894s] INFO:colcon.colcon_core.shell:Creating environment hook '/home/two-asus/ros2_ws/install/turtlesim_catch_them_all/share/turtlesim_catch_them_all/hook/pythonpath.ps1'
[5.895s] INFO:colcon.colcon_core.shell:Creating environment descriptor '/home/two-asus/ros2_ws/install/turtlesim_catch_them_all/share/turtlesim_catch_them_all/hook/pythonpath.dsv'
[5.895s] INFO:colcon.colcon_core.shell:Creating environment hook '/home/two-asus/ros2_ws/install/turtlesim_catch_them_all/share/turtlesim_catch_them_all/hook/pythonpath.sh'
[5.896s] Level 1:colcon.colcon_core.environment:checking '/home/two-asus/ros2_ws/install/turtlesim_catch_them_all/bin'
[5.896s] Level 1:colcon.colcon_core.environment:create_environment_scripts_only(turtlesim_catch_them_all)
[5.896s] INFO:colcon.colcon_core.shell:Creating package script '/home/two-asus/ros2_ws/install/turtlesim_catch_them_all/share/turtlesim_catch_them_all/package.ps1'
[5.897s] INFO:colcon.colcon_core.shell:Creating package descriptor '/home/two-asus/ros2_ws/install/turtlesim_catch_them_all/share/turtlesim_catch_them_all/package.dsv'
[5.897s] INFO:colcon.colcon_core.shell:Creating package script '/home/two-asus/ros2_ws/install/turtlesim_catch_them_all/share/turtlesim_catch_them_all/package.sh'
[5.897s] INFO:colcon.colcon_core.shell:Creating package script '/home/two-asus/ros2_ws/install/turtlesim_catch_them_all/share/turtlesim_catch_them_all/package.bash'
[5.898s] INFO:colcon.colcon_core.shell:Creating package script '/home/two-asus/ros2_ws/install/turtlesim_catch_them_all/share/turtlesim_catch_them_all/package.zsh'
[5.898s] Level 1:colcon.colcon_core.environment:create_file_with_runtime_dependencies(/home/two-asus/ros2_ws/install/turtlesim_catch_them_all/share/colcon-core/packages/turtlesim_catch_them_all)
[17.262s] DEBUG:colcon.colcon_core.event_handler.log_command:Invoked command in '/home/two-asus/ros2_ws/build/my_cpp_pkg' returned '0': CMAKE_PREFIX_PATH=/home/two-asus/ros2_ws/install/my_robot_interfaces:/home/two-asus/ros2_ws/install/my_robot_bringup:/home/two-asus/ros2_ws/install/my_cpp_pkg:/home/two-asus/ros2_ws/install/turtlesim_catch_them_all:/home/two-asus/ros2_ws/install/my_py_pkg:/opt/ros/humble /usr/bin/cmake --build /home/two-asus/ros2_ws/build/my_cpp_pkg -- -j16 -l16
[17.299s] DEBUG:colcon.colcon_core.event_handler.log_command:Invoking command in '/home/two-asus/ros2_ws/build/my_cpp_pkg': CMAKE_PREFIX_PATH=/home/two-asus/ros2_ws/install/my_robot_interfaces:/home/two-asus/ros2_ws/install/my_robot_bringup:/home/two-asus/ros2_ws/install/my_cpp_pkg:/home/two-asus/ros2_ws/install/turtlesim_catch_them_all:/home/two-asus/ros2_ws/install/my_py_pkg:/opt/ros/humble /usr/bin/cmake --install /home/two-asus/ros2_ws/build/my_cpp_pkg
[17.312s] Level 1:colcon.colcon_core.environment:create_environment_scripts_only(my_cpp_pkg)
[17.313s] Level 1:colcon.colcon_core.environment:checking '/home/two-asus/ros2_ws/install/my_cpp_pkg' for CMake module files
[17.313s] DEBUG:colcon.colcon_core.event_handler.log_command:Invoked command in '/home/two-asus/ros2_ws/build/my_cpp_pkg' returned '0': CMAKE_PREFIX_PATH=/home/two-asus/ros2_ws/install/my_robot_interfaces:/home/two-asus/ros2_ws/install/my_robot_bringup:/home/two-asus/ros2_ws/install/my_cpp_pkg:/home/two-asus/ros2_ws/install/turtlesim_catch_them_all:/home/two-asus/ros2_ws/install/my_py_pkg:/opt/ros/humble /usr/bin/cmake --install /home/two-asus/ros2_ws/build/my_cpp_pkg
[17.314s] Level 1:colcon.colcon_core.environment:checking '/home/two-asus/ros2_ws/install/my_cpp_pkg' for CMake config files
[17.314s] Level 1:colcon.colcon_core.shell:create_environment_hook('my_cpp_pkg', 'cmake_prefix_path')
[17.314s] INFO:colcon.colcon_core.shell:Creating environment hook '/home/two-asus/ros2_ws/install/my_cpp_pkg/share/my_cpp_pkg/hook/cmake_prefix_path.ps1'
[17.314s] INFO:colcon.colcon_core.shell:Creating environment descriptor '/home/two-asus/ros2_ws/install/my_cpp_pkg/share/my_cpp_pkg/hook/cmake_prefix_path.dsv'
[17.315s] INFO:colcon.colcon_core.shell:Creating environment hook '/home/two-asus/ros2_ws/install/my_cpp_pkg/share/my_cpp_pkg/hook/cmake_prefix_path.sh'
[17.315s] Level 1:colcon.colcon_core.environment:checking '/home/two-asus/ros2_ws/install/my_cpp_pkg/lib'
[17.315s] Level 1:colcon.colcon_core.environment:checking '/home/two-asus/ros2_ws/install/my_cpp_pkg/bin'
[17.315s] Level 1:colcon.colcon_core.environment:checking '/home/two-asus/ros2_ws/install/my_cpp_pkg/lib/pkgconfig/my_cpp_pkg.pc'
[17.316s] Level 1:colcon.colcon_core.environment:checking '/home/two-asus/ros2_ws/install/my_cpp_pkg/lib/python3.10/site-packages'
[17.316s] Level 1:colcon.colcon_core.environment:checking '/home/two-asus/ros2_ws/install/my_cpp_pkg/bin'
[17.316s] INFO:colcon.colcon_core.shell:Creating package script '/home/two-asus/ros2_ws/install/my_cpp_pkg/share/my_cpp_pkg/package.ps1'
[17.317s] INFO:colcon.colcon_core.shell:Creating package descriptor '/home/two-asus/ros2_ws/install/my_cpp_pkg/share/my_cpp_pkg/package.dsv'
[17.317s] INFO:colcon.colcon_core.shell:Creating package script '/home/two-asus/ros2_ws/install/my_cpp_pkg/share/my_cpp_pkg/package.sh'
[17.317s] INFO:colcon.colcon_core.shell:Creating package script '/home/two-asus/ros2_ws/install/my_cpp_pkg/share/my_cpp_pkg/package.bash'
[17.318s] INFO:colcon.colcon_core.shell:Creating package script '/home/two-asus/ros2_ws/install/my_cpp_pkg/share/my_cpp_pkg/package.zsh'
[17.318s] Level 1:colcon.colcon_core.environment:create_file_with_runtime_dependencies(/home/two-asus/ros2_ws/install/my_cpp_pkg/share/colcon-core/packages/my_cpp_pkg)
[17.355s] Level 1:colcon.colcon_core.environment:create_environment_scripts_only(my_cpp_pkg)
[17.356s] Level 1:colcon.colcon_core.environment:checking '/home/two-asus/ros2_ws/install/my_cpp_pkg' for CMake module files
[17.356s] Level 1:colcon.colcon_core.environment:checking '/home/two-asus/ros2_ws/install/my_cpp_pkg' for CMake config files
[17.356s] Level 1:colcon.colcon_core.shell:create_environment_hook('my_cpp_pkg', 'cmake_prefix_path')
[17.356s] INFO:colcon.colcon_core.shell:Creating environment hook '/home/two-asus/ros2_ws/install/my_cpp_pkg/share/my_cpp_pkg/hook/cmake_prefix_path.ps1'
[17.357s] INFO:colcon.colcon_core.shell:Creating environment descriptor '/home/two-asus/ros2_ws/install/my_cpp_pkg/share/my_cpp_pkg/hook/cmake_prefix_path.dsv'
[17.357s] INFO:colcon.colcon_core.shell:Creating environment hook '/home/two-asus/ros2_ws/install/my_cpp_pkg/share/my_cpp_pkg/hook/cmake_prefix_path.sh'
[17.358s] Level 1:colcon.colcon_core.environment:checking '/home/two-asus/ros2_ws/install/my_cpp_pkg/lib'
[17.358s] Level 1:colcon.colcon_core.environment:checking '/home/two-asus/ros2_ws/install/my_cpp_pkg/bin'
[17.358s] Level 1:colcon.colcon_core.environment:checking '/home/two-asus/ros2_ws/install/my_cpp_pkg/lib/pkgconfig/my_cpp_pkg.pc'
[17.358s] Level 1:colcon.colcon_core.environment:checking '/home/two-asus/ros2_ws/install/my_cpp_pkg/lib/python3.10/site-packages'
[17.358s] Level 1:colcon.colcon_core.environment:checking '/home/two-asus/ros2_ws/install/my_cpp_pkg/bin'
[17.359s] INFO:colcon.colcon_core.shell:Creating package script '/home/two-asus/ros2_ws/install/my_cpp_pkg/share/my_cpp_pkg/package.ps1'
[17.359s] INFO:colcon.colcon_core.shell:Creating package descriptor '/home/two-asus/ros2_ws/install/my_cpp_pkg/share/my_cpp_pkg/package.dsv'
[17.360s] INFO:colcon.colcon_core.shell:Creating package script '/home/two-asus/ros2_ws/install/my_cpp_pkg/share/my_cpp_pkg/package.sh'
[17.360s] INFO:colcon.colcon_core.shell:Creating package script '/home/two-asus/ros2_ws/install/my_cpp_pkg/share/my_cpp_pkg/package.bash'
[17.360s] INFO:colcon.colcon_core.shell:Creating package script '/home/two-asus/ros2_ws/install/my_cpp_pkg/share/my_cpp_pkg/package.zsh'
[17.361s] Level 1:colcon.colcon_core.environment:create_file_with_runtime_dependencies(/home/two-asus/ros2_ws/install/my_cpp_pkg/share/colcon-core/packages/my_cpp_pkg)
[17.361s] INFO:colcon.colcon_ros.task.ament_cmake.build:Building ROS package in '/home/two-asus/ros2_ws/src/my_robot_bringup' with build type 'ament_cmake'
[17.361s] INFO:colcon.colcon_cmake.task.cmake.build:Building CMake package in '/home/two-asus/ros2_ws/src/my_robot_bringup'
[17.362s] INFO:colcon.colcon_core.shell:Skip shell extension 'powershell' for command environment: Not usable outside of PowerShell
[17.362s] DEBUG:colcon.colcon_core.shell:Skip shell extension 'dsv' for command environment
[17.693s] DEBUG:colcon.colcon_core.event_handler.log_command:Invoking command in '/home/two-asus/ros2_ws/build/my_robot_bringup': AMENT_PREFIX_PATH=/home/two-asus/ros2_ws/install/my_py_pkg:/home/two-asus/ros2_ws/install/turtlesim_catch_them_all:/home/two-asus/ros2_ws/install/my_robot_bringup:/home/two-asus/ros2_ws/install/my_cpp_pkg:/home/two-asus/ros2_ws/install/my_robot_interfaces:/opt/ros/humble CMAKE_PREFIX_PATH=/home/two-asus/ros2_ws/install/my_cpp_pkg:/home/two-asus/ros2_ws/install/my_robot_interfaces:/home/two-asus/ros2_ws/install/my_robot_bringup:/home/two-asus/ros2_ws/install/turtlesim_catch_them_all:/home/two-asus/ros2_ws/install/my_py_pkg:/opt/ros/humble PYTHONPATH=/home/two-asus/ros2_ws/install/my_py_pkg/lib/python3.10/site-packages:/home/two-asus/ros2_ws/install/turtlesim_catch_them_all/lib/python3.10/site-packages:/home/two-asus/ros2_ws/install/my_robot_interfaces/local/lib/python3.10/dist-packages:/opt/ros/humble/lib/python3.10/site-packages:/opt/ros/humble/local/lib/python3.10/dist-packages /usr/bin/cmake --build /home/two-asus/ros2_ws/build/my_robot_bringup -- -j16 -l16
[17.722s] DEBUG:colcon.colcon_core.event_handler.log_command:Invoked command in '/home/two-asus/ros2_ws/build/my_robot_bringup' returned '0': AMENT_PREFIX_PATH=/home/two-asus/ros2_ws/install/my_py_pkg:/home/two-asus/ros2_ws/install/turtlesim_catch_them_all:/home/two-asus/ros2_ws/install/my_robot_bringup:/home/two-asus/ros2_ws/install/my_cpp_pkg:/home/two-asus/ros2_ws/install/my_robot_interfaces:/opt/ros/humble CMAKE_PREFIX_PATH=/home/two-asus/ros2_ws/install/my_cpp_pkg:/home/two-asus/ros2_ws/install/my_robot_interfaces:/home/two-asus/ros2_ws/install/my_robot_bringup:/home/two-asus/ros2_ws/install/turtlesim_catch_them_all:/home/two-asus/ros2_ws/install/my_py_pkg:/opt/ros/humble PYTHONPATH=/home/two-asus/ros2_ws/install/my_py_pkg/lib/python3.10/site-packages:/home/two-asus/ros2_ws/install/turtlesim_catch_them_all/lib/python3.10/site-packages:/home/two-asus/ros2_ws/install/my_robot_interfaces/local/lib/python3.10/dist-packages:/opt/ros/humble/lib/python3.10/site-packages:/opt/ros/humble/local/lib/python3.10/dist-packages /usr/bin/cmake --build /home/two-asus/ros2_ws/build/my_robot_bringup -- -j16 -l16
[17.741s] DEBUG:colcon.colcon_core.event_handler.log_command:Invoking command in '/home/two-asus/ros2_ws/build/my_robot_bringup': AMENT_PREFIX_PATH=/home/two-asus/ros2_ws/install/my_py_pkg:/home/two-asus/ros2_ws/install/turtlesim_catch_them_all:/home/two-asus/ros2_ws/install/my_robot_bringup:/home/two-asus/ros2_ws/install/my_cpp_pkg:/home/two-asus/ros2_ws/install/my_robot_interfaces:/opt/ros/humble CMAKE_PREFIX_PATH=/home/two-asus/ros2_ws/install/my_cpp_pkg:/home/two-asus/ros2_ws/install/my_robot_interfaces:/home/two-asus/ros2_ws/install/my_robot_bringup:/home/two-asus/ros2_ws/install/turtlesim_catch_them_all:/home/two-asus/ros2_ws/install/my_py_pkg:/opt/ros/humble PYTHONPATH=/home/two-asus/ros2_ws/install/my_py_pkg/lib/python3.10/site-packages:/home/two-asus/ros2_ws/install/turtlesim_catch_them_all/lib/python3.10/site-packages:/home/two-asus/ros2_ws/install/my_robot_interfaces/local/lib/python3.10/dist-packages:/opt/ros/humble/lib/python3.10/site-packages:/opt/ros/humble/local/lib/python3.10/dist-packages /usr/bin/cmake --install /home/two-asus/ros2_ws/build/my_robot_bringup
[17.750s] Level 1:colcon.colcon_core.environment:create_environment_scripts_only(my_robot_bringup)
[17.750s] Level 1:colcon.colcon_core.environment:checking '/home/two-asus/ros2_ws/install/my_robot_bringup' for CMake module files
[17.751s] DEBUG:colcon.colcon_core.event_handler.log_command:Invoked command in '/home/two-asus/ros2_ws/build/my_robot_bringup' returned '0': AMENT_PREFIX_PATH=/home/two-asus/ros2_ws/install/my_py_pkg:/home/two-asus/ros2_ws/install/turtlesim_catch_them_all:/home/two-asus/ros2_ws/install/my_robot_bringup:/home/two-asus/ros2_ws/install/my_cpp_pkg:/home/two-asus/ros2_ws/install/my_robot_interfaces:/opt/ros/humble CMAKE_PREFIX_PATH=/home/two-asus/ros2_ws/install/my_cpp_pkg:/home/two-asus/ros2_ws/install/my_robot_interfaces:/home/two-asus/ros2_ws/install/my_robot_bringup:/home/two-asus/ros2_ws/install/turtlesim_catch_them_all:/home/two-asus/ros2_ws/install/my_py_pkg:/opt/ros/humble PYTHONPATH=/home/two-asus/ros2_ws/install/my_py_pkg/lib/python3.10/site-packages:/home/two-asus/ros2_ws/install/turtlesim_catch_them_all/lib/python3.10/site-packages:/home/two-asus/ros2_ws/install/my_robot_interfaces/local/lib/python3.10/dist-packages:/opt/ros/humble/lib/python3.10/site-packages:/opt/ros/humble/local/lib/python3.10/dist-packages /usr/bin/cmake --install /home/two-asus/ros2_ws/build/my_robot_bringup
[17.752s] Level 1:colcon.colcon_core.environment:checking '/home/two-asus/ros2_ws/install/my_robot_bringup' for CMake config files
[17.752s] Level 1:colcon.colcon_core.shell:create_environment_hook('my_robot_bringup', 'cmake_prefix_path')
[17.752s] INFO:colcon.colcon_core.shell:Creating environment hook '/home/two-asus/ros2_ws/install/my_robot_bringup/share/my_robot_bringup/hook/cmake_prefix_path.ps1'
[17.753s] INFO:colcon.colcon_core.shell:Creating environment descriptor '/home/two-asus/ros2_ws/install/my_robot_bringup/share/my_robot_bringup/hook/cmake_prefix_path.dsv'
[17.753s] INFO:colcon.colcon_core.shell:Creating environment hook '/home/two-asus/ros2_ws/install/my_robot_bringup/share/my_robot_bringup/hook/cmake_prefix_path.sh'
[17.753s] Level 1:colcon.colcon_core.environment:checking '/home/two-asus/ros2_ws/install/my_robot_bringup/bin'
[17.753s] Level 1:colcon.colcon_core.environment:checking '/home/two-asus/ros2_ws/install/my_robot_bringup/lib/pkgconfig/my_robot_bringup.pc'
[17.754s] Level 1:colcon.colcon_core.environment:checking '/home/two-asus/ros2_ws/install/my_robot_bringup/lib/python3.10/site-packages'
[17.754s] Level 1:colcon.colcon_core.environment:checking '/home/two-asus/ros2_ws/install/my_robot_bringup/bin'
[17.754s] INFO:colcon.colcon_core.shell:Creating package script '/home/two-asus/ros2_ws/install/my_robot_bringup/share/my_robot_bringup/package.ps1'
[17.754s] INFO:colcon.colcon_core.shell:Creating package descriptor '/home/two-asus/ros2_ws/install/my_robot_bringup/share/my_robot_bringup/package.dsv'
[17.755s] INFO:colcon.colcon_core.shell:Creating package script '/home/two-asus/ros2_ws/install/my_robot_bringup/share/my_robot_bringup/package.sh'
[17.755s] INFO:colcon.colcon_core.shell:Creating package script '/home/two-asus/ros2_ws/install/my_robot_bringup/share/my_robot_bringup/package.bash'
[17.756s] INFO:colcon.colcon_core.shell:Creating package script '/home/two-asus/ros2_ws/install/my_robot_bringup/share/my_robot_bringup/package.zsh'
[17.756s] Level 1:colcon.colcon_core.environment:create_file_with_runtime_dependencies(/home/two-asus/ros2_ws/install/my_robot_bringup/share/colcon-core/packages/my_robot_bringup)
[17.773s] Level 1:colcon.colcon_core.environment:create_environment_scripts_only(my_robot_bringup)
[17.773s] Level 1:colcon.colcon_core.environment:checking '/home/two-asus/ros2_ws/install/my_robot_bringup' for CMake module files
[17.774s] Level 1:colcon.colcon_core.environment:checking '/home/two-asus/ros2_ws/install/my_robot_bringup' for CMake config files
[17.774s] Level 1:colcon.colcon_core.shell:create_environment_hook('my_robot_bringup', 'cmake_prefix_path')
[17.774s] INFO:colcon.colcon_core.shell:Creating environment hook '/home/two-asus/ros2_ws/install/my_robot_bringup/share/my_robot_bringup/hook/cmake_prefix_path.ps1'
[17.775s] INFO:colcon.colcon_core.shell:Creating environment descriptor '/home/two-asus/ros2_ws/install/my_robot_bringup/share/my_robot_bringup/hook/cmake_prefix_path.dsv'
[17.775s] INFO:colcon.colcon_core.shell:Creating environment hook '/home/two-asus/ros2_ws/install/my_robot_bringup/share/my_robot_bringup/hook/cmake_prefix_path.sh'
[17.776s] Level 1:colcon.colcon_core.environment:checking '/home/two-asus/ros2_ws/install/my_robot_bringup/bin'
[17.776s] Level 1:colcon.colcon_core.environment:checking '/home/two-asus/ros2_ws/install/my_robot_bringup/lib/pkgconfig/my_robot_bringup.pc'
[17.776s] Level 1:colcon.colcon_core.environment:checking '/home/two-asus/ros2_ws/install/my_robot_bringup/lib/python3.10/site-packages'
[17.776s] Level 1:colcon.colcon_core.environment:checking '/home/two-asus/ros2_ws/install/my_robot_bringup/bin'
[17.776s] INFO:colcon.colcon_core.shell:Creating package script '/home/two-asus/ros2_ws/install/my_robot_bringup/share/my_robot_bringup/package.ps1'
[17.777s] INFO:colcon.colcon_core.shell:Creating package descriptor '/home/two-asus/ros2_ws/install/my_robot_bringup/share/my_robot_bringup/package.dsv'
[17.777s] INFO:colcon.colcon_core.shell:Creating package script '/home/two-asus/ros2_ws/install/my_robot_bringup/share/my_robot_bringup/package.sh'
[17.778s] INFO:colcon.colcon_core.shell:Creating package script '/home/two-asus/ros2_ws/install/my_robot_bringup/share/my_robot_bringup/package.bash'
[17.778s] INFO:colcon.colcon_core.shell:Creating package script '/home/two-asus/ros2_ws/install/my_robot_bringup/share/my_robot_bringup/package.zsh'
[17.778s] Level 1:colcon.colcon_core.environment:create_file_with_runtime_dependencies(/home/two-asus/ros2_ws/install/my_robot_bringup/share/colcon-core/packages/my_robot_bringup)
[17.779s] DEBUG:colcon.colcon_parallel_executor.executor.parallel:closing loop
[17.779s] DEBUG:colcon.colcon_parallel_executor.executor.parallel:loop closed
[17.779s] DEBUG:colcon.colcon_parallel_executor.executor.parallel:run_until_complete finished with '0'
[17.780s] DEBUG:colcon.colcon_core.event_reactor:joining thread
[17.842s] INFO:colcon.colcon_core.plugin_system:Skipping extension 'colcon_notification.desktop_notification.notify_send': Could not find 'notify-send'
[17.843s] INFO:colcon.colcon_core.plugin_system:Skipping extension 'colcon_notification.desktop_notification.terminal_notifier': Not used on non-Darwin systems
[17.843s] INFO:colcon.colcon_core.plugin_system:Skipping extension 'colcon_notification.desktop_notification.win32': Not used on non-Windows systems
[17.843s] INFO:colcon.colcon_notification.desktop_notification:Sending desktop notification using 'notify2'
[17.844s] DEBUG:colcon.colcon_notification.desktop_notification.notify2:Failed to initialize notify2: org.freedesktop.DBus.Error.ServiceUnknown: The name org.freedesktop.Notifications was not provided by any .service files
[17.844s] DEBUG:colcon.colcon_core.event_reactor:joined thread
[17.845s] INFO:colcon.colcon_core.shell:Creating prefix script '/home/two-asus/ros2_ws/install/local_setup.ps1'
[17.846s] INFO:colcon.colcon_core.shell:Creating prefix util module '/home/two-asus/ros2_ws/install/_local_setup_util_ps1.py'
[17.847s] INFO:colcon.colcon_core.shell:Creating prefix chain script '/home/two-asus/ros2_ws/install/setup.ps1'
[17.848s] INFO:colcon.colcon_core.shell:Creating prefix script '/home/two-asus/ros2_ws/install/local_setup.sh'
[17.848s] INFO:colcon.colcon_core.shell:Creating prefix util module '/home/two-asus/ros2_ws/install/_local_setup_util_sh.py'
[17.849s] INFO:colcon.colcon_core.shell:Creating prefix chain script '/home/two-asus/ros2_ws/install/setup.sh'
[17.849s] INFO:colcon.colcon_core.shell:Creating prefix script '/home/two-asus/ros2_ws/install/local_setup.bash'
[17.850s] INFO:colcon.colcon_core.shell:Creating prefix chain script '/home/two-asus/ros2_ws/install/setup.bash'
[17.851s] INFO:colcon.colcon_core.shell:Creating prefix script '/home/two-asus/ros2_ws/install/local_setup.zsh'
[17.851s] INFO:colcon.colcon_core.shell:Creating prefix chain script '/home/two-asus/ros2_ws/install/setup.zsh'
