[0.593s] Invoking command in '/home/two-asus/ros2_ws/src/my_py_pkg': CMAKE_PREFIX_PATH=/home/two-asus/ros2_ws/install/my_robot_interfaces:/home/two-asus/ros2_ws/install/my_robot_bringup:/home/two-asus/ros2_ws/install/my_cpp_pkg PYTHONPATH=/home/two-asus/ros2_ws/build/my_py_pkg/prefix_override:/home/two-asus/ros2_ws/install/my_py_pkg/lib/python3.10/site-packages:${PYTHONPATH} /usr/bin/python3 -W ignore:setup.py install is deprecated setup.py egg_info --egg-base ../../build/my_py_pkg build --build-base /home/two-asus/ros2_ws/build/my_py_pkg/build install --record /home/two-asus/ros2_ws/build/my_py_pkg/install.log --single-version-externally-managed install_data
[0.753s] running egg_info
[0.753s] writing ../../build/my_py_pkg/my_py_pkg.egg-info/PKG-INFO
[0.753s] writing dependency_links to ../../build/my_py_pkg/my_py_pkg.egg-info/dependency_links.txt
[0.754s] writing entry points to ../../build/my_py_pkg/my_py_pkg.egg-info/entry_points.txt
[0.754s] writing requirements to ../../build/my_py_pkg/my_py_pkg.egg-info/requires.txt
[0.754s] writing top-level names to ../../build/my_py_pkg/my_py_pkg.egg-info/top_level.txt
[0.755s] reading manifest file '../../build/my_py_pkg/my_py_pkg.egg-info/SOURCES.txt'
[0.756s] writing manifest file '../../build/my_py_pkg/my_py_pkg.egg-info/SOURCES.txt'
[0.756s] running build
[0.756s] running build_py
[0.756s] running install
[0.756s] running install_lib
[0.758s] running install_data
[0.758s] running install_egg_info
[0.759s] removing '/home/two-asus/ros2_ws/install/my_py_pkg/lib/python3.10/site-packages/my_py_pkg-0.0.0-py3.10.egg-info' (and everything under it)
[0.759s] Copying ../../build/my_py_pkg/my_py_pkg.egg-info to /home/two-asus/ros2_ws/install/my_py_pkg/lib/python3.10/site-packages/my_py_pkg-0.0.0-py3.10.egg-info
[0.760s] running install_scripts
[0.775s] Installing add_two_ints_client script to /home/two-asus/ros2_ws/install/my_py_pkg/lib/my_py_pkg
[0.775s] Installing add_two_ints_client_no_oop script to /home/two-asus/ros2_ws/install/my_py_pkg/lib/my_py_pkg
[0.775s] Installing add_two_ints_server script to /home/two-asus/ros2_ws/install/my_py_pkg/lib/my_py_pkg
[0.776s] Installing hw_status_publisher script to /home/two-asus/ros2_ws/install/my_py_pkg/lib/my_py_pkg
[0.776s] Installing number_counter script to /home/two-asus/ros2_ws/install/my_py_pkg/lib/my_py_pkg
[0.776s] Installing number_publish script to /home/two-asus/ros2_ws/install/my_py_pkg/lib/my_py_pkg
[0.776s] Installing py_node script to /home/two-asus/ros2_ws/install/my_py_pkg/lib/my_py_pkg
[0.776s] Installing robot_news_station script to /home/two-asus/ros2_ws/install/my_py_pkg/lib/my_py_pkg
[0.776s] Installing smartphone script to /home/two-asus/ros2_ws/install/my_py_pkg/lib/my_py_pkg
[0.776s] writing list of installed files to '/home/two-asus/ros2_ws/build/my_py_pkg/install.log'
[0.798s] Invoked command in '/home/two-asus/ros2_ws/src/my_py_pkg' returned '0': CMAKE_PREFIX_PATH=/home/two-asus/ros2_ws/install/my_robot_interfaces:/home/two-asus/ros2_ws/install/my_robot_bringup:/home/two-asus/ros2_ws/install/my_cpp_pkg PYTHONPATH=/home/two-asus/ros2_ws/build/my_py_pkg/prefix_override:/home/two-asus/ros2_ws/install/my_py_pkg/lib/python3.10/site-packages:${PYTHONPATH} /usr/bin/python3 -W ignore:setup.py install is deprecated setup.py egg_info --egg-base ../../build/my_py_pkg build --build-base /home/two-asus/ros2_ws/build/my_py_pkg/build install --record /home/two-asus/ros2_ws/build/my_py_pkg/install.log --single-version-externally-managed install_data
