[0.189s] Invoking command in '/home/two-asus/ros2_ws/build/my_robot_interfaces': CMAKE_PREFIX_PATH=${CMAKE_PREFIX_PATH}:/home/two-asus/ros2_ws/install/my_py_pkg:/opt/ros/humble /usr/bin/cmake /home/two-asus/ros2_ws/src/my_robot_interfaces -DCMAKE_INSTALL_PREFIX=/home/two-asus/ros2_ws/install/my_robot_interfaces
[0.372s] -- The C compiler identification is GNU 11.4.0
[0.885s] -- The CXX compiler identification is GNU 11.4.0
[1.256s] -- Detecting C compiler ABI info
[1.388s] -- Detecting C compiler ABI info - done
[1.392s] -- Check for working C compiler: /usr/bin/cc - skipped
[1.394s] -- Detecting C compile features
[1.394s] -- Detecting C compile features - done
[1.398s] -- Detecting CXX compiler ABI info
[1.528s] -- Detecting CXX compiler ABI info - done
[1.533s] -- Check for working CXX compiler: /usr/bin/c++ - skipped
[1.533s] -- Detecting CXX compile features
[1.534s] -- Detecting CXX compile features - done
[1.539s] -- Found ament_cmake: 1.3.9 (/opt/ros/humble/share/ament_cmake/cmake)
[1.660s] -- Found Python3: /usr/bin/python3 (found version "3.10.12") found components: Interpreter 
[3.038s] [31mCMake Error at CMakeLists.txt:13 (find_package):
[3.038s]   By not providing "Findrosidl_default_generator.cmake" in CMAKE_MODULE_PATH
[3.038s]   this project has asked CMake to find a package configuration file provided
[3.038s]   by "rosidl_default_generator", but CMake did not find one.
[3.038s] 
[3.038s]   Could not find a package configuration file provided by
[3.038s]   "rosidl_default_generator" with any of the following names:
[3.039s] 
[3.039s]     rosidl_default_generatorConfig.cmake
[3.039s]     rosidl_default_generator-config.cmake
[3.039s] 
[3.039s]   Add the installation prefix of "rosidl_default_generator" to
[3.039s]   CMAKE_PREFIX_PATH or set "rosidl_default_generator_DIR" to a directory
[3.039s]   containing one of the above files.  If "rosidl_default_generator" provides
[3.039s]   a separate development package or SDK, be sure it has been installed.
[3.039s] 
[3.039s] [0m
[3.039s] -- Configuring incomplete, errors occurred!
[3.039s] See also "/home/two-asus/ros2_ws/build/my_robot_interfaces/CMakeFiles/CMakeOutput.log".
[3.042s] Invoked command in '/home/two-asus/ros2_ws/build/my_robot_interfaces' returned '1': CMAKE_PREFIX_PATH=${CMAKE_PREFIX_PATH}:/home/two-asus/ros2_ws/install/my_py_pkg:/opt/ros/humble /usr/bin/cmake /home/two-asus/ros2_ws/src/my_robot_interfaces -DCMAKE_INSTALL_PREFIX=/home/two-asus/ros2_ws/install/my_robot_interfaces
