[0.076s] Invoking command in '/home/two-asus/ros2_ws/build/my_cpp_pkg': AMENT_PREFIX_PATH=/home/two-asus/ros2_ws/install/my_robot_interfaces:${AMENT_PREFIX_PATH} CMAKE_PREFIX_PATH=/home/two-asus/ros2_ws/install/my_robot_interfaces:/home/two-asus/ros2_ws/install/my_cpp_pkg:/home/two-asus/ros2_ws/install/my_py_pkg:/opt/ros/humble LD_LIBRARY_PATH=/home/two-asus/ros2_ws/install/my_robot_interfaces/lib:${LD_LIBRARY_PATH} PYTHONPATH=/home/two-asus/ros2_ws/install/my_robot_interfaces/local/lib/python3.10/dist-packages:${PYTHONPATH} /usr/bin/cmake --build /home/two-asus/ros2_ws/build/my_cpp_pkg -- -j16 -l16
[0.318s] -- Found ament_cmake: 1.3.9 (/opt/ros/humble/share/ament_cmake/cmake)
[0.318s] -- Found rclcpp: 16.0.9 (/opt/ros/humble/share/rclcpp/cmake)
[0.383s] -- Found rosidl_generator_c: 3.1.5 (/opt/ros/humble/share/rosidl_generator_c/cmake)
[0.386s] -- Found rosidl_adapter: 3.1.5 (/opt/ros/humble/share/rosidl_adapter/cmake)
[0.393s] -- Found rosidl_generator_cpp: 3.1.5 (/opt/ros/humble/share/rosidl_generator_cpp/cmake)
[0.402s] -- Using all available rosidl_typesupport_c: rosidl_typesupport_fastrtps_c;rosidl_typesupport_introspection_c
[0.415s] -- Using all available rosidl_typesupport_cpp: rosidl_typesupport_fastrtps_cpp;rosidl_typesupport_introspection_cpp
[0.470s] -- Found rmw_implementation_cmake: 6.1.2 (/opt/ros/humble/share/rmw_implementation_cmake/cmake)
[0.471s] -- Found rmw_fastrtps_cpp: 6.2.6 (/opt/ros/humble/share/rmw_fastrtps_cpp/cmake)
[6.042s] -- Using RMW implementation 'rmw_fastrtps_cpp' as default
[6.148s] -- Found example_interfaces: 0.9.3 (/opt/ros/humble/share/example_interfaces/cmake)
[6.238s] -- Found my_robot_interfaces: 0.0.0 (/home/two-asus/ros2_ws/install/my_robot_interfaces/share/my_robot_interfaces/cmake)
[6.309s] -- Configuring done
[6.327s] -- Generating done
[6.328s] -- Build files have been written to: /home/two-asus/ros2_ws/build/my_cpp_pkg
[6.348s] [35m[1mConsolidate compiler generated dependencies of target add_two_ints_client[0m
[6.348s] [35m[1mConsolidate compiler generated dependencies of target add_two_ints_server[0m
[6.349s] [35m[1mConsolidate compiler generated dependencies of target hw_status_publisher[0m
[6.349s] [35m[1mConsolidate compiler generated dependencies of target smartphone[0m
[6.349s] [35m[1mConsolidate compiler generated dependencies of target add_two_ints_client_no_oop[0m
[6.349s] [35m[1mConsolidate compiler generated dependencies of target cpp_node[0m
[6.349s] [35m[1mConsolidate compiler generated dependencies of target robot_news_station[0m
[6.361s] [ 57%] Built target smartphone
[6.362s] [ 57%] Built target add_two_ints_client_no_oop
[6.362s] [ 57%] Built target add_two_ints_server
[6.362s] [ 57%] [32mBuilding CXX object CMakeFiles/hw_status_publisher.dir/src/hw_status_publisher.cpp.o[0m
[6.362s] [ 64%] Built target add_two_ints_client
[6.362s] [ 78%] Built target cpp_node
[6.363s] [ 92%] Built target robot_news_station
[9.536s] [100%] [32m[1mLinking CXX executable hw_status_publisher[0m
[9.766s] [100%] Built target hw_status_publisher
[9.774s] Invoked command in '/home/two-asus/ros2_ws/build/my_cpp_pkg' returned '0': AMENT_PREFIX_PATH=/home/two-asus/ros2_ws/install/my_robot_interfaces:${AMENT_PREFIX_PATH} CMAKE_PREFIX_PATH=/home/two-asus/ros2_ws/install/my_robot_interfaces:/home/two-asus/ros2_ws/install/my_cpp_pkg:/home/two-asus/ros2_ws/install/my_py_pkg:/opt/ros/humble LD_LIBRARY_PATH=/home/two-asus/ros2_ws/install/my_robot_interfaces/lib:${LD_LIBRARY_PATH} PYTHONPATH=/home/two-asus/ros2_ws/install/my_robot_interfaces/local/lib/python3.10/dist-packages:${PYTHONPATH} /usr/bin/cmake --build /home/two-asus/ros2_ws/build/my_cpp_pkg -- -j16 -l16
[9.802s] Invoking command in '/home/two-asus/ros2_ws/build/my_cpp_pkg': AMENT_PREFIX_PATH=/home/two-asus/ros2_ws/install/my_robot_interfaces:${AMENT_PREFIX_PATH} CMAKE_PREFIX_PATH=/home/two-asus/ros2_ws/install/my_robot_interfaces:/home/two-asus/ros2_ws/install/my_cpp_pkg:/home/two-asus/ros2_ws/install/my_py_pkg:/opt/ros/humble LD_LIBRARY_PATH=/home/two-asus/ros2_ws/install/my_robot_interfaces/lib:${LD_LIBRARY_PATH} PYTHONPATH=/home/two-asus/ros2_ws/install/my_robot_interfaces/local/lib/python3.10/dist-packages:${PYTHONPATH} /usr/bin/cmake --install /home/two-asus/ros2_ws/build/my_cpp_pkg
[9.807s] -- Install configuration: ""
[9.807s] -- Up-to-date: /home/two-asus/ros2_ws/install/my_cpp_pkg/lib/my_cpp_pkg/cpp_node
[9.807s] -- Up-to-date: /home/two-asus/ros2_ws/install/my_cpp_pkg/lib/my_cpp_pkg/robot_news_station
[9.808s] -- Up-to-date: /home/two-asus/ros2_ws/install/my_cpp_pkg/lib/my_cpp_pkg/smartphone
[9.808s] -- Up-to-date: /home/two-asus/ros2_ws/install/my_cpp_pkg/lib/my_cpp_pkg/add_two_ints_server
[9.808s] -- Up-to-date: /home/two-asus/ros2_ws/install/my_cpp_pkg/lib/my_cpp_pkg/add_two_ints_client_no_oop
[9.808s] -- Up-to-date: /home/two-asus/ros2_ws/install/my_cpp_pkg/lib/my_cpp_pkg/add_two_ints_client
[9.808s] -- Installing: /home/two-asus/ros2_ws/install/my_cpp_pkg/lib/my_cpp_pkg/hw_status_publisher
[9.809s] -- Set runtime path of "/home/two-asus/ros2_ws/install/my_cpp_pkg/lib/my_cpp_pkg/hw_status_publisher" to ""
[9.809s] -- Up-to-date: /home/two-asus/ros2_ws/install/my_cpp_pkg/share/ament_index/resource_index/package_run_dependencies/my_cpp_pkg
[9.809s] -- Up-to-date: /home/two-asus/ros2_ws/install/my_cpp_pkg/share/ament_index/resource_index/parent_prefix_path/my_cpp_pkg
[9.810s] -- Up-to-date: /home/two-asus/ros2_ws/install/my_cpp_pkg/share/my_cpp_pkg/environment/ament_prefix_path.sh
[9.810s] -- Installing: /home/two-asus/ros2_ws/install/my_cpp_pkg/share/my_cpp_pkg/environment/ament_prefix_path.dsv
[9.810s] -- Up-to-date: /home/two-asus/ros2_ws/install/my_cpp_pkg/share/my_cpp_pkg/environment/path.sh
[9.810s] -- Installing: /home/two-asus/ros2_ws/install/my_cpp_pkg/share/my_cpp_pkg/environment/path.dsv
[9.810s] -- Up-to-date: /home/two-asus/ros2_ws/install/my_cpp_pkg/share/my_cpp_pkg/local_setup.bash
[9.810s] -- Up-to-date: /home/two-asus/ros2_ws/install/my_cpp_pkg/share/my_cpp_pkg/local_setup.sh
[9.810s] -- Up-to-date: /home/two-asus/ros2_ws/install/my_cpp_pkg/share/my_cpp_pkg/local_setup.zsh
[9.811s] -- Installing: /home/two-asus/ros2_ws/install/my_cpp_pkg/share/my_cpp_pkg/local_setup.dsv
[9.811s] -- Installing: /home/two-asus/ros2_ws/install/my_cpp_pkg/share/my_cpp_pkg/package.dsv
[9.811s] -- Up-to-date: /home/two-asus/ros2_ws/install/my_cpp_pkg/share/ament_index/resource_index/packages/my_cpp_pkg
[9.811s] -- Up-to-date: /home/two-asus/ros2_ws/install/my_cpp_pkg/share/my_cpp_pkg/cmake/my_cpp_pkgConfig.cmake
[9.811s] -- Up-to-date: /home/two-asus/ros2_ws/install/my_cpp_pkg/share/my_cpp_pkg/cmake/my_cpp_pkgConfig-version.cmake
[9.811s] -- Up-to-date: /home/two-asus/ros2_ws/install/my_cpp_pkg/share/my_cpp_pkg/package.xml
[9.812s] Invoked command in '/home/two-asus/ros2_ws/build/my_cpp_pkg' returned '0': AMENT_PREFIX_PATH=/home/two-asus/ros2_ws/install/my_robot_interfaces:${AMENT_PREFIX_PATH} CMAKE_PREFIX_PATH=/home/two-asus/ros2_ws/install/my_robot_interfaces:/home/two-asus/ros2_ws/install/my_cpp_pkg:/home/two-asus/ros2_ws/install/my_py_pkg:/opt/ros/humble LD_LIBRARY_PATH=/home/two-asus/ros2_ws/install/my_robot_interfaces/lib:${LD_LIBRARY_PATH} PYTHONPATH=/home/two-asus/ros2_ws/install/my_robot_interfaces/local/lib/python3.10/dist-packages:${PYTHONPATH} /usr/bin/cmake --install /home/two-asus/ros2_ws/build/my_cpp_pkg
