[0.012s] Invoking command in '/home/two-asus/ros2_ws/build/my_robot_bringup': CMAKE_PREFIX_PATH=${CMAKE_PREFIX_PATH}:/home/two-asus/ros2_ws/install/my_py_pkg:/opt/ros/humble /usr/bin/cmake /home/two-asus/ros2_ws/src/my_robot_bringup -DCMAKE_INSTALL_PREFIX=/home/two-asus/ros2_ws/install/my_robot_bringup
[0.018s] -- Found ament_cmake: 1.3.9 (/opt/ros/humble/share/ament_cmake/cmake)
[0.149s] -- Configuring done
[0.152s] -- Generating done
[0.153s] -- Build files have been written to: /home/two-asus/ros2_ws/build/my_robot_bringup
[0.155s] Invoked command in '/home/two-asus/ros2_ws/build/my_robot_bringup' returned '0': CMAKE_PREFIX_PATH=${CMAKE_PREFIX_PATH}:/home/two-asus/ros2_ws/install/my_py_pkg:/opt/ros/humble /usr/bin/cmake /home/two-asus/ros2_ws/src/my_robot_bringup -DCMAKE_INSTALL_PREFIX=/home/two-asus/ros2_ws/install/my_robot_bringup
[0.156s] Invoking command in '/home/two-asus/ros2_ws/build/my_robot_bringup': CMAKE_PREFIX_PATH=${CMAKE_PREFIX_PATH}:/home/two-asus/ros2_ws/install/my_py_pkg:/opt/ros/humble /usr/bin/cmake --build /home/two-asus/ros2_ws/build/my_robot_bringup -- -j16 -l16
[0.181s] Invoked command in '/home/two-asus/ros2_ws/build/my_robot_bringup' returned '0': CMAKE_PREFIX_PATH=${CMAKE_PREFIX_PATH}:/home/two-asus/ros2_ws/install/my_py_pkg:/opt/ros/humble /usr/bin/cmake --build /home/two-asus/ros2_ws/build/my_robot_bringup -- -j16 -l16
[0.200s] Invoking command in '/home/two-asus/ros2_ws/build/my_robot_bringup': CMAKE_PREFIX_PATH=${CMAKE_PREFIX_PATH}:/home/two-asus/ros2_ws/install/my_py_pkg:/opt/ros/humble /usr/bin/cmake --install /home/two-asus/ros2_ws/build/my_robot_bringup
[0.205s] -- Install configuration: ""
[0.205s] -- Installing: /home/two-asus/ros2_ws/install/my_robot_bringup/share/my_robot_bringup/launch
[0.205s] -- Installing: /home/two-asus/ros2_ws/install/my_robot_bringup/share/my_robot_bringup/launch/number_app.launch.py
[0.206s] -- Installing: /home/two-asus/ros2_ws/install/my_robot_bringup/share/ament_index/resource_index/package_run_dependencies/my_robot_bringup
[0.206s] -- Installing: /home/two-asus/ros2_ws/install/my_robot_bringup/share/ament_index/resource_index/parent_prefix_path/my_robot_bringup
[0.206s] -- Installing: /home/two-asus/ros2_ws/install/my_robot_bringup/share/my_robot_bringup/environment/ament_prefix_path.sh
[0.206s] -- Installing: /home/two-asus/ros2_ws/install/my_robot_bringup/share/my_robot_bringup/environment/ament_prefix_path.dsv
[0.206s] -- Installing: /home/two-asus/ros2_ws/install/my_robot_bringup/share/my_robot_bringup/environment/path.sh
[0.207s] -- Installing: /home/two-asus/ros2_ws/install/my_robot_bringup/share/my_robot_bringup/environment/path.dsv
[0.207s] -- Installing: /home/two-asus/ros2_ws/install/my_robot_bringup/share/my_robot_bringup/local_setup.bash
[0.207s] -- Installing: /home/two-asus/ros2_ws/install/my_robot_bringup/share/my_robot_bringup/local_setup.sh
[0.207s] -- Installing: /home/two-asus/ros2_ws/install/my_robot_bringup/share/my_robot_bringup/local_setup.zsh
[0.207s] -- Installing: /home/two-asus/ros2_ws/install/my_robot_bringup/share/my_robot_bringup/local_setup.dsv
[0.207s] -- Installing: /home/two-asus/ros2_ws/install/my_robot_bringup/share/my_robot_bringup/package.dsv
[0.208s] -- Installing: /home/two-asus/ros2_ws/install/my_robot_bringup/share/ament_index/resource_index/packages/my_robot_bringup
[0.208s] -- Installing: /home/two-asus/ros2_ws/install/my_robot_bringup/share/my_robot_bringup/cmake/my_robot_bringupConfig.cmake
[0.208s] -- Installing: /home/two-asus/ros2_ws/install/my_robot_bringup/share/my_robot_bringup/cmake/my_robot_bringupConfig-version.cmake
[0.209s] -- Installing: /home/two-asus/ros2_ws/install/my_robot_bringup/share/my_robot_bringup/package.xml
[0.211s] Invoked command in '/home/two-asus/ros2_ws/build/my_robot_bringup' returned '0': CMAKE_PREFIX_PATH=${CMAKE_PREFIX_PATH}:/home/two-asus/ros2_ws/install/my_py_pkg:/opt/ros/humble /usr/bin/cmake --install /home/two-asus/ros2_ws/build/my_robot_bringup
