[0.105s] Invoking command in '/home/two-asus/ros2_ws/build/my_cpp_pkg': CMAKE_PREFIX_PATH=/home/two-asus/ros2_ws/install/my_robot_interfaces:/home/two-asus/ros2_ws/install/my_robot_bringup:/home/two-asus/ros2_ws/install/my_cpp_pkg:/home/two-asus/ros2_ws/install/my_py_pkg:/opt/ros/humble /usr/bin/cmake --build /home/two-asus/ros2_ws/build/my_cpp_pkg -- -j16 -l16
[0.166s] [ 64%] Built target smartphone
[0.166s] [ 71%] Built target add_two_ints_client
[0.166s] [ 85%] Built target add_two_ints_server
[0.166s] [100%] Built target hw_status_publisher
[0.166s] [100%] Built target cpp_node
[0.166s] [100%] Built target robot_news_station
[0.167s] [100%] Built target add_two_ints_client_no_oop
[0.290s] Invoked command in '/home/two-asus/ros2_ws/build/my_cpp_pkg' returned '0': CMAKE_PREFIX_PATH=/home/two-asus/ros2_ws/install/my_robot_interfaces:/home/two-asus/ros2_ws/install/my_robot_bringup:/home/two-asus/ros2_ws/install/my_cpp_pkg:/home/two-asus/ros2_ws/install/my_py_pkg:/opt/ros/humble /usr/bin/cmake --build /home/two-asus/ros2_ws/build/my_cpp_pkg -- -j16 -l16
[0.319s] Invoking command in '/home/two-asus/ros2_ws/build/my_cpp_pkg': CMAKE_PREFIX_PATH=/home/two-asus/ros2_ws/install/my_robot_interfaces:/home/two-asus/ros2_ws/install/my_robot_bringup:/home/two-asus/ros2_ws/install/my_cpp_pkg:/home/two-asus/ros2_ws/install/my_py_pkg:/opt/ros/humble /usr/bin/cmake --install /home/two-asus/ros2_ws/build/my_cpp_pkg
[0.324s] -- Install configuration: ""
[0.325s] -- Up-to-date: /home/two-asus/ros2_ws/install/my_cpp_pkg/lib/my_cpp_pkg/cpp_node
[0.326s] -- Up-to-date: /home/two-asus/ros2_ws/install/my_cpp_pkg/lib/my_cpp_pkg/robot_news_station
[0.328s] -- Up-to-date: /home/two-asus/ros2_ws/install/my_cpp_pkg/lib/my_cpp_pkg/smartphone
[0.329s] -- Up-to-date: /home/two-asus/ros2_ws/install/my_cpp_pkg/lib/my_cpp_pkg/add_two_ints_server
[0.330s] -- Up-to-date: /home/two-asus/ros2_ws/install/my_cpp_pkg/lib/my_cpp_pkg/add_two_ints_client_no_oop
[0.331s] -- Up-to-date: /home/two-asus/ros2_ws/install/my_cpp_pkg/lib/my_cpp_pkg/add_two_ints_client
[0.332s] -- Up-to-date: /home/two-asus/ros2_ws/install/my_cpp_pkg/lib/my_cpp_pkg/hw_status_publisher
[0.333s] -- Up-to-date: /home/two-asus/ros2_ws/install/my_cpp_pkg/share/ament_index/resource_index/package_run_dependencies/my_cpp_pkg
[0.333s] -- Up-to-date: /home/two-asus/ros2_ws/install/my_cpp_pkg/share/ament_index/resource_index/parent_prefix_path/my_cpp_pkg
[0.333s] -- Up-to-date: /home/two-asus/ros2_ws/install/my_cpp_pkg/share/my_cpp_pkg/environment/ament_prefix_path.sh
[0.333s] -- Up-to-date: /home/two-asus/ros2_ws/install/my_cpp_pkg/share/my_cpp_pkg/environment/ament_prefix_path.dsv
[0.333s] -- Up-to-date: /home/two-asus/ros2_ws/install/my_cpp_pkg/share/my_cpp_pkg/environment/path.sh
[0.333s] -- Up-to-date: /home/two-asus/ros2_ws/install/my_cpp_pkg/share/my_cpp_pkg/environment/path.dsv
[0.333s] -- Up-to-date: /home/two-asus/ros2_ws/install/my_cpp_pkg/share/my_cpp_pkg/local_setup.bash
[0.333s] -- Up-to-date: /home/two-asus/ros2_ws/install/my_cpp_pkg/share/my_cpp_pkg/local_setup.sh
[0.333s] -- Up-to-date: /home/two-asus/ros2_ws/install/my_cpp_pkg/share/my_cpp_pkg/local_setup.zsh
[0.333s] -- Up-to-date: /home/two-asus/ros2_ws/install/my_cpp_pkg/share/my_cpp_pkg/local_setup.dsv
[0.334s] -- Installing: /home/two-asus/ros2_ws/install/my_cpp_pkg/share/my_cpp_pkg/package.dsv
[0.334s] -- Up-to-date: /home/two-asus/ros2_ws/install/my_cpp_pkg/share/ament_index/resource_index/packages/my_cpp_pkg
[0.334s] -- Up-to-date: /home/two-asus/ros2_ws/install/my_cpp_pkg/share/my_cpp_pkg/cmake/my_cpp_pkgConfig.cmake
[0.334s] -- Up-to-date: /home/two-asus/ros2_ws/install/my_cpp_pkg/share/my_cpp_pkg/cmake/my_cpp_pkgConfig-version.cmake
[0.334s] -- Up-to-date: /home/two-asus/ros2_ws/install/my_cpp_pkg/share/my_cpp_pkg/package.xml
[0.335s] Invoked command in '/home/two-asus/ros2_ws/build/my_cpp_pkg' returned '0': CMAKE_PREFIX_PATH=/home/two-asus/ros2_ws/install/my_robot_interfaces:/home/two-asus/ros2_ws/install/my_robot_bringup:/home/two-asus/ros2_ws/install/my_cpp_pkg:/home/two-asus/ros2_ws/install/my_py_pkg:/opt/ros/humble /usr/bin/cmake --install /home/two-asus/ros2_ws/build/my_cpp_pkg
