[0.012s] Invoking command in '/home/two-asus/ros2_ws/build/my_robot_interfaces': CMAKE_PREFIX_PATH=${CMAKE_PREFIX_PATH}:/home/two-asus/ros2_ws/install/my_py_pkg:/opt/ros/humble /usr/bin/cmake --build /home/two-asus/ros2_ws/build/my_robot_interfaces -- -j16 -l16
[0.042s] [  5%] Built target my_robot_interfaces__cpp
[0.042s] [ 12%] Built target my_robot_interfaces__rosidl_generator_c
[0.049s] [ 12%] Built target ament_cmake_python_copy_my_robot_interfaces
[0.056s] [ 53%] Built target my_robot_interfaces__rosidl_typesupport_fastrtps_c
[0.056s] [ 53%] Built target my_robot_interfaces__rosidl_typesupport_c
[0.056s] [ 53%] Built target my_robot_interfaces__rosidl_typesupport_introspection_cpp
[0.057s] [ 53%] Built target my_robot_interfaces__rosidl_typesupport_introspection_c
[0.058s] [ 64%] Built target my_robot_interfaces__rosidl_typesupport_fastrtps_cpp
[0.063s] [ 74%] Built target my_robot_interfaces__rosidl_typesupport_cpp
[0.077s] [ 74%] Built target my_robot_interfaces
[0.091s] [ 76%] Built target my_robot_interfaces__py
[0.109s] [ 84%] Built target my_robot_interfaces__rosidl_generator_py
[0.123s] [ 94%] Built target my_robot_interfaces__rosidl_typesupport_introspection_c__pyext
[0.123s] [ 94%] Built target my_robot_interfaces__rosidl_typesupport_fastrtps_c__pyext
[0.123s] [100%] Built target my_robot_interfaces__rosidl_typesupport_c__pyext
[0.195s] running egg_info
[0.195s] writing my_robot_interfaces.egg-info/PKG-INFO
[0.195s] writing dependency_links to my_robot_interfaces.egg-info/dependency_links.txt
[0.196s] writing top-level names to my_robot_interfaces.egg-info/top_level.txt
[0.197s] reading manifest file 'my_robot_interfaces.egg-info/SOURCES.txt'
[0.197s] writing manifest file 'my_robot_interfaces.egg-info/SOURCES.txt'
[0.217s] [100%] Built target ament_cmake_python_build_my_robot_interfaces_egg
