[0.013s] Invoking command in '/home/two-asus/ros2_ws/build/my_robot_interfaces': CMAKE_PREFIX_PATH=${CMAKE_PREFIX_PATH}:/home/two-asus/ros2_ws/install/my_py_pkg:/opt/ros/humble /usr/bin/cmake --build /home/two-asus/ros2_ws/build/my_robot_interfaces -- -j16 -l16
[0.023s] [33mCMake Warning (dev) at CMakeLists.txt:17:
[0.023s]   Syntax Warning in cmake code at column 27
[0.023s] 
[0.023s]   Argument not separated from preceding token by whitespace.
[0.023s] This warning is for project developers.  Use -Wno-dev to suppress it.
[0.023s] [0m
[0.025s] -- Found ament_cmake: 1.3.9 (/opt/ros/humble/share/ament_cmake/cmake)
[0.111s] -- Found rosidl_default_generators: 1.2.0 (/opt/ros/humble/share/rosidl_default_generators/cmake)
[0.112s] -- Using all available rosidl_typesupport_c: rosidl_typesupport_fastrtps_c;rosidl_typesupport_introspection_c
[0.114s] -- Found rosidl_adapter: 3.1.5 (/opt/ros/humble/share/rosidl_adapter/cmake)
[0.250s] -- Using all available rosidl_typesupport_cpp: rosidl_typesupport_fastrtps_cpp;rosidl_typesupport_introspection_cpp
[0.267s] [31mCMake Error at /opt/ros/humble/share/rosidl_cmake/cmake/rosidl_generate_interfaces.cmake:93 (message):
[0.267s]   rosidl_generate_interfaces() the passed file ',' doesn't exist relative to
[0.267s]   the CMAKE_CURRENT_SOURCE_DIR
[0.267s]   '/home/two-asus/ros2_ws/src/my_robot_interfaces'
[0.267s] Call Stack (most recent call first):
[0.267s]   CMakeLists.txt:16 (rosidl_generate_interfaces)
[0.268s] 
[0.268s] [0m
[0.268s] -- Configuring incomplete, errors occurred!
[0.268s] See also "/home/two-asus/ros2_ws/build/my_robot_interfaces/CMakeFiles/CMakeOutput.log".
[0.272s] gmake: *** [Makefile:747: cmake_check_build_system] Error 1
[0.274s] Invoked command in '/home/two-asus/ros2_ws/build/my_robot_interfaces' returned '2': CMAKE_PREFIX_PATH=${CMAKE_PREFIX_PATH}:/home/two-asus/ros2_ws/install/my_py_pkg:/opt/ros/humble /usr/bin/cmake --build /home/two-asus/ros2_ws/build/my_robot_interfaces -- -j16 -l16
