[0.514s] Invoking command in '/home/two-asus/ros2_ws/src/my_py_pkg': AMENT_PREFIX_PATH=/home/two-asus/ros2_ws/install/my_robot_interfaces:${AMENT_PREFIX_PATH} CMAKE_PREFIX_PATH=/home/two-asus/ros2_ws/install/my_robot_interfaces:${CMAKE_PREFIX_PATH} LD_LIBRARY_PATH=/home/two-asus/ros2_ws/install/my_robot_interfaces/lib:${LD_LIBRARY_PATH} PYTHONPATH=/home/two-asus/ros2_ws/build/my_py_pkg/prefix_override:/home/two-asus/ros2_ws/install/my_py_pkg/lib/python3.10/site-packages:/home/two-asus/ros2_ws/install/my_robot_interfaces/local/lib/python3.10/dist-packages:${PYTHONPATH} /usr/bin/python3 -W ignore:setup.py install is deprecated setup.py egg_info --egg-base ../../build/my_py_pkg build --build-base /home/two-asus/ros2_ws/build/my_py_pkg/build install --record /home/two-asus/ros2_ws/build/my_py_pkg/install.log --single-version-externally-managed install_data
[0.646s] running egg_info
[0.646s] writing ../../build/my_py_pkg/my_py_pkg.egg-info/PKG-INFO
[0.646s] writing dependency_links to ../../build/my_py_pkg/my_py_pkg.egg-info/dependency_links.txt
[0.646s] writing entry points to ../../build/my_py_pkg/my_py_pkg.egg-info/entry_points.txt
[0.646s] writing requirements to ../../build/my_py_pkg/my_py_pkg.egg-info/requires.txt
[0.647s] writing top-level names to ../../build/my_py_pkg/my_py_pkg.egg-info/top_level.txt
[0.647s] reading manifest file '../../build/my_py_pkg/my_py_pkg.egg-info/SOURCES.txt'
[0.648s] writing manifest file '../../build/my_py_pkg/my_py_pkg.egg-info/SOURCES.txt'
[0.648s] running build
[0.648s] running build_py
[0.648s] running install
[0.649s] running install_lib
[0.649s] running install_data
[0.650s] running install_egg_info
[0.651s] removing '/home/two-asus/ros2_ws/install/my_py_pkg/lib/python3.10/site-packages/my_py_pkg-0.0.0-py3.10.egg-info' (and everything under it)
[0.651s] Copying ../../build/my_py_pkg/my_py_pkg.egg-info to /home/two-asus/ros2_ws/install/my_py_pkg/lib/python3.10/site-packages/my_py_pkg-0.0.0-py3.10.egg-info
[0.652s] running install_scripts
[0.666s] Installing add_two_ints_client script to /home/two-asus/ros2_ws/install/my_py_pkg/lib/my_py_pkg
[0.666s] Installing add_two_ints_client_no_oop script to /home/two-asus/ros2_ws/install/my_py_pkg/lib/my_py_pkg
[0.666s] Installing add_two_ints_server script to /home/two-asus/ros2_ws/install/my_py_pkg/lib/my_py_pkg
[0.667s] Installing hw_status_publisher script to /home/two-asus/ros2_ws/install/my_py_pkg/lib/my_py_pkg
[0.667s] Installing py_node script to /home/two-asus/ros2_ws/install/my_py_pkg/lib/my_py_pkg
[0.667s] Installing robot_news_station script to /home/two-asus/ros2_ws/install/my_py_pkg/lib/my_py_pkg
[0.667s] Installing smartphone script to /home/two-asus/ros2_ws/install/my_py_pkg/lib/my_py_pkg
[0.667s] writing list of installed files to '/home/two-asus/ros2_ws/build/my_py_pkg/install.log'
[0.690s] Invoked command in '/home/two-asus/ros2_ws/src/my_py_pkg' returned '0': AMENT_PREFIX_PATH=/home/two-asus/ros2_ws/install/my_robot_interfaces:${AMENT_PREFIX_PATH} CMAKE_PREFIX_PATH=/home/two-asus/ros2_ws/install/my_robot_interfaces:${CMAKE_PREFIX_PATH} LD_LIBRARY_PATH=/home/two-asus/ros2_ws/install/my_robot_interfaces/lib:${LD_LIBRARY_PATH} PYTHONPATH=/home/two-asus/ros2_ws/build/my_py_pkg/prefix_override:/home/two-asus/ros2_ws/install/my_py_pkg/lib/python3.10/site-packages:/home/two-asus/ros2_ws/install/my_robot_interfaces/local/lib/python3.10/dist-packages:${PYTHONPATH} /usr/bin/python3 -W ignore:setup.py install is deprecated setup.py egg_info --egg-base ../../build/my_py_pkg build --build-base /home/two-asus/ros2_ws/build/my_py_pkg/build install --record /home/two-asus/ros2_ws/build/my_py_pkg/install.log --single-version-externally-managed install_data
