[0.780s] Invoking command in '/home/two-asus/ros2_ws/src/turtlesim_catch_them_all': CMAKE_PREFIX_PATH=/home/two-asus/ros2_ws/install/my_robot_interfaces:/home/two-asus/ros2_ws/install/my_robot_bringup:/home/two-asus/ros2_ws/install/my_cpp_pkg PYTHONPATH=/home/two-asus/ros2_ws/build/turtlesim_catch_them_all/prefix_override:/home/two-asus/ros2_ws/install/turtlesim_catch_them_all/lib/python3.10/site-packages:${PYTHONPATH} /usr/bin/python3 -W ignore:setup.py install is deprecated setup.py egg_info --egg-base ../../build/turtlesim_catch_them_all build --build-base /home/two-asus/ros2_ws/build/turtlesim_catch_them_all/build install --record /home/two-asus/ros2_ws/build/turtlesim_catch_them_all/install.log --single-version-externally-managed install_data
[0.923s] running egg_info
[0.923s] writing ../../build/turtlesim_catch_them_all/turtlesim_catch_them_all.egg-info/PKG-INFO
[0.924s] writing dependency_links to ../../build/turtlesim_catch_them_all/turtlesim_catch_them_all.egg-info/dependency_links.txt
[0.924s] writing entry points to ../../build/turtlesim_catch_them_all/turtlesim_catch_them_all.egg-info/entry_points.txt
[0.924s] writing requirements to ../../build/turtlesim_catch_them_all/turtlesim_catch_them_all.egg-info/requires.txt
[0.924s] writing top-level names to ../../build/turtlesim_catch_them_all/turtlesim_catch_them_all.egg-info/top_level.txt
[0.925s] reading manifest file '../../build/turtlesim_catch_them_all/turtlesim_catch_them_all.egg-info/SOURCES.txt'
[0.926s] writing manifest file '../../build/turtlesim_catch_them_all/turtlesim_catch_them_all.egg-info/SOURCES.txt'
[0.926s] running build
[0.926s] running build_py
[0.926s] copying turtlesim_catch_them_all/turtle_controller.py -> /home/two-asus/ros2_ws/build/turtlesim_catch_them_all/build/lib/turtlesim_catch_them_all
[0.926s] running install
[0.927s] running install_lib
[0.927s] copying /home/two-asus/ros2_ws/build/turtlesim_catch_them_all/build/lib/turtlesim_catch_them_all/turtle_controller.py -> /home/two-asus/ros2_ws/install/turtlesim_catch_them_all/lib/python3.10/site-packages/turtlesim_catch_them_all
[0.928s] byte-compiling /home/two-asus/ros2_ws/install/turtlesim_catch_them_all/lib/python3.10/site-packages/turtlesim_catch_them_all/turtle_controller.py to turtle_controller.cpython-310.pyc
[0.928s] running install_data
[0.928s] running install_egg_info
[0.929s] removing '/home/two-asus/ros2_ws/install/turtlesim_catch_them_all/lib/python3.10/site-packages/turtlesim_catch_them_all-0.0.0-py3.10.egg-info' (and everything under it)
[0.930s] Copying ../../build/turtlesim_catch_them_all/turtlesim_catch_them_all.egg-info to /home/two-asus/ros2_ws/install/turtlesim_catch_them_all/lib/python3.10/site-packages/turtlesim_catch_them_all-0.0.0-py3.10.egg-info
[0.930s] running install_scripts
[0.945s] Installing turtle_controller script to /home/two-asus/ros2_ws/install/turtlesim_catch_them_all/lib/turtlesim_catch_them_all
[0.946s] Installing turtle_spawner script to /home/two-asus/ros2_ws/install/turtlesim_catch_them_all/lib/turtlesim_catch_them_all
[0.946s] writing list of installed files to '/home/two-asus/ros2_ws/build/turtlesim_catch_them_all/install.log'
[0.969s] Invoked command in '/home/two-asus/ros2_ws/src/turtlesim_catch_them_all' returned '0': CMAKE_PREFIX_PATH=/home/two-asus/ros2_ws/install/my_robot_interfaces:/home/two-asus/ros2_ws/install/my_robot_bringup:/home/two-asus/ros2_ws/install/my_cpp_pkg PYTHONPATH=/home/two-asus/ros2_ws/build/turtlesim_catch_them_all/prefix_override:/home/two-asus/ros2_ws/install/turtlesim_catch_them_all/lib/python3.10/site-packages:${PYTHONPATH} /usr/bin/python3 -W ignore:setup.py install is deprecated setup.py egg_info --egg-base ../../build/turtlesim_catch_them_all build --build-base /home/two-asus/ros2_ws/build/turtlesim_catch_them_all/build install --record /home/two-asus/ros2_ws/build/turtlesim_catch_them_all/install.log --single-version-externally-managed install_data
