[0.012s] Invoking command in '/home/two-asus/ros2_ws/build/my_cpp_pkg': CMAKE_PREFIX_PATH=${CMAKE_PREFIX_PATH}:/home/two-asus/ros2_ws/install/my_py_pkg:/opt/ros/humble /usr/bin/cmake --build /home/two-asus/ros2_ws/build/my_cpp_pkg -- -j16 -l16
[0.026s] -- Found ament_cmake: 1.3.9 (/opt/ros/humble/share/ament_cmake/cmake)
[0.103s] -- Found rclcpp: 16.0.9 (/opt/ros/humble/share/rclcpp/cmake)
[0.231s] -- Found rosidl_generator_c: 3.1.5 (/opt/ros/humble/share/rosidl_generator_c/cmake)
[0.232s] -- Found rosidl_adapter: 3.1.5 (/opt/ros/humble/share/rosidl_adapter/cmake)
[0.236s] -- Found rosidl_generator_cpp: 3.1.5 (/opt/ros/humble/share/rosidl_generator_cpp/cmake)
[0.244s] -- Using all available rosidl_typesupport_c: rosidl_typesupport_fastrtps_c;rosidl_typesupport_introspection_c
[0.254s] -- Using all available rosidl_typesupport_cpp: rosidl_typesupport_fastrtps_cpp;rosidl_typesupport_introspection_cpp
[0.294s] -- Found rmw_implementation_cmake: 6.1.2 (/opt/ros/humble/share/rmw_implementation_cmake/cmake)
[0.295s] -- Found rmw_fastrtps_cpp: 6.2.6 (/opt/ros/humble/share/rmw_fastrtps_cpp/cmake)
[5.490s] -- Using RMW implementation 'rmw_fastrtps_cpp' as default
[5.593s] -- Found example_interfaces: 0.9.3 (/opt/ros/humble/share/example_interfaces/cmake)
[5.723s] -- Configuring done
[5.735s] -- Generating done
[5.736s] -- Build files have been written to: /home/two-asus/ros2_ws/build/my_cpp_pkg
[5.753s] [35m[1mConsolidate compiler generated dependencies of target add_two_ints_server[0m
[5.753s] [35m[1mConsolidate compiler generated dependencies of target smartphone[0m
[5.753s] [35m[1mConsolidate compiler generated dependencies of target robot_news_station[0m
[5.753s] [35m[1mConsolidate compiler generated dependencies of target cpp_node[0m
[5.759s] [ 10%] [32mBuilding CXX object CMakeFiles/add_two_ints_client_no_oop.dir/src/add_two_ints_client_no_oop.cpp.o[0m
[5.763s] [ 90%] Built target smartphone
[5.763s] [ 90%] Built target add_two_ints_server
[5.763s] [ 90%] Built target robot_news_station
[5.764s] [ 90%] Built target cpp_node
[7.384s] In file included from [01m[K/opt/ros/humble/include/rclcpp/rclcpp/client.hpp:40[m[K,
[7.384s]                  from [01m[K/opt/ros/humble/include/rclcpp/rclcpp/callback_group.hpp:24[m[K,
[7.384s]                  from [01m[K/opt/ros/humble/include/rclcpp/rclcpp/any_executable.hpp:20[m[K,
[7.384s]                  from [01m[K/opt/ros/humble/include/rclcpp/rclcpp/memory_strategy.hpp:25[m[K,
[7.385s]                  from [01m[K/opt/ros/humble/include/rclcpp/rclcpp/memory_strategies.hpp:18[m[K,
[7.385s]                  from [01m[K/opt/ros/humble/include/rclcpp/rclcpp/executor_options.hpp:20[m[K,
[7.385s]                  from [01m[K/opt/ros/humble/include/rclcpp/rclcpp/executor.hpp:37[m[K,
[7.385s]                  from [01m[K/opt/ros/humble/include/rclcpp/rclcpp/executors/multi_threaded_executor.hpp:25[m[K,
[7.385s]                  from [01m[K/opt/ros/humble/include/rclcpp/rclcpp/executors.hpp:21[m[K,
[7.385s]                  from [01m[K/opt/ros/humble/include/rclcpp/rclcpp/rclcpp.hpp:155[m[K,
[7.385s]                  from [01m[K/home/two-asus/ros2_ws/src/my_cpp_pkg/src/add_two_ints_client_no_oop.cpp:1[m[K:
[7.385s] [01m[K/home/two-asus/ros2_ws/src/my_cpp_pkg/src/add_two_ints_client_no_oop.cpp:[m[K In function ‘[01m[Kint main(int, char**)[m[K’:
[7.385s] [01m[K/home/two-asus/ros2_ws/src/my_cpp_pkg/src/add_two_ints_client_no_oop.cpp:21:21:[m[K [01;31m[Kerror: [m[Kinvalid use of ‘[01m[Kthis[m[K’ in non-member function
[7.385s]    21 |         RCLCPP_INFO([01;31m[Kthis[m[K->get_logger(), "%d + %d = %d", (int)request->a, (int)request->b, (int)future.get()->sum);
[7.385s]       |                     [01;31m[K^~~~[m[K
[7.385s] [01m[K/home/two-asus/ros2_ws/src/my_cpp_pkg/src/add_two_ints_client_no_oop.cpp:21:21:[m[K [01;31m[Kerror: [m[Kinvalid use of ‘[01m[Kthis[m[K’ in non-member function
[7.385s] [01m[K/home/two-asus/ros2_ws/src/my_cpp_pkg/src/add_two_ints_client_no_oop.cpp:21:9:[m[K [01;31m[Kerror: [m[Ktemplate argument 1 is invalid
[7.385s]    21 |         [01;31m[KRCLCPP_INFO[m[K(this->get_logger(), "%d + %d = %d", (int)request->a, (int)request->b, (int)future.get()->sum);
[7.385s]       |         [01;31m[K^~~~~~~~~~~[m[K
[7.385s] [01m[K/home/two-asus/ros2_ws/src/my_cpp_pkg/src/add_two_ints_client_no_oop.cpp:21:9:[m[K [01;31m[Kerror: [m[Ktemplate argument 1 is invalid
[7.385s]    21 |         [01;31m[KRCLCPP_INFO[m[K(this->get_logger(), "%d + %d = %d", (int)request->a, (int)request->b, (int)future.get()->sum);
[7.385s]       |         [01;31m[K^~~~~~~~~~~[m[K
[7.385s] [01m[K/home/two-asus/ros2_ws/src/my_cpp_pkg/src/add_two_ints_client_no_oop.cpp:21:9:[m[K [01;31m[Kerror: [m[Ktemplate argument 1 is invalid
[7.385s]    21 |         [01;31m[KRCLCPP_INFO[m[K(this->get_logger(), "%d + %d = %d", (int)request->a, (int)request->b, (int)future.get()->sum);
[7.385s]       |         [01;31m[K^~~~~~~~~~~[m[K
[7.385s] In file included from [01m[K/opt/ros/humble/include/rclcpp/rclcpp/logging.hpp:24[m[K,
[7.385s]                  from [01m[K/opt/ros/humble/include/rclcpp/rclcpp/client.hpp:40[m[K,
[7.385s]                  from [01m[K/opt/ros/humble/include/rclcpp/rclcpp/callback_group.hpp:24[m[K,
[7.385s]                  from [01m[K/opt/ros/humble/include/rclcpp/rclcpp/any_executable.hpp:20[m[K,
[7.386s]                  from [01m[K/opt/ros/humble/include/rclcpp/rclcpp/memory_strategy.hpp:25[m[K,
[7.386s]                  from [01m[K/opt/ros/humble/include/rclcpp/rclcpp/memory_strategies.hpp:18[m[K,
[7.386s]                  from [01m[K/opt/ros/humble/include/rclcpp/rclcpp/executor_options.hpp:20[m[K,
[7.386s]                  from [01m[K/opt/ros/humble/include/rclcpp/rclcpp/executor.hpp:37[m[K,
[7.386s]                  from [01m[K/opt/ros/humble/include/rclcpp/rclcpp/executors/multi_threaded_executor.hpp:25[m[K,
[7.386s]                  from [01m[K/opt/ros/humble/include/rclcpp/rclcpp/executors.hpp:21[m[K,
[7.386s]                  from [01m[K/opt/ros/humble/include/rclcpp/rclcpp/rclcpp.hpp:155[m[K,
[7.386s]                  from [01m[K/home/two-asus/ros2_ws/src/my_cpp_pkg/src/add_two_ints_client_no_oop.cpp:1[m[K:
[7.386s] [01m[K/home/two-asus/ros2_ws/src/my_cpp_pkg/src/add_two_ints_client_no_oop.cpp:21:21:[m[K [01;31m[Kerror: [m[Kinvalid use of ‘[01m[Kthis[m[K’ in non-member function
[7.386s]    21 |         RCLCPP_INFO([01;31m[Kthis[m[K->get_logger(), "%d + %d = %d", (int)request->a, (int)request->b, (int)future.get()->sum);
[7.386s]       |                     [01;31m[K^~~~[m[K
[7.386s] [01m[K/home/two-asus/ros2_ws/src/my_cpp_pkg/src/add_two_ints_client_no_oop.cpp:21:21:[m[K [01;31m[Kerror: [m[Kinvalid use of ‘[01m[Kthis[m[K’ in non-member function
[7.386s]    21 |         RCLCPP_INFO([01;31m[Kthis[m[K->get_logger(), "%d + %d = %d", (int)request->a, (int)request->b, (int)future.get()->sum);
[7.386s]       |                     [01;31m[K^~~~[m[K
[7.386s] In file included from [01m[K/opt/ros/humble/include/rclcpp/rclcpp/client.hpp:40[m[K,
[7.386s]                  from [01m[K/opt/ros/humble/include/rclcpp/rclcpp/callback_group.hpp:24[m[K,
[7.386s]                  from [01m[K/opt/ros/humble/include/rclcpp/rclcpp/any_executable.hpp:20[m[K,
[7.386s]                  from [01m[K/opt/ros/humble/include/rclcpp/rclcpp/memory_strategy.hpp:25[m[K,
[7.386s]                  from [01m[K/opt/ros/humble/include/rclcpp/rclcpp/memory_strategies.hpp:18[m[K,
[7.386s]                  from [01m[K/opt/ros/humble/include/rclcpp/rclcpp/executor_options.hpp:20[m[K,
[7.386s]                  from [01m[K/opt/ros/humble/include/rclcpp/rclcpp/executor.hpp:37[m[K,
[7.386s]                  from [01m[K/opt/ros/humble/include/rclcpp/rclcpp/executors/multi_threaded_executor.hpp:25[m[K,
[7.386s]                  from [01m[K/opt/ros/humble/include/rclcpp/rclcpp/executors.hpp:21[m[K,
[7.386s]                  from [01m[K/opt/ros/humble/include/rclcpp/rclcpp/rclcpp.hpp:155[m[K,
[7.386s]                  from [01m[K/home/two-asus/ros2_ws/src/my_cpp_pkg/src/add_two_ints_client_no_oop.cpp:1[m[K:
[7.386s] [01m[K/home/two-asus/ros2_ws/src/my_cpp_pkg/src/add_two_ints_client_no_oop.cpp:24:21:[m[K [01;31m[Kerror: [m[Kinvalid use of ‘[01m[Kthis[m[K’ in non-member function
[7.386s]    24 |         RCLCPP_INFO([01;31m[Kthis[m[K->get_logger(), "Error while calling service");
[7.386s]       |                     [01;31m[K^~~~[m[K
[7.386s] [01m[K/home/two-asus/ros2_ws/src/my_cpp_pkg/src/add_two_ints_client_no_oop.cpp:24:21:[m[K [01;31m[Kerror: [m[Kinvalid use of ‘[01m[Kthis[m[K’ in non-member function
[7.386s] [01m[K/home/two-asus/ros2_ws/src/my_cpp_pkg/src/add_two_ints_client_no_oop.cpp:24:9:[m[K [01;31m[Kerror: [m[Ktemplate argument 1 is invalid
[7.386s]    24 |         [01;31m[KRCLCPP_INFO[m[K(this->get_logger(), "Error while calling service");
[7.387s]       |         [01;31m[K^~~~~~~~~~~[m[K
[7.387s] [01m[K/home/two-asus/ros2_ws/src/my_cpp_pkg/src/add_two_ints_client_no_oop.cpp:24:9:[m[K [01;31m[Kerror: [m[Ktemplate argument 1 is invalid
[7.387s]    24 |         [01;31m[KRCLCPP_INFO[m[K(this->get_logger(), "Error while calling service");
[7.387s]       |         [01;31m[K^~~~~~~~~~~[m[K
[7.387s] [01m[K/home/two-asus/ros2_ws/src/my_cpp_pkg/src/add_two_ints_client_no_oop.cpp:24:9:[m[K [01;31m[Kerror: [m[Ktemplate argument 1 is invalid
[7.387s]    24 |         [01;31m[KRCLCPP_INFO[m[K(this->get_logger(), "Error while calling service");
[7.387s]       |         [01;31m[K^~~~~~~~~~~[m[K
[7.387s] In file included from [01m[K/opt/ros/humble/include/rclcpp/rclcpp/logging.hpp:24[m[K,
[7.387s]                  from [01m[K/opt/ros/humble/include/rclcpp/rclcpp/client.hpp:40[m[K,
[7.387s]                  from [01m[K/opt/ros/humble/include/rclcpp/rclcpp/callback_group.hpp:24[m[K,
[7.387s]                  from [01m[K/opt/ros/humble/include/rclcpp/rclcpp/any_executable.hpp:20[m[K,
[7.387s]                  from [01m[K/opt/ros/humble/include/rclcpp/rclcpp/memory_strategy.hpp:25[m[K,
[7.387s]                  from [01m[K/opt/ros/humble/include/rclcpp/rclcpp/memory_strategies.hpp:18[m[K,
[7.387s]                  from [01m[K/opt/ros/humble/include/rclcpp/rclcpp/executor_options.hpp:20[m[K,
[7.387s]                  from [01m[K/opt/ros/humble/include/rclcpp/rclcpp/executor.hpp:37[m[K,
[7.387s]                  from [01m[K/opt/ros/humble/include/rclcpp/rclcpp/executors/multi_threaded_executor.hpp:25[m[K,
[7.387s]                  from [01m[K/opt/ros/humble/include/rclcpp/rclcpp/executors.hpp:21[m[K,
[7.387s]                  from [01m[K/opt/ros/humble/include/rclcpp/rclcpp/rclcpp.hpp:155[m[K,
[7.387s]                  from [01m[K/home/two-asus/ros2_ws/src/my_cpp_pkg/src/add_two_ints_client_no_oop.cpp:1[m[K:
[7.387s] [01m[K/home/two-asus/ros2_ws/src/my_cpp_pkg/src/add_two_ints_client_no_oop.cpp:24:21:[m[K [01;31m[Kerror: [m[Kinvalid use of ‘[01m[Kthis[m[K’ in non-member function
[7.387s]    24 |         RCLCPP_INFO([01;31m[Kthis[m[K->get_logger(), "Error while calling service");
[7.387s]       |                     [01;31m[K^~~~[m[K
[7.387s] [01m[K/home/two-asus/ros2_ws/src/my_cpp_pkg/src/add_two_ints_client_no_oop.cpp:24:21:[m[K [01;31m[Kerror: [m[Kinvalid use of ‘[01m[Kthis[m[K’ in non-member function
[7.387s]    24 |         RCLCPP_INFO([01;31m[Kthis[m[K->get_logger(), "Error while calling service");
[7.387s]       |                     [01;31m[K^~~~[m[K
[7.821s] gmake[2]: *** [CMakeFiles/add_two_ints_client_no_oop.dir/build.make:76: CMakeFiles/add_two_ints_client_no_oop.dir/src/add_two_ints_client_no_oop.cpp.o] Error 1
[7.821s] gmake[1]: *** [CMakeFiles/Makefile2:249: CMakeFiles/add_two_ints_client_no_oop.dir/all] Error 2
[7.821s] gmake: *** [Makefile:146: all] Error 2
[7.823s] Invoked command in '/home/two-asus/ros2_ws/build/my_cpp_pkg' returned '2': CMAKE_PREFIX_PATH=${CMAKE_PREFIX_PATH}:/home/two-asus/ros2_ws/install/my_py_pkg:/opt/ros/humble /usr/bin/cmake --build /home/two-asus/ros2_ws/build/my_cpp_pkg -- -j16 -l16
