[0.200s] Invoking command in '/home/two-asus/ros2_ws/build/my_robot_bringup': AMENT_PREFIX_PATH=/home/two-asus/ros2_ws/install/my_py_pkg:/home/two-asus/ros2_ws/install/my_robot_interfaces:/home/two-asus/ros2_ws/install/my_cpp_pkg:/opt/ros/humble CMAKE_PREFIX_PATH=${CMAKE_PREFIX_PATH}:/home/two-asus/ros2_ws/install/my_robot_interfaces:/home/two-asus/ros2_ws/install/my_py_pkg:/opt/ros/humble LD_LIBRARY_PATH=/home/two-asus/ros2_ws/install/my_robot_interfaces/lib:${LD_LIBRARY_PATH} PYTHONPATH=/home/two-asus/ros2_ws/install/my_py_pkg/lib/python3.10/site-packages:/home/two-asus/ros2_ws/install/my_robot_interfaces/local/lib/python3.10/dist-packages:/opt/ros/humble/lib/python3.10/site-packages:/opt/ros/humble/local/lib/python3.10/dist-packages /usr/bin/cmake --build /home/two-asus/ros2_ws/build/my_robot_bringup -- -j16 -l16
[0.223s] Invoked command in '/home/two-asus/ros2_ws/build/my_robot_bringup' returned '0': AMENT_PREFIX_PATH=/home/two-asus/ros2_ws/install/my_py_pkg:/home/two-asus/ros2_ws/install/my_robot_interfaces:/home/two-asus/ros2_ws/install/my_cpp_pkg:/opt/ros/humble CMAKE_PREFIX_PATH=${CMAKE_PREFIX_PATH}:/home/two-asus/ros2_ws/install/my_robot_interfaces:/home/two-asus/ros2_ws/install/my_py_pkg:/opt/ros/humble LD_LIBRARY_PATH=/home/two-asus/ros2_ws/install/my_robot_interfaces/lib:${LD_LIBRARY_PATH} PYTHONPATH=/home/two-asus/ros2_ws/install/my_py_pkg/lib/python3.10/site-packages:/home/two-asus/ros2_ws/install/my_robot_interfaces/local/lib/python3.10/dist-packages:/opt/ros/humble/lib/python3.10/site-packages:/opt/ros/humble/local/lib/python3.10/dist-packages /usr/bin/cmake --build /home/two-asus/ros2_ws/build/my_robot_bringup -- -j16 -l16
[0.238s] Invoking command in '/home/two-asus/ros2_ws/build/my_robot_bringup': AMENT_PREFIX_PATH=/home/two-asus/ros2_ws/install/my_py_pkg:/home/two-asus/ros2_ws/install/my_robot_interfaces:/home/two-asus/ros2_ws/install/my_cpp_pkg:/opt/ros/humble CMAKE_PREFIX_PATH=${CMAKE_PREFIX_PATH}:/home/two-asus/ros2_ws/install/my_robot_interfaces:/home/two-asus/ros2_ws/install/my_py_pkg:/opt/ros/humble LD_LIBRARY_PATH=/home/two-asus/ros2_ws/install/my_robot_interfaces/lib:${LD_LIBRARY_PATH} PYTHONPATH=/home/two-asus/ros2_ws/install/my_py_pkg/lib/python3.10/site-packages:/home/two-asus/ros2_ws/install/my_robot_interfaces/local/lib/python3.10/dist-packages:/opt/ros/humble/lib/python3.10/site-packages:/opt/ros/humble/local/lib/python3.10/dist-packages /usr/bin/cmake --install /home/two-asus/ros2_ws/build/my_robot_bringup
[0.242s] -- Install configuration: ""
[0.243s] -- Up-to-date: /home/two-asus/ros2_ws/install/my_robot_bringup/share/my_robot_bringup/launch
[0.243s] -- Installing: /home/two-asus/ros2_ws/install/my_robot_bringup/share/my_robot_bringup/launch/number_app.launch.py
[0.243s] -- Up-to-date: /home/two-asus/ros2_ws/install/my_robot_bringup/share/ament_index/resource_index/package_run_dependencies/my_robot_bringup
[0.243s] -- Up-to-date: /home/two-asus/ros2_ws/install/my_robot_bringup/share/ament_index/resource_index/parent_prefix_path/my_robot_bringup
[0.243s] -- Up-to-date: /home/two-asus/ros2_ws/install/my_robot_bringup/share/my_robot_bringup/environment/ament_prefix_path.sh
[0.243s] -- Up-to-date: /home/two-asus/ros2_ws/install/my_robot_bringup/share/my_robot_bringup/environment/ament_prefix_path.dsv
[0.243s] -- Up-to-date: /home/two-asus/ros2_ws/install/my_robot_bringup/share/my_robot_bringup/environment/path.sh
[0.243s] -- Up-to-date: /home/two-asus/ros2_ws/install/my_robot_bringup/share/my_robot_bringup/environment/path.dsv
[0.243s] -- Up-to-date: /home/two-asus/ros2_ws/install/my_robot_bringup/share/my_robot_bringup/local_setup.bash
[0.243s] -- Up-to-date: /home/two-asus/ros2_ws/install/my_robot_bringup/share/my_robot_bringup/local_setup.sh
[0.243s] -- Up-to-date: /home/two-asus/ros2_ws/install/my_robot_bringup/share/my_robot_bringup/local_setup.zsh
[0.244s] -- Up-to-date: /home/two-asus/ros2_ws/install/my_robot_bringup/share/my_robot_bringup/local_setup.dsv
[0.244s] -- Installing: /home/two-asus/ros2_ws/install/my_robot_bringup/share/my_robot_bringup/package.dsv
[0.244s] -- Up-to-date: /home/two-asus/ros2_ws/install/my_robot_bringup/share/ament_index/resource_index/packages/my_robot_bringup
[0.244s] -- Up-to-date: /home/two-asus/ros2_ws/install/my_robot_bringup/share/my_robot_bringup/cmake/my_robot_bringupConfig.cmake
[0.244s] -- Up-to-date: /home/two-asus/ros2_ws/install/my_robot_bringup/share/my_robot_bringup/cmake/my_robot_bringupConfig-version.cmake
[0.244s] -- Up-to-date: /home/two-asus/ros2_ws/install/my_robot_bringup/share/my_robot_bringup/package.xml
[0.245s] Invoked command in '/home/two-asus/ros2_ws/build/my_robot_bringup' returned '0': AMENT_PREFIX_PATH=/home/two-asus/ros2_ws/install/my_py_pkg:/home/two-asus/ros2_ws/install/my_robot_interfaces:/home/two-asus/ros2_ws/install/my_cpp_pkg:/opt/ros/humble CMAKE_PREFIX_PATH=${CMAKE_PREFIX_PATH}:/home/two-asus/ros2_ws/install/my_robot_interfaces:/home/two-asus/ros2_ws/install/my_py_pkg:/opt/ros/humble LD_LIBRARY_PATH=/home/two-asus/ros2_ws/install/my_robot_interfaces/lib:${LD_LIBRARY_PATH} PYTHONPATH=/home/two-asus/ros2_ws/install/my_py_pkg/lib/python3.10/site-packages:/home/two-asus/ros2_ws/install/my_robot_interfaces/local/lib/python3.10/dist-packages:/opt/ros/humble/lib/python3.10/site-packages:/opt/ros/humble/local/lib/python3.10/dist-packages /usr/bin/cmake --install /home/two-asus/ros2_ws/build/my_robot_bringup
