[0.182s] DEBUG:colcon:Command line arguments: ['/usr/bin/colcon', 'build']
[0.182s] DEBUG:colcon:Parsed command line arguments: Namespace(log_base=None, log_level=None, verb_name='build', build_base='build', install_base='install', merge_install=False, symlink_install=False, test_result_base=None, continue_on_error=False, executor='parallel', parallel_workers=16, event_handlers=None, ignore_user_meta=False, metas=['./colcon.meta'], base_paths=['.'], packages_ignore=None, packages_ignore_regex=None, paths=None, packages_up_to=None, packages_up_to_regex=None, packages_above=None, packages_above_and_dependencies=None, packages_above_depth=None, packages_select_by_dep=None, packages_skip_by_dep=None, packages_skip_up_to=None, packages_select_build_failed=False, packages_skip_build_finished=False, packages_select_test_failures=False, packages_skip_test_passed=False, packages_select=None, packages_skip=None, packages_select_regex=None, packages_skip_regex=None, packages_start=None, packages_end=None, allow_overriding=[], cmake_args=None, cmake_target=None, cmake_target_skip_unavailable=False, cmake_clean_cache=False, cmake_clean_first=False, cmake_force_configure=False, ament_cmake_args=None, catkin_cmake_args=None, catkin_skip_building_tests=False, verb_parser=<colcon_defaults.argument_parser.defaults.DefaultArgumentsDecorator object at 0x7fd5e16bee00>, verb_extension=<colcon_core.verb.build.BuildVerb object at 0x7fd5e19e3970>, main=<bound method BuildVerb.main of <colcon_core.verb.build.BuildVerb object at 0x7fd5e19e3970>>)
[0.276s] Level 1:colcon.colcon_core.package_discovery:discover_packages(colcon_meta) check parameters
[0.277s] Level 1:colcon.colcon_core.package_discovery:discover_packages(recursive) check parameters
[0.277s] Level 1:colcon.colcon_core.package_discovery:discover_packages(ignore) check parameters
[0.277s] Level 1:colcon.colcon_core.package_discovery:discover_packages(path) check parameters
[0.277s] Level 1:colcon.colcon_core.package_discovery:discover_packages(colcon_meta) discover
[0.277s] Level 1:colcon.colcon_core.package_discovery:discover_packages(recursive) discover
[0.277s] INFO:colcon.colcon_core.package_discovery:Crawling recursively for packages in '/home/two-asus/ros2_ws'
[0.277s] Level 1:colcon.colcon_core.package_identification:_identify(.) by extensions ['ignore', 'ignore_ament_install']
[0.277s] Level 1:colcon.colcon_core.package_identification:_identify(.) by extension 'ignore'
[0.277s] Level 1:colcon.colcon_core.package_identification:_identify(.) by extension 'ignore_ament_install'
[0.277s] Level 1:colcon.colcon_core.package_identification:_identify(.) by extensions ['colcon_pkg']
[0.277s] Level 1:colcon.colcon_core.package_identification:_identify(.) by extension 'colcon_pkg'
[0.277s] Level 1:colcon.colcon_core.package_identification:_identify(.) by extensions ['colcon_meta']
[0.277s] Level 1:colcon.colcon_core.package_identification:_identify(.) by extension 'colcon_meta'
[0.277s] Level 1:colcon.colcon_core.package_identification:_identify(.) by extensions ['ros']
[0.277s] Level 1:colcon.colcon_core.package_identification:_identify(.) by extension 'ros'
[0.285s] Level 1:colcon.colcon_core.package_identification:_identify(.) by extensions ['cmake', 'python']
[0.285s] Level 1:colcon.colcon_core.package_identification:_identify(.) by extension 'cmake'
[0.285s] Level 1:colcon.colcon_core.package_identification:_identify(.) by extension 'python'
[0.285s] Level 1:colcon.colcon_core.package_identification:_identify(.) by extensions ['python_setup_py']
[0.285s] Level 1:colcon.colcon_core.package_identification:_identify(.) by extension 'python_setup_py'
[0.285s] Level 1:colcon.colcon_core.package_identification:_identify(build) by extensions ['ignore', 'ignore_ament_install']
[0.285s] Level 1:colcon.colcon_core.package_identification:_identify(build) by extension 'ignore'
[0.285s] Level 1:colcon.colcon_core.package_identification:_identify(build) ignored
[0.285s] Level 1:colcon.colcon_core.package_identification:_identify(install) by extensions ['ignore', 'ignore_ament_install']
[0.285s] Level 1:colcon.colcon_core.package_identification:_identify(install) by extension 'ignore'
[0.285s] Level 1:colcon.colcon_core.package_identification:_identify(install) ignored
[0.285s] Level 1:colcon.colcon_core.package_identification:_identify(log) by extensions ['ignore', 'ignore_ament_install']
[0.285s] Level 1:colcon.colcon_core.package_identification:_identify(log) by extension 'ignore'
[0.285s] Level 1:colcon.colcon_core.package_identification:_identify(log) ignored
[0.285s] Level 1:colcon.colcon_core.package_identification:_identify(src) by extensions ['ignore', 'ignore_ament_install']
[0.286s] Level 1:colcon.colcon_core.package_identification:_identify(src) by extension 'ignore'
[0.286s] Level 1:colcon.colcon_core.package_identification:_identify(src) by extension 'ignore_ament_install'
[0.286s] Level 1:colcon.colcon_core.package_identification:_identify(src) by extensions ['colcon_pkg']
[0.286s] Level 1:colcon.colcon_core.package_identification:_identify(src) by extension 'colcon_pkg'
[0.286s] Level 1:colcon.colcon_core.package_identification:_identify(src) by extensions ['colcon_meta']
[0.286s] Level 1:colcon.colcon_core.package_identification:_identify(src) by extension 'colcon_meta'
[0.286s] Level 1:colcon.colcon_core.package_identification:_identify(src) by extensions ['ros']
[0.286s] Level 1:colcon.colcon_core.package_identification:_identify(src) by extension 'ros'
[0.286s] Level 1:colcon.colcon_core.package_identification:_identify(src) by extensions ['cmake', 'python']
[0.286s] Level 1:colcon.colcon_core.package_identification:_identify(src) by extension 'cmake'
[0.286s] Level 1:colcon.colcon_core.package_identification:_identify(src) by extension 'python'
[0.286s] Level 1:colcon.colcon_core.package_identification:_identify(src) by extensions ['python_setup_py']
[0.286s] Level 1:colcon.colcon_core.package_identification:_identify(src) by extension 'python_setup_py'
[0.286s] Level 1:colcon.colcon_core.package_identification:_identify(src/my_cpp_pkg) by extensions ['ignore', 'ignore_ament_install']
[0.286s] Level 1:colcon.colcon_core.package_identification:_identify(src/my_cpp_pkg) by extension 'ignore'
[0.286s] Level 1:colcon.colcon_core.package_identification:_identify(src/my_cpp_pkg) by extension 'ignore_ament_install'
[0.286s] Level 1:colcon.colcon_core.package_identification:_identify(src/my_cpp_pkg) by extensions ['colcon_pkg']
[0.286s] Level 1:colcon.colcon_core.package_identification:_identify(src/my_cpp_pkg) by extension 'colcon_pkg'
[0.286s] Level 1:colcon.colcon_core.package_identification:_identify(src/my_cpp_pkg) by extensions ['colcon_meta']
[0.286s] Level 1:colcon.colcon_core.package_identification:_identify(src/my_cpp_pkg) by extension 'colcon_meta'
[0.286s] Level 1:colcon.colcon_core.package_identification:_identify(src/my_cpp_pkg) by extensions ['ros']
[0.286s] Level 1:colcon.colcon_core.package_identification:_identify(src/my_cpp_pkg) by extension 'ros'
[0.288s] DEBUG:colcon.colcon_core.package_identification:Package 'src/my_cpp_pkg' with type 'ros.ament_cmake' and name 'my_cpp_pkg'
[0.288s] Level 1:colcon.colcon_core.package_identification:_identify(src/my_py_pkg) by extensions ['ignore', 'ignore_ament_install']
[0.288s] Level 1:colcon.colcon_core.package_identification:_identify(src/my_py_pkg) by extension 'ignore'
[0.288s] Level 1:colcon.colcon_core.package_identification:_identify(src/my_py_pkg) by extension 'ignore_ament_install'
[0.288s] Level 1:colcon.colcon_core.package_identification:_identify(src/my_py_pkg) by extensions ['colcon_pkg']
[0.288s] Level 1:colcon.colcon_core.package_identification:_identify(src/my_py_pkg) by extension 'colcon_pkg'
[0.288s] Level 1:colcon.colcon_core.package_identification:_identify(src/my_py_pkg) by extensions ['colcon_meta']
[0.288s] Level 1:colcon.colcon_core.package_identification:_identify(src/my_py_pkg) by extension 'colcon_meta'
[0.288s] Level 1:colcon.colcon_core.package_identification:_identify(src/my_py_pkg) by extensions ['ros']
[0.288s] Level 1:colcon.colcon_core.package_identification:_identify(src/my_py_pkg) by extension 'ros'
[0.289s] DEBUG:colcon.colcon_core.package_identification:Package 'src/my_py_pkg' with type 'ros.ament_python' and name 'my_py_pkg'
[0.289s] Level 1:colcon.colcon_core.package_identification:_identify(src/my_robot_bringup) by extensions ['ignore', 'ignore_ament_install']
[0.289s] Level 1:colcon.colcon_core.package_identification:_identify(src/my_robot_bringup) by extension 'ignore'
[0.289s] Level 1:colcon.colcon_core.package_identification:_identify(src/my_robot_bringup) by extension 'ignore_ament_install'
[0.289s] Level 1:colcon.colcon_core.package_identification:_identify(src/my_robot_bringup) by extensions ['colcon_pkg']
[0.289s] Level 1:colcon.colcon_core.package_identification:_identify(src/my_robot_bringup) by extension 'colcon_pkg'
[0.289s] Level 1:colcon.colcon_core.package_identification:_identify(src/my_robot_bringup) by extensions ['colcon_meta']
[0.289s] Level 1:colcon.colcon_core.package_identification:_identify(src/my_robot_bringup) by extension 'colcon_meta'
[0.289s] Level 1:colcon.colcon_core.package_identification:_identify(src/my_robot_bringup) by extensions ['ros']
[0.289s] Level 1:colcon.colcon_core.package_identification:_identify(src/my_robot_bringup) by extension 'ros'
[0.289s] DEBUG:colcon.colcon_core.package_identification:Package 'src/my_robot_bringup' with type 'ros.ament_cmake' and name 'my_robot_bringup'
[0.289s] Level 1:colcon.colcon_core.package_identification:_identify(src/my_robot_interfaces) by extensions ['ignore', 'ignore_ament_install']
[0.289s] Level 1:colcon.colcon_core.package_identification:_identify(src/my_robot_interfaces) by extension 'ignore'
[0.289s] Level 1:colcon.colcon_core.package_identification:_identify(src/my_robot_interfaces) by extension 'ignore_ament_install'
[0.289s] Level 1:colcon.colcon_core.package_identification:_identify(src/my_robot_interfaces) by extensions ['colcon_pkg']
[0.289s] Level 1:colcon.colcon_core.package_identification:_identify(src/my_robot_interfaces) by extension 'colcon_pkg'
[0.289s] Level 1:colcon.colcon_core.package_identification:_identify(src/my_robot_interfaces) by extensions ['colcon_meta']
[0.290s] Level 1:colcon.colcon_core.package_identification:_identify(src/my_robot_interfaces) by extension 'colcon_meta'
[0.290s] Level 1:colcon.colcon_core.package_identification:_identify(src/my_robot_interfaces) by extensions ['ros']
[0.290s] Level 1:colcon.colcon_core.package_identification:_identify(src/my_robot_interfaces) by extension 'ros'
[0.290s] DEBUG:colcon.colcon_core.package_identification:Package 'src/my_robot_interfaces' with type 'ros.ament_cmake' and name 'my_robot_interfaces'
[0.290s] Level 1:colcon.colcon_core.package_identification:_identify(src/turtlesim_catch_them_all) by extensions ['ignore', 'ignore_ament_install']
[0.290s] Level 1:colcon.colcon_core.package_identification:_identify(src/turtlesim_catch_them_all) by extension 'ignore'
[0.290s] Level 1:colcon.colcon_core.package_identification:_identify(src/turtlesim_catch_them_all) by extension 'ignore_ament_install'
[0.290s] Level 1:colcon.colcon_core.package_identification:_identify(src/turtlesim_catch_them_all) by extensions ['colcon_pkg']
[0.290s] Level 1:colcon.colcon_core.package_identification:_identify(src/turtlesim_catch_them_all) by extension 'colcon_pkg'
[0.290s] Level 1:colcon.colcon_core.package_identification:_identify(src/turtlesim_catch_them_all) by extensions ['colcon_meta']
[0.290s] Level 1:colcon.colcon_core.package_identification:_identify(src/turtlesim_catch_them_all) by extension 'colcon_meta'
[0.290s] Level 1:colcon.colcon_core.package_identification:_identify(src/turtlesim_catch_them_all) by extensions ['ros']
[0.290s] Level 1:colcon.colcon_core.package_identification:_identify(src/turtlesim_catch_them_all) by extension 'ros'
[0.291s] DEBUG:colcon.colcon_core.package_identification:Package 'src/turtlesim_catch_them_all' with type 'ros.ament_python' and name 'turtlesim_catch_them_all'
[0.291s] Level 1:colcon.colcon_core.package_discovery:discover_packages(recursive) using defaults
[0.291s] Level 1:colcon.colcon_core.package_discovery:discover_packages(ignore) discover
[0.291s] Level 1:colcon.colcon_core.package_discovery:discover_packages(ignore) using defaults
[0.291s] Level 1:colcon.colcon_core.package_discovery:discover_packages(path) discover
[0.291s] Level 1:colcon.colcon_core.package_discovery:discover_packages(path) using defaults
[0.305s] Level 1:colcon.colcon_core.package_discovery:discover_packages(prefix_path) check parameters
[0.305s] Level 1:colcon.colcon_core.package_discovery:discover_packages(prefix_path) discover
[0.306s] DEBUG:colcon.colcon_installed_package_information.package_discovery:Found 5 installed packages in /home/two-asus/ros2_ws/install
[0.307s] DEBUG:colcon.colcon_installed_package_information.package_discovery:Found 270 installed packages in /opt/ros/humble
[0.307s] Level 1:colcon.colcon_core.package_discovery:discover_packages(prefix_path) using defaults
[0.339s] Level 5:colcon.colcon_core.verb:set package 'my_robot_interfaces' build argument 'cmake_args' from command line to 'None'
[0.339s] Level 5:colcon.colcon_core.verb:set package 'my_robot_interfaces' build argument 'cmake_target' from command line to 'None'
[0.339s] Level 5:colcon.colcon_core.verb:set package 'my_robot_interfaces' build argument 'cmake_target_skip_unavailable' from command line to 'False'
[0.339s] Level 5:colcon.colcon_core.verb:set package 'my_robot_interfaces' build argument 'cmake_clean_cache' from command line to 'False'
[0.339s] Level 5:colcon.colcon_core.verb:set package 'my_robot_interfaces' build argument 'cmake_clean_first' from command line to 'False'
[0.339s] Level 5:colcon.colcon_core.verb:set package 'my_robot_interfaces' build argument 'cmake_force_configure' from command line to 'False'
[0.339s] Level 5:colcon.colcon_core.verb:set package 'my_robot_interfaces' build argument 'ament_cmake_args' from command line to 'None'
[0.339s] Level 5:colcon.colcon_core.verb:set package 'my_robot_interfaces' build argument 'catkin_cmake_args' from command line to 'None'
[0.339s] Level 5:colcon.colcon_core.verb:set package 'my_robot_interfaces' build argument 'catkin_skip_building_tests' from command line to 'False'
[0.339s] DEBUG:colcon.colcon_core.verb:Building package 'my_robot_interfaces' with the following arguments: {'ament_cmake_args': None, 'build_base': '/home/two-asus/ros2_ws/build/my_robot_interfaces', 'catkin_cmake_args': None, 'catkin_skip_building_tests': False, 'cmake_args': None, 'cmake_clean_cache': False, 'cmake_clean_first': False, 'cmake_force_configure': False, 'cmake_target': None, 'cmake_target_skip_unavailable': False, 'install_base': '/home/two-asus/ros2_ws/install/my_robot_interfaces', 'merge_install': False, 'path': '/home/two-asus/ros2_ws/src/my_robot_interfaces', 'symlink_install': False, 'test_result_base': None}
[0.339s] Level 5:colcon.colcon_core.verb:set package 'turtlesim_catch_them_all' build argument 'cmake_args' from command line to 'None'
[0.339s] Level 5:colcon.colcon_core.verb:set package 'turtlesim_catch_them_all' build argument 'cmake_target' from command line to 'None'
[0.339s] Level 5:colcon.colcon_core.verb:set package 'turtlesim_catch_them_all' build argument 'cmake_target_skip_unavailable' from command line to 'False'
[0.339s] Level 5:colcon.colcon_core.verb:set package 'turtlesim_catch_them_all' build argument 'cmake_clean_cache' from command line to 'False'
[0.339s] Level 5:colcon.colcon_core.verb:set package 'turtlesim_catch_them_all' build argument 'cmake_clean_first' from command line to 'False'
[0.339s] Level 5:colcon.colcon_core.verb:set package 'turtlesim_catch_them_all' build argument 'cmake_force_configure' from command line to 'False'
[0.339s] Level 5:colcon.colcon_core.verb:set package 'turtlesim_catch_them_all' build argument 'ament_cmake_args' from command line to 'None'
[0.339s] Level 5:colcon.colcon_core.verb:set package 'turtlesim_catch_them_all' build argument 'catkin_cmake_args' from command line to 'None'
[0.339s] Level 5:colcon.colcon_core.verb:set package 'turtlesim_catch_them_all' build argument 'catkin_skip_building_tests' from command line to 'False'
[0.339s] DEBUG:colcon.colcon_core.verb:Building package 'turtlesim_catch_them_all' with the following arguments: {'ament_cmake_args': None, 'build_base': '/home/two-asus/ros2_ws/build/turtlesim_catch_them_all', 'catkin_cmake_args': None, 'catkin_skip_building_tests': False, 'cmake_args': None, 'cmake_clean_cache': False, 'cmake_clean_first': False, 'cmake_force_configure': False, 'cmake_target': None, 'cmake_target_skip_unavailable': False, 'install_base': '/home/two-asus/ros2_ws/install/turtlesim_catch_them_all', 'merge_install': False, 'path': '/home/two-asus/ros2_ws/src/turtlesim_catch_them_all', 'symlink_install': False, 'test_result_base': None}
[0.339s] Level 5:colcon.colcon_core.verb:set package 'my_cpp_pkg' build argument 'cmake_args' from command line to 'None'
[0.339s] Level 5:colcon.colcon_core.verb:set package 'my_cpp_pkg' build argument 'cmake_target' from command line to 'None'
[0.339s] Level 5:colcon.colcon_core.verb:set package 'my_cpp_pkg' build argument 'cmake_target_skip_unavailable' from command line to 'False'
[0.339s] Level 5:colcon.colcon_core.verb:set package 'my_cpp_pkg' build argument 'cmake_clean_cache' from command line to 'False'
[0.339s] Level 5:colcon.colcon_core.verb:set package 'my_cpp_pkg' build argument 'cmake_clean_first' from command line to 'False'
[0.339s] Level 5:colcon.colcon_core.verb:set package 'my_cpp_pkg' build argument 'cmake_force_configure' from command line to 'False'
[0.340s] Level 5:colcon.colcon_core.verb:set package 'my_cpp_pkg' build argument 'ament_cmake_args' from command line to 'None'
[0.340s] Level 5:colcon.colcon_core.verb:set package 'my_cpp_pkg' build argument 'catkin_cmake_args' from command line to 'None'
[0.340s] Level 5:colcon.colcon_core.verb:set package 'my_cpp_pkg' build argument 'catkin_skip_building_tests' from command line to 'False'
[0.340s] DEBUG:colcon.colcon_core.verb:Building package 'my_cpp_pkg' with the following arguments: {'ament_cmake_args': None, 'build_base': '/home/two-asus/ros2_ws/build/my_cpp_pkg', 'catkin_cmake_args': None, 'catkin_skip_building_tests': False, 'cmake_args': None, 'cmake_clean_cache': False, 'cmake_clean_first': False, 'cmake_force_configure': False, 'cmake_target': None, 'cmake_target_skip_unavailable': False, 'install_base': '/home/two-asus/ros2_ws/install/my_cpp_pkg', 'merge_install': False, 'path': '/home/two-asus/ros2_ws/src/my_cpp_pkg', 'symlink_install': False, 'test_result_base': None}
[0.340s] Level 5:colcon.colcon_core.verb:set package 'my_py_pkg' build argument 'cmake_args' from command line to 'None'
[0.340s] Level 5:colcon.colcon_core.verb:set package 'my_py_pkg' build argument 'cmake_target' from command line to 'None'
[0.340s] Level 5:colcon.colcon_core.verb:set package 'my_py_pkg' build argument 'cmake_target_skip_unavailable' from command line to 'False'
[0.340s] Level 5:colcon.colcon_core.verb:set package 'my_py_pkg' build argument 'cmake_clean_cache' from command line to 'False'
[0.340s] Level 5:colcon.colcon_core.verb:set package 'my_py_pkg' build argument 'cmake_clean_first' from command line to 'False'
[0.340s] Level 5:colcon.colcon_core.verb:set package 'my_py_pkg' build argument 'cmake_force_configure' from command line to 'False'
[0.340s] Level 5:colcon.colcon_core.verb:set package 'my_py_pkg' build argument 'ament_cmake_args' from command line to 'None'
[0.340s] Level 5:colcon.colcon_core.verb:set package 'my_py_pkg' build argument 'catkin_cmake_args' from command line to 'None'
[0.340s] Level 5:colcon.colcon_core.verb:set package 'my_py_pkg' build argument 'catkin_skip_building_tests' from command line to 'False'
[0.340s] DEBUG:colcon.colcon_core.verb:Building package 'my_py_pkg' with the following arguments: {'ament_cmake_args': None, 'build_base': '/home/two-asus/ros2_ws/build/my_py_pkg', 'catkin_cmake_args': None, 'catkin_skip_building_tests': False, 'cmake_args': None, 'cmake_clean_cache': False, 'cmake_clean_first': False, 'cmake_force_configure': False, 'cmake_target': None, 'cmake_target_skip_unavailable': False, 'install_base': '/home/two-asus/ros2_ws/install/my_py_pkg', 'merge_install': False, 'path': '/home/two-asus/ros2_ws/src/my_py_pkg', 'symlink_install': False, 'test_result_base': None}
[0.340s] Level 5:colcon.colcon_core.verb:set package 'my_robot_bringup' build argument 'cmake_args' from command line to 'None'
[0.340s] Level 5:colcon.colcon_core.verb:set package 'my_robot_bringup' build argument 'cmake_target' from command line to 'None'
[0.340s] Level 5:colcon.colcon_core.verb:set package 'my_robot_bringup' build argument 'cmake_target_skip_unavailable' from command line to 'False'
[0.340s] Level 5:colcon.colcon_core.verb:set package 'my_robot_bringup' build argument 'cmake_clean_cache' from command line to 'False'
[0.340s] Level 5:colcon.colcon_core.verb:set package 'my_robot_bringup' build argument 'cmake_clean_first' from command line to 'False'
[0.340s] Level 5:colcon.colcon_core.verb:set package 'my_robot_bringup' build argument 'cmake_force_configure' from command line to 'False'
[0.340s] Level 5:colcon.colcon_core.verb:set package 'my_robot_bringup' build argument 'ament_cmake_args' from command line to 'None'
[0.340s] Level 5:colcon.colcon_core.verb:set package 'my_robot_bringup' build argument 'catkin_cmake_args' from command line to 'None'
[0.340s] Level 5:colcon.colcon_core.verb:set package 'my_robot_bringup' build argument 'catkin_skip_building_tests' from command line to 'False'
[0.340s] DEBUG:colcon.colcon_core.verb:Building package 'my_robot_bringup' with the following arguments: {'ament_cmake_args': None, 'build_base': '/home/two-asus/ros2_ws/build/my_robot_bringup', 'catkin_cmake_args': None, 'catkin_skip_building_tests': False, 'cmake_args': None, 'cmake_clean_cache': False, 'cmake_clean_first': False, 'cmake_force_configure': False, 'cmake_target': None, 'cmake_target_skip_unavailable': False, 'install_base': '/home/two-asus/ros2_ws/install/my_robot_bringup', 'merge_install': False, 'path': '/home/two-asus/ros2_ws/src/my_robot_bringup', 'symlink_install': False, 'test_result_base': None}
[0.340s] INFO:colcon.colcon_core.executor:Executing jobs using 'parallel' executor
[0.341s] DEBUG:colcon.colcon_parallel_executor.executor.parallel:run_until_complete
[0.341s] INFO:colcon.colcon_ros.task.ament_cmake.build:Building ROS package in '/home/two-asus/ros2_ws/src/my_robot_interfaces' with build type 'ament_cmake'
[0.341s] INFO:colcon.colcon_cmake.task.cmake.build:Building CMake package in '/home/two-asus/ros2_ws/src/my_robot_interfaces'
[0.344s] INFO:colcon.colcon_core.plugin_system:Skipping extension 'colcon_core.shell.bat': Not used on non-Windows systems
[0.344s] INFO:colcon.colcon_core.shell:Skip shell extension 'powershell' for command environment: Not usable outside of PowerShell
[0.344s] DEBUG:colcon.colcon_core.shell:Skip shell extension 'dsv' for command environment
[0.347s] INFO:colcon.colcon_ros.task.ament_python.build:Building ROS package in '/home/two-asus/ros2_ws/src/turtlesim_catch_them_all' with build type 'ament_python'
[0.347s] Level 1:colcon.colcon_core.shell:create_environment_hook('turtlesim_catch_them_all', 'ament_prefix_path')
[0.347s] INFO:colcon.colcon_core.shell:Creating environment hook '/home/two-asus/ros2_ws/install/turtlesim_catch_them_all/share/turtlesim_catch_them_all/hook/ament_prefix_path.ps1'
[0.348s] INFO:colcon.colcon_core.shell:Creating environment descriptor '/home/two-asus/ros2_ws/install/turtlesim_catch_them_all/share/turtlesim_catch_them_all/hook/ament_prefix_path.dsv'
[0.348s] INFO:colcon.colcon_core.shell:Creating environment hook '/home/two-asus/ros2_ws/install/turtlesim_catch_them_all/share/turtlesim_catch_them_all/hook/ament_prefix_path.sh'
[0.349s] INFO:colcon.colcon_core.shell:Skip shell extension 'powershell' for command environment: Not usable outside of PowerShell
[0.349s] DEBUG:colcon.colcon_core.shell:Skip shell extension 'dsv' for command environment
[0.358s] DEBUG:colcon.colcon_core.event_handler.log_command:Invoking command in '/home/two-asus/ros2_ws/build/my_robot_interfaces': CMAKE_PREFIX_PATH=${CMAKE_PREFIX_PATH}:/home/two-asus/ros2_ws/install/turtlesim_catch_them_all:/home/two-asus/ros2_ws/install/my_py_pkg:/opt/ros/humble /usr/bin/cmake --build /home/two-asus/ros2_ws/build/my_robot_interfaces -- -j16 -l16
[0.520s] INFO:colcon.colcon_core.task.python.build:Building Python package in '/home/two-asus/ros2_ws/src/turtlesim_catch_them_all'
[0.520s] INFO:colcon.colcon_core.shell:Skip shell extension 'powershell' for command environment: Not usable outside of PowerShell
[0.520s] DEBUG:colcon.colcon_core.shell:Skip shell extension 'dsv' for command environment
[0.725s] DEBUG:colcon.colcon_core.event_handler.log_command:Invoking command in '/home/two-asus/ros2_ws/src/turtlesim_catch_them_all': PYTHONPATH=/home/two-asus/ros2_ws/build/turtlesim_catch_them_all/prefix_override:/home/two-asus/ros2_ws/install/turtlesim_catch_them_all/lib/python3.10/site-packages:${PYTHONPATH} /usr/bin/python3 -W ignore:setup.py install is deprecated setup.py egg_info --egg-base ../../build/turtlesim_catch_them_all build --build-base /home/two-asus/ros2_ws/build/turtlesim_catch_them_all/build install --record /home/two-asus/ros2_ws/build/turtlesim_catch_them_all/install.log --single-version-externally-managed install_data
[0.911s] DEBUG:colcon.colcon_core.event_handler.log_command:Invoked command in '/home/two-asus/ros2_ws/src/turtlesim_catch_them_all' returned '0': PYTHONPATH=/home/two-asus/ros2_ws/build/turtlesim_catch_them_all/prefix_override:/home/two-asus/ros2_ws/install/turtlesim_catch_them_all/lib/python3.10/site-packages:${PYTHONPATH} /usr/bin/python3 -W ignore:setup.py install is deprecated setup.py egg_info --egg-base ../../build/turtlesim_catch_them_all build --build-base /home/two-asus/ros2_ws/build/turtlesim_catch_them_all/build install --record /home/two-asus/ros2_ws/build/turtlesim_catch_them_all/install.log --single-version-externally-managed install_data
[0.913s] Level 1:colcon.colcon_core.environment:checking '/home/two-asus/ros2_ws/install/turtlesim_catch_them_all' for CMake module files
[0.913s] Level 1:colcon.colcon_core.environment:checking '/home/two-asus/ros2_ws/install/turtlesim_catch_them_all' for CMake config files
[0.914s] Level 1:colcon.colcon_core.environment:checking '/home/two-asus/ros2_ws/install/turtlesim_catch_them_all/lib'
[0.914s] Level 1:colcon.colcon_core.environment:checking '/home/two-asus/ros2_ws/install/turtlesim_catch_them_all/bin'
[0.914s] Level 1:colcon.colcon_core.environment:checking '/home/two-asus/ros2_ws/install/turtlesim_catch_them_all/lib/pkgconfig/turtlesim_catch_them_all.pc'
[0.914s] Level 1:colcon.colcon_core.environment:checking '/home/two-asus/ros2_ws/install/turtlesim_catch_them_all/lib/python3.10/site-packages'
[0.914s] Level 1:colcon.colcon_core.shell:create_environment_hook('turtlesim_catch_them_all', 'pythonpath')
[0.915s] INFO:colcon.colcon_core.shell:Creating environment hook '/home/two-asus/ros2_ws/install/turtlesim_catch_them_all/share/turtlesim_catch_them_all/hook/pythonpath.ps1'
[0.915s] INFO:colcon.colcon_core.shell:Creating environment descriptor '/home/two-asus/ros2_ws/install/turtlesim_catch_them_all/share/turtlesim_catch_them_all/hook/pythonpath.dsv'
[0.915s] INFO:colcon.colcon_core.shell:Creating environment hook '/home/two-asus/ros2_ws/install/turtlesim_catch_them_all/share/turtlesim_catch_them_all/hook/pythonpath.sh'
[0.916s] Level 1:colcon.colcon_core.environment:checking '/home/two-asus/ros2_ws/install/turtlesim_catch_them_all/bin'
[0.916s] Level 1:colcon.colcon_core.environment:create_environment_scripts_only(turtlesim_catch_them_all)
[0.916s] INFO:colcon.colcon_core.shell:Creating package script '/home/two-asus/ros2_ws/install/turtlesim_catch_them_all/share/turtlesim_catch_them_all/package.ps1'
[0.917s] INFO:colcon.colcon_core.shell:Creating package descriptor '/home/two-asus/ros2_ws/install/turtlesim_catch_them_all/share/turtlesim_catch_them_all/package.dsv'
[0.917s] INFO:colcon.colcon_core.shell:Creating package script '/home/two-asus/ros2_ws/install/turtlesim_catch_them_all/share/turtlesim_catch_them_all/package.sh'
[0.917s] INFO:colcon.colcon_core.shell:Creating package script '/home/two-asus/ros2_ws/install/turtlesim_catch_them_all/share/turtlesim_catch_them_all/package.bash'
[0.918s] INFO:colcon.colcon_core.shell:Creating package script '/home/two-asus/ros2_ws/install/turtlesim_catch_them_all/share/turtlesim_catch_them_all/package.zsh'
[0.918s] Level 1:colcon.colcon_core.environment:create_file_with_runtime_dependencies(/home/two-asus/ros2_ws/install/turtlesim_catch_them_all/share/colcon-core/packages/turtlesim_catch_them_all)
[4.321s] DEBUG:colcon.colcon_core.event_handler.log_command:Invoked command in '/home/two-asus/ros2_ws/build/my_robot_interfaces' returned '0': CMAKE_PREFIX_PATH=${CMAKE_PREFIX_PATH}:/home/two-asus/ros2_ws/install/turtlesim_catch_them_all:/home/two-asus/ros2_ws/install/my_py_pkg:/opt/ros/humble /usr/bin/cmake --build /home/two-asus/ros2_ws/build/my_robot_interfaces -- -j16 -l16
[4.421s] DEBUG:colcon.colcon_core.event_handler.log_command:Invoking command in '/home/two-asus/ros2_ws/build/my_robot_interfaces': CMAKE_PREFIX_PATH=${CMAKE_PREFIX_PATH}:/home/two-asus/ros2_ws/install/turtlesim_catch_them_all:/home/two-asus/ros2_ws/install/my_py_pkg:/opt/ros/humble /usr/bin/cmake --install /home/two-asus/ros2_ws/build/my_robot_interfaces
[4.499s] Level 1:colcon.colcon_core.environment:create_environment_scripts_only(my_robot_interfaces)
[4.499s] Level 1:colcon.colcon_core.environment:checking '/home/two-asus/ros2_ws/install/my_robot_interfaces' for CMake module files
[4.500s] DEBUG:colcon.colcon_core.event_handler.log_command:Invoked command in '/home/two-asus/ros2_ws/build/my_robot_interfaces' returned '0': CMAKE_PREFIX_PATH=${CMAKE_PREFIX_PATH}:/home/two-asus/ros2_ws/install/turtlesim_catch_them_all:/home/two-asus/ros2_ws/install/my_py_pkg:/opt/ros/humble /usr/bin/cmake --install /home/two-asus/ros2_ws/build/my_robot_interfaces
[4.501s] Level 1:colcon.colcon_core.environment:checking '/home/two-asus/ros2_ws/install/my_robot_interfaces' for CMake config files
[4.501s] Level 1:colcon.colcon_core.shell:create_environment_hook('my_robot_interfaces', 'cmake_prefix_path')
[4.501s] INFO:colcon.colcon_core.shell:Creating environment hook '/home/two-asus/ros2_ws/install/my_robot_interfaces/share/my_robot_interfaces/hook/cmake_prefix_path.ps1'
[4.502s] INFO:colcon.colcon_core.shell:Creating environment descriptor '/home/two-asus/ros2_ws/install/my_robot_interfaces/share/my_robot_interfaces/hook/cmake_prefix_path.dsv'
[4.502s] INFO:colcon.colcon_core.shell:Creating environment hook '/home/two-asus/ros2_ws/install/my_robot_interfaces/share/my_robot_interfaces/hook/cmake_prefix_path.sh'
[4.503s] Level 1:colcon.colcon_core.environment:checking '/home/two-asus/ros2_ws/install/my_robot_interfaces/lib'
[4.503s] Level 1:colcon.colcon_core.shell:create_environment_hook('my_robot_interfaces', 'ld_library_path_lib')
[4.503s] INFO:colcon.colcon_core.shell:Creating environment hook '/home/two-asus/ros2_ws/install/my_robot_interfaces/share/my_robot_interfaces/hook/ld_library_path_lib.ps1'
[4.503s] INFO:colcon.colcon_core.shell:Creating environment descriptor '/home/two-asus/ros2_ws/install/my_robot_interfaces/share/my_robot_interfaces/hook/ld_library_path_lib.dsv'
[4.504s] INFO:colcon.colcon_core.shell:Creating environment hook '/home/two-asus/ros2_ws/install/my_robot_interfaces/share/my_robot_interfaces/hook/ld_library_path_lib.sh'
[4.504s] Level 1:colcon.colcon_core.environment:checking '/home/two-asus/ros2_ws/install/my_robot_interfaces/bin'
[4.504s] Level 1:colcon.colcon_core.environment:checking '/home/two-asus/ros2_ws/install/my_robot_interfaces/lib/pkgconfig/my_robot_interfaces.pc'
[4.504s] Level 1:colcon.colcon_core.environment:checking '/home/two-asus/ros2_ws/install/my_robot_interfaces/lib/python3.10/site-packages'
[4.505s] Level 1:colcon.colcon_core.environment:checking '/home/two-asus/ros2_ws/install/my_robot_interfaces/bin'
[4.505s] INFO:colcon.colcon_core.shell:Creating package script '/home/two-asus/ros2_ws/install/my_robot_interfaces/share/my_robot_interfaces/package.ps1'
[4.505s] INFO:colcon.colcon_core.shell:Creating package descriptor '/home/two-asus/ros2_ws/install/my_robot_interfaces/share/my_robot_interfaces/package.dsv'
[4.506s] INFO:colcon.colcon_core.shell:Creating package script '/home/two-asus/ros2_ws/install/my_robot_interfaces/share/my_robot_interfaces/package.sh'
[4.506s] INFO:colcon.colcon_core.shell:Creating package script '/home/two-asus/ros2_ws/install/my_robot_interfaces/share/my_robot_interfaces/package.bash'
[4.506s] INFO:colcon.colcon_core.shell:Creating package script '/home/two-asus/ros2_ws/install/my_robot_interfaces/share/my_robot_interfaces/package.zsh'
[4.507s] Level 1:colcon.colcon_core.environment:create_file_with_runtime_dependencies(/home/two-asus/ros2_ws/install/my_robot_interfaces/share/colcon-core/packages/my_robot_interfaces)
[4.602s] Level 1:colcon.colcon_core.environment:create_environment_scripts_only(my_robot_interfaces)
[4.603s] Level 1:colcon.colcon_core.environment:checking '/home/two-asus/ros2_ws/install/my_robot_interfaces' for CMake module files
[4.603s] Level 1:colcon.colcon_core.environment:checking '/home/two-asus/ros2_ws/install/my_robot_interfaces' for CMake config files
[4.604s] Level 1:colcon.colcon_core.shell:create_environment_hook('my_robot_interfaces', 'cmake_prefix_path')
[4.605s] INFO:colcon.colcon_core.shell:Creating environment hook '/home/two-asus/ros2_ws/install/my_robot_interfaces/share/my_robot_interfaces/hook/cmake_prefix_path.ps1'
[4.605s] INFO:colcon.colcon_core.shell:Creating environment descriptor '/home/two-asus/ros2_ws/install/my_robot_interfaces/share/my_robot_interfaces/hook/cmake_prefix_path.dsv'
[4.605s] INFO:colcon.colcon_core.shell:Creating environment hook '/home/two-asus/ros2_ws/install/my_robot_interfaces/share/my_robot_interfaces/hook/cmake_prefix_path.sh'
[4.606s] Level 1:colcon.colcon_core.environment:checking '/home/two-asus/ros2_ws/install/my_robot_interfaces/lib'
[4.606s] Level 1:colcon.colcon_core.shell:create_environment_hook('my_robot_interfaces', 'ld_library_path_lib')
[4.606s] INFO:colcon.colcon_core.shell:Creating environment hook '/home/two-asus/ros2_ws/install/my_robot_interfaces/share/my_robot_interfaces/hook/ld_library_path_lib.ps1'
[4.607s] INFO:colcon.colcon_core.shell:Creating environment descriptor '/home/two-asus/ros2_ws/install/my_robot_interfaces/share/my_robot_interfaces/hook/ld_library_path_lib.dsv'
[4.607s] INFO:colcon.colcon_core.shell:Creating environment hook '/home/two-asus/ros2_ws/install/my_robot_interfaces/share/my_robot_interfaces/hook/ld_library_path_lib.sh'
[4.607s] Level 1:colcon.colcon_core.environment:checking '/home/two-asus/ros2_ws/install/my_robot_interfaces/bin'
[4.607s] Level 1:colcon.colcon_core.environment:checking '/home/two-asus/ros2_ws/install/my_robot_interfaces/lib/pkgconfig/my_robot_interfaces.pc'
[4.607s] Level 1:colcon.colcon_core.environment:checking '/home/two-asus/ros2_ws/install/my_robot_interfaces/lib/python3.10/site-packages'
[4.608s] Level 1:colcon.colcon_core.environment:checking '/home/two-asus/ros2_ws/install/my_robot_interfaces/bin'
[4.608s] INFO:colcon.colcon_core.shell:Creating package script '/home/two-asus/ros2_ws/install/my_robot_interfaces/share/my_robot_interfaces/package.ps1'
[4.608s] INFO:colcon.colcon_core.shell:Creating package descriptor '/home/two-asus/ros2_ws/install/my_robot_interfaces/share/my_robot_interfaces/package.dsv'
[4.609s] INFO:colcon.colcon_core.shell:Creating package script '/home/two-asus/ros2_ws/install/my_robot_interfaces/share/my_robot_interfaces/package.sh'
[4.609s] INFO:colcon.colcon_core.shell:Creating package script '/home/two-asus/ros2_ws/install/my_robot_interfaces/share/my_robot_interfaces/package.bash'
[4.610s] INFO:colcon.colcon_core.shell:Creating package script '/home/two-asus/ros2_ws/install/my_robot_interfaces/share/my_robot_interfaces/package.zsh'
[4.610s] Level 1:colcon.colcon_core.environment:create_file_with_runtime_dependencies(/home/two-asus/ros2_ws/install/my_robot_interfaces/share/colcon-core/packages/my_robot_interfaces)
[4.610s] INFO:colcon.colcon_ros.task.ament_cmake.build:Building ROS package in '/home/two-asus/ros2_ws/src/my_cpp_pkg' with build type 'ament_cmake'
[4.611s] INFO:colcon.colcon_cmake.task.cmake.build:Building CMake package in '/home/two-asus/ros2_ws/src/my_cpp_pkg'
[4.611s] INFO:colcon.colcon_core.shell:Skip shell extension 'powershell' for command environment: Not usable outside of PowerShell
[4.611s] DEBUG:colcon.colcon_core.shell:Skip shell extension 'dsv' for command environment
[4.615s] INFO:colcon.colcon_ros.task.ament_python.build:Building ROS package in '/home/two-asus/ros2_ws/src/my_py_pkg' with build type 'ament_python'
[4.615s] Level 1:colcon.colcon_core.shell:create_environment_hook('my_py_pkg', 'ament_prefix_path')
[4.616s] INFO:colcon.colcon_core.shell:Creating environment hook '/home/two-asus/ros2_ws/install/my_py_pkg/share/my_py_pkg/hook/ament_prefix_path.ps1'
[4.616s] INFO:colcon.colcon_core.shell:Creating environment descriptor '/home/two-asus/ros2_ws/install/my_py_pkg/share/my_py_pkg/hook/ament_prefix_path.dsv'
[4.617s] INFO:colcon.colcon_core.shell:Creating environment hook '/home/two-asus/ros2_ws/install/my_py_pkg/share/my_py_pkg/hook/ament_prefix_path.sh'
[4.617s] INFO:colcon.colcon_core.shell:Skip shell extension 'powershell' for command environment: Not usable outside of PowerShell
[4.617s] DEBUG:colcon.colcon_core.shell:Skip shell extension 'dsv' for command environment
[4.724s] DEBUG:colcon.colcon_core.event_handler.log_command:Invoking command in '/home/two-asus/ros2_ws/build/my_cpp_pkg': CMAKE_PREFIX_PATH=/home/two-asus/ros2_ws/install/my_robot_interfaces:/home/two-asus/ros2_ws/install/my_robot_bringup:/home/two-asus/ros2_ws/install/my_cpp_pkg:/home/two-asus/ros2_ws/install/turtlesim_catch_them_all:/home/two-asus/ros2_ws/install/my_py_pkg:/opt/ros/humble /usr/bin/cmake --build /home/two-asus/ros2_ws/build/my_cpp_pkg -- -j16 -l16
[4.979s] INFO:colcon.colcon_core.task.python.build:Building Python package in '/home/two-asus/ros2_ws/src/my_py_pkg'
[4.979s] INFO:colcon.colcon_core.shell:Skip shell extension 'powershell' for command environment: Not usable outside of PowerShell
[4.979s] DEBUG:colcon.colcon_core.shell:Skip shell extension 'dsv' for command environment
[5.407s] DEBUG:colcon.colcon_core.event_handler.log_command:Invoking command in '/home/two-asus/ros2_ws/src/my_py_pkg': CMAKE_PREFIX_PATH=/home/two-asus/ros2_ws/install/my_robot_interfaces:/home/two-asus/ros2_ws/install/my_robot_bringup:/home/two-asus/ros2_ws/install/my_cpp_pkg PYTHONPATH=/home/two-asus/ros2_ws/build/my_py_pkg/prefix_override:/home/two-asus/ros2_ws/install/my_py_pkg/lib/python3.10/site-packages:${PYTHONPATH} /usr/bin/python3 -W ignore:setup.py install is deprecated setup.py egg_info --egg-base ../../build/my_py_pkg build --build-base /home/two-asus/ros2_ws/build/my_py_pkg/build install --record /home/two-asus/ros2_ws/build/my_py_pkg/install.log --single-version-externally-managed install_data
[5.703s] Level 1:colcon.colcon_core.environment:checking '/home/two-asus/ros2_ws/install/my_py_pkg' for CMake module files
[5.703s] DEBUG:colcon.colcon_core.event_handler.log_command:Invoked command in '/home/two-asus/ros2_ws/src/my_py_pkg' returned '0': CMAKE_PREFIX_PATH=/home/two-asus/ros2_ws/install/my_robot_interfaces:/home/two-asus/ros2_ws/install/my_robot_bringup:/home/two-asus/ros2_ws/install/my_cpp_pkg PYTHONPATH=/home/two-asus/ros2_ws/build/my_py_pkg/prefix_override:/home/two-asus/ros2_ws/install/my_py_pkg/lib/python3.10/site-packages:${PYTHONPATH} /usr/bin/python3 -W ignore:setup.py install is deprecated setup.py egg_info --egg-base ../../build/my_py_pkg build --build-base /home/two-asus/ros2_ws/build/my_py_pkg/build install --record /home/two-asus/ros2_ws/build/my_py_pkg/install.log --single-version-externally-managed install_data
[5.704s] Level 1:colcon.colcon_core.environment:checking '/home/two-asus/ros2_ws/install/my_py_pkg' for CMake config files
[5.704s] Level 1:colcon.colcon_core.environment:checking '/home/two-asus/ros2_ws/install/my_py_pkg/lib'
[5.705s] Level 1:colcon.colcon_core.environment:checking '/home/two-asus/ros2_ws/install/my_py_pkg/bin'
[5.705s] Level 1:colcon.colcon_core.environment:checking '/home/two-asus/ros2_ws/install/my_py_pkg/lib/pkgconfig/my_py_pkg.pc'
[5.705s] Level 1:colcon.colcon_core.environment:checking '/home/two-asus/ros2_ws/install/my_py_pkg/lib/python3.10/site-packages'
[5.705s] Level 1:colcon.colcon_core.shell:create_environment_hook('my_py_pkg', 'pythonpath')
[5.705s] INFO:colcon.colcon_core.shell:Creating environment hook '/home/two-asus/ros2_ws/install/my_py_pkg/share/my_py_pkg/hook/pythonpath.ps1'
[5.706s] INFO:colcon.colcon_core.shell:Creating environment descriptor '/home/two-asus/ros2_ws/install/my_py_pkg/share/my_py_pkg/hook/pythonpath.dsv'
[5.706s] INFO:colcon.colcon_core.shell:Creating environment hook '/home/two-asus/ros2_ws/install/my_py_pkg/share/my_py_pkg/hook/pythonpath.sh'
[5.707s] Level 1:colcon.colcon_core.environment:checking '/home/two-asus/ros2_ws/install/my_py_pkg/bin'
[5.707s] Level 1:colcon.colcon_core.environment:create_environment_scripts_only(my_py_pkg)
[5.707s] INFO:colcon.colcon_core.shell:Creating package script '/home/two-asus/ros2_ws/install/my_py_pkg/share/my_py_pkg/package.ps1'
[5.708s] INFO:colcon.colcon_core.shell:Creating package descriptor '/home/two-asus/ros2_ws/install/my_py_pkg/share/my_py_pkg/package.dsv'
[5.708s] INFO:colcon.colcon_core.shell:Creating package script '/home/two-asus/ros2_ws/install/my_py_pkg/share/my_py_pkg/package.sh'
[5.709s] INFO:colcon.colcon_core.shell:Creating package script '/home/two-asus/ros2_ws/install/my_py_pkg/share/my_py_pkg/package.bash'
[5.709s] INFO:colcon.colcon_core.shell:Creating package script '/home/two-asus/ros2_ws/install/my_py_pkg/share/my_py_pkg/package.zsh'
[5.710s] Level 1:colcon.colcon_core.environment:create_file_with_runtime_dependencies(/home/two-asus/ros2_ws/install/my_py_pkg/share/colcon-core/packages/my_py_pkg)
[18.016s] DEBUG:colcon.colcon_core.event_handler.log_command:Invoked command in '/home/two-asus/ros2_ws/build/my_cpp_pkg' returned '0': CMAKE_PREFIX_PATH=/home/two-asus/ros2_ws/install/my_robot_interfaces:/home/two-asus/ros2_ws/install/my_robot_bringup:/home/two-asus/ros2_ws/install/my_cpp_pkg:/home/two-asus/ros2_ws/install/turtlesim_catch_them_all:/home/two-asus/ros2_ws/install/my_py_pkg:/opt/ros/humble /usr/bin/cmake --build /home/two-asus/ros2_ws/build/my_cpp_pkg -- -j16 -l16
[18.052s] DEBUG:colcon.colcon_core.event_handler.log_command:Invoking command in '/home/two-asus/ros2_ws/build/my_cpp_pkg': CMAKE_PREFIX_PATH=/home/two-asus/ros2_ws/install/my_robot_interfaces:/home/two-asus/ros2_ws/install/my_robot_bringup:/home/two-asus/ros2_ws/install/my_cpp_pkg:/home/two-asus/ros2_ws/install/turtlesim_catch_them_all:/home/two-asus/ros2_ws/install/my_py_pkg:/opt/ros/humble /usr/bin/cmake --install /home/two-asus/ros2_ws/build/my_cpp_pkg
[18.063s] Level 1:colcon.colcon_core.environment:create_environment_scripts_only(my_cpp_pkg)
[18.063s] Level 1:colcon.colcon_core.environment:checking '/home/two-asus/ros2_ws/install/my_cpp_pkg' for CMake module files
[18.064s] DEBUG:colcon.colcon_core.event_handler.log_command:Invoked command in '/home/two-asus/ros2_ws/build/my_cpp_pkg' returned '0': CMAKE_PREFIX_PATH=/home/two-asus/ros2_ws/install/my_robot_interfaces:/home/two-asus/ros2_ws/install/my_robot_bringup:/home/two-asus/ros2_ws/install/my_cpp_pkg:/home/two-asus/ros2_ws/install/turtlesim_catch_them_all:/home/two-asus/ros2_ws/install/my_py_pkg:/opt/ros/humble /usr/bin/cmake --install /home/two-asus/ros2_ws/build/my_cpp_pkg
[18.065s] Level 1:colcon.colcon_core.environment:checking '/home/two-asus/ros2_ws/install/my_cpp_pkg' for CMake config files
[18.065s] Level 1:colcon.colcon_core.shell:create_environment_hook('my_cpp_pkg', 'cmake_prefix_path')
[18.065s] INFO:colcon.colcon_core.shell:Creating environment hook '/home/two-asus/ros2_ws/install/my_cpp_pkg/share/my_cpp_pkg/hook/cmake_prefix_path.ps1'
[18.066s] INFO:colcon.colcon_core.shell:Creating environment descriptor '/home/two-asus/ros2_ws/install/my_cpp_pkg/share/my_cpp_pkg/hook/cmake_prefix_path.dsv'
[18.066s] INFO:colcon.colcon_core.shell:Creating environment hook '/home/two-asus/ros2_ws/install/my_cpp_pkg/share/my_cpp_pkg/hook/cmake_prefix_path.sh'
[18.067s] Level 1:colcon.colcon_core.environment:checking '/home/two-asus/ros2_ws/install/my_cpp_pkg/lib'
[18.067s] Level 1:colcon.colcon_core.environment:checking '/home/two-asus/ros2_ws/install/my_cpp_pkg/bin'
[18.067s] Level 1:colcon.colcon_core.environment:checking '/home/two-asus/ros2_ws/install/my_cpp_pkg/lib/pkgconfig/my_cpp_pkg.pc'
[18.067s] Level 1:colcon.colcon_core.environment:checking '/home/two-asus/ros2_ws/install/my_cpp_pkg/lib/python3.10/site-packages'
[18.067s] Level 1:colcon.colcon_core.environment:checking '/home/two-asus/ros2_ws/install/my_cpp_pkg/bin'
[18.067s] INFO:colcon.colcon_core.shell:Creating package script '/home/two-asus/ros2_ws/install/my_cpp_pkg/share/my_cpp_pkg/package.ps1'
[18.068s] INFO:colcon.colcon_core.shell:Creating package descriptor '/home/two-asus/ros2_ws/install/my_cpp_pkg/share/my_cpp_pkg/package.dsv'
[18.068s] INFO:colcon.colcon_core.shell:Creating package script '/home/two-asus/ros2_ws/install/my_cpp_pkg/share/my_cpp_pkg/package.sh'
[18.069s] INFO:colcon.colcon_core.shell:Creating package script '/home/two-asus/ros2_ws/install/my_cpp_pkg/share/my_cpp_pkg/package.bash'
[18.069s] INFO:colcon.colcon_core.shell:Creating package script '/home/two-asus/ros2_ws/install/my_cpp_pkg/share/my_cpp_pkg/package.zsh'
[18.069s] Level 1:colcon.colcon_core.environment:create_file_with_runtime_dependencies(/home/two-asus/ros2_ws/install/my_cpp_pkg/share/colcon-core/packages/my_cpp_pkg)
[18.104s] Level 1:colcon.colcon_core.environment:create_environment_scripts_only(my_cpp_pkg)
[18.105s] Level 1:colcon.colcon_core.environment:checking '/home/two-asus/ros2_ws/install/my_cpp_pkg' for CMake module files
[18.105s] Level 1:colcon.colcon_core.environment:checking '/home/two-asus/ros2_ws/install/my_cpp_pkg' for CMake config files
[18.106s] Level 1:colcon.colcon_core.shell:create_environment_hook('my_cpp_pkg', 'cmake_prefix_path')
[18.106s] INFO:colcon.colcon_core.shell:Creating environment hook '/home/two-asus/ros2_ws/install/my_cpp_pkg/share/my_cpp_pkg/hook/cmake_prefix_path.ps1'
[18.106s] INFO:colcon.colcon_core.shell:Creating environment descriptor '/home/two-asus/ros2_ws/install/my_cpp_pkg/share/my_cpp_pkg/hook/cmake_prefix_path.dsv'
[18.106s] INFO:colcon.colcon_core.shell:Creating environment hook '/home/two-asus/ros2_ws/install/my_cpp_pkg/share/my_cpp_pkg/hook/cmake_prefix_path.sh'
[18.107s] Level 1:colcon.colcon_core.environment:checking '/home/two-asus/ros2_ws/install/my_cpp_pkg/lib'
[18.107s] Level 1:colcon.colcon_core.environment:checking '/home/two-asus/ros2_ws/install/my_cpp_pkg/bin'
[18.107s] Level 1:colcon.colcon_core.environment:checking '/home/two-asus/ros2_ws/install/my_cpp_pkg/lib/pkgconfig/my_cpp_pkg.pc'
[18.107s] Level 1:colcon.colcon_core.environment:checking '/home/two-asus/ros2_ws/install/my_cpp_pkg/lib/python3.10/site-packages'
[18.108s] Level 1:colcon.colcon_core.environment:checking '/home/two-asus/ros2_ws/install/my_cpp_pkg/bin'
[18.108s] INFO:colcon.colcon_core.shell:Creating package script '/home/two-asus/ros2_ws/install/my_cpp_pkg/share/my_cpp_pkg/package.ps1'
[18.108s] INFO:colcon.colcon_core.shell:Creating package descriptor '/home/two-asus/ros2_ws/install/my_cpp_pkg/share/my_cpp_pkg/package.dsv'
[18.109s] INFO:colcon.colcon_core.shell:Creating package script '/home/two-asus/ros2_ws/install/my_cpp_pkg/share/my_cpp_pkg/package.sh'
[18.109s] INFO:colcon.colcon_core.shell:Creating package script '/home/two-asus/ros2_ws/install/my_cpp_pkg/share/my_cpp_pkg/package.bash'
[18.109s] INFO:colcon.colcon_core.shell:Creating package script '/home/two-asus/ros2_ws/install/my_cpp_pkg/share/my_cpp_pkg/package.zsh'
[18.110s] Level 1:colcon.colcon_core.environment:create_file_with_runtime_dependencies(/home/two-asus/ros2_ws/install/my_cpp_pkg/share/colcon-core/packages/my_cpp_pkg)
[18.110s] INFO:colcon.colcon_ros.task.ament_cmake.build:Building ROS package in '/home/two-asus/ros2_ws/src/my_robot_bringup' with build type 'ament_cmake'
[18.110s] INFO:colcon.colcon_cmake.task.cmake.build:Building CMake package in '/home/two-asus/ros2_ws/src/my_robot_bringup'
[18.111s] INFO:colcon.colcon_core.shell:Skip shell extension 'powershell' for command environment: Not usable outside of PowerShell
[18.111s] DEBUG:colcon.colcon_core.shell:Skip shell extension 'dsv' for command environment
[18.416s] DEBUG:colcon.colcon_core.event_handler.log_command:Invoking command in '/home/two-asus/ros2_ws/build/my_robot_bringup': AMENT_PREFIX_PATH=/home/two-asus/ros2_ws/install/my_py_pkg:/home/two-asus/ros2_ws/install/turtlesim_catch_them_all:/home/two-asus/ros2_ws/install/my_robot_bringup:/home/two-asus/ros2_ws/install/my_cpp_pkg:/home/two-asus/ros2_ws/install/my_robot_interfaces:/opt/ros/humble CMAKE_PREFIX_PATH=/home/two-asus/ros2_ws/install/my_cpp_pkg:/home/two-asus/ros2_ws/install/my_robot_interfaces:/home/two-asus/ros2_ws/install/my_robot_bringup:/home/two-asus/ros2_ws/install/turtlesim_catch_them_all:/home/two-asus/ros2_ws/install/my_py_pkg:/opt/ros/humble PYTHONPATH=/home/two-asus/ros2_ws/install/my_py_pkg/lib/python3.10/site-packages:/home/two-asus/ros2_ws/install/turtlesim_catch_them_all/lib/python3.10/site-packages:/home/two-asus/ros2_ws/install/my_robot_interfaces/local/lib/python3.10/dist-packages:/opt/ros/humble/lib/python3.10/site-packages:/opt/ros/humble/local/lib/python3.10/dist-packages /usr/bin/cmake --build /home/two-asus/ros2_ws/build/my_robot_bringup -- -j16 -l16
[18.445s] DEBUG:colcon.colcon_core.event_handler.log_command:Invoked command in '/home/two-asus/ros2_ws/build/my_robot_bringup' returned '0': AMENT_PREFIX_PATH=/home/two-asus/ros2_ws/install/my_py_pkg:/home/two-asus/ros2_ws/install/turtlesim_catch_them_all:/home/two-asus/ros2_ws/install/my_robot_bringup:/home/two-asus/ros2_ws/install/my_cpp_pkg:/home/two-asus/ros2_ws/install/my_robot_interfaces:/opt/ros/humble CMAKE_PREFIX_PATH=/home/two-asus/ros2_ws/install/my_cpp_pkg:/home/two-asus/ros2_ws/install/my_robot_interfaces:/home/two-asus/ros2_ws/install/my_robot_bringup:/home/two-asus/ros2_ws/install/turtlesim_catch_them_all:/home/two-asus/ros2_ws/install/my_py_pkg:/opt/ros/humble PYTHONPATH=/home/two-asus/ros2_ws/install/my_py_pkg/lib/python3.10/site-packages:/home/two-asus/ros2_ws/install/turtlesim_catch_them_all/lib/python3.10/site-packages:/home/two-asus/ros2_ws/install/my_robot_interfaces/local/lib/python3.10/dist-packages:/opt/ros/humble/lib/python3.10/site-packages:/opt/ros/humble/local/lib/python3.10/dist-packages /usr/bin/cmake --build /home/two-asus/ros2_ws/build/my_robot_bringup -- -j16 -l16
[18.464s] DEBUG:colcon.colcon_core.event_handler.log_command:Invoking command in '/home/two-asus/ros2_ws/build/my_robot_bringup': AMENT_PREFIX_PATH=/home/two-asus/ros2_ws/install/my_py_pkg:/home/two-asus/ros2_ws/install/turtlesim_catch_them_all:/home/two-asus/ros2_ws/install/my_robot_bringup:/home/two-asus/ros2_ws/install/my_cpp_pkg:/home/two-asus/ros2_ws/install/my_robot_interfaces:/opt/ros/humble CMAKE_PREFIX_PATH=/home/two-asus/ros2_ws/install/my_cpp_pkg:/home/two-asus/ros2_ws/install/my_robot_interfaces:/home/two-asus/ros2_ws/install/my_robot_bringup:/home/two-asus/ros2_ws/install/turtlesim_catch_them_all:/home/two-asus/ros2_ws/install/my_py_pkg:/opt/ros/humble PYTHONPATH=/home/two-asus/ros2_ws/install/my_py_pkg/lib/python3.10/site-packages:/home/two-asus/ros2_ws/install/turtlesim_catch_them_all/lib/python3.10/site-packages:/home/two-asus/ros2_ws/install/my_robot_interfaces/local/lib/python3.10/dist-packages:/opt/ros/humble/lib/python3.10/site-packages:/opt/ros/humble/local/lib/python3.10/dist-packages /usr/bin/cmake --install /home/two-asus/ros2_ws/build/my_robot_bringup
[18.472s] Level 1:colcon.colcon_core.environment:create_environment_scripts_only(my_robot_bringup)
[18.473s] Level 1:colcon.colcon_core.environment:checking '/home/two-asus/ros2_ws/install/my_robot_bringup' for CMake module files
[18.473s] DEBUG:colcon.colcon_core.event_handler.log_command:Invoked command in '/home/two-asus/ros2_ws/build/my_robot_bringup' returned '0': AMENT_PREFIX_PATH=/home/two-asus/ros2_ws/install/my_py_pkg:/home/two-asus/ros2_ws/install/turtlesim_catch_them_all:/home/two-asus/ros2_ws/install/my_robot_bringup:/home/two-asus/ros2_ws/install/my_cpp_pkg:/home/two-asus/ros2_ws/install/my_robot_interfaces:/opt/ros/humble CMAKE_PREFIX_PATH=/home/two-asus/ros2_ws/install/my_cpp_pkg:/home/two-asus/ros2_ws/install/my_robot_interfaces:/home/two-asus/ros2_ws/install/my_robot_bringup:/home/two-asus/ros2_ws/install/turtlesim_catch_them_all:/home/two-asus/ros2_ws/install/my_py_pkg:/opt/ros/humble PYTHONPATH=/home/two-asus/ros2_ws/install/my_py_pkg/lib/python3.10/site-packages:/home/two-asus/ros2_ws/install/turtlesim_catch_them_all/lib/python3.10/site-packages:/home/two-asus/ros2_ws/install/my_robot_interfaces/local/lib/python3.10/dist-packages:/opt/ros/humble/lib/python3.10/site-packages:/opt/ros/humble/local/lib/python3.10/dist-packages /usr/bin/cmake --install /home/two-asus/ros2_ws/build/my_robot_bringup
[18.474s] Level 1:colcon.colcon_core.environment:checking '/home/two-asus/ros2_ws/install/my_robot_bringup' for CMake config files
[18.474s] Level 1:colcon.colcon_core.shell:create_environment_hook('my_robot_bringup', 'cmake_prefix_path')
[18.474s] INFO:colcon.colcon_core.shell:Creating environment hook '/home/two-asus/ros2_ws/install/my_robot_bringup/share/my_robot_bringup/hook/cmake_prefix_path.ps1'
[18.475s] INFO:colcon.colcon_core.shell:Creating environment descriptor '/home/two-asus/ros2_ws/install/my_robot_bringup/share/my_robot_bringup/hook/cmake_prefix_path.dsv'
[18.475s] INFO:colcon.colcon_core.shell:Creating environment hook '/home/two-asus/ros2_ws/install/my_robot_bringup/share/my_robot_bringup/hook/cmake_prefix_path.sh'
[18.475s] Level 1:colcon.colcon_core.environment:checking '/home/two-asus/ros2_ws/install/my_robot_bringup/bin'
[18.476s] Level 1:colcon.colcon_core.environment:checking '/home/two-asus/ros2_ws/install/my_robot_bringup/lib/pkgconfig/my_robot_bringup.pc'
[18.476s] Level 1:colcon.colcon_core.environment:checking '/home/two-asus/ros2_ws/install/my_robot_bringup/lib/python3.10/site-packages'
[18.476s] Level 1:colcon.colcon_core.environment:checking '/home/two-asus/ros2_ws/install/my_robot_bringup/bin'
[18.476s] INFO:colcon.colcon_core.shell:Creating package script '/home/two-asus/ros2_ws/install/my_robot_bringup/share/my_robot_bringup/package.ps1'
[18.477s] INFO:colcon.colcon_core.shell:Creating package descriptor '/home/two-asus/ros2_ws/install/my_robot_bringup/share/my_robot_bringup/package.dsv'
[18.477s] INFO:colcon.colcon_core.shell:Creating package script '/home/two-asus/ros2_ws/install/my_robot_bringup/share/my_robot_bringup/package.sh'
[18.477s] INFO:colcon.colcon_core.shell:Creating package script '/home/two-asus/ros2_ws/install/my_robot_bringup/share/my_robot_bringup/package.bash'
[18.478s] INFO:colcon.colcon_core.shell:Creating package script '/home/two-asus/ros2_ws/install/my_robot_bringup/share/my_robot_bringup/package.zsh'
[18.478s] Level 1:colcon.colcon_core.environment:create_file_with_runtime_dependencies(/home/two-asus/ros2_ws/install/my_robot_bringup/share/colcon-core/packages/my_robot_bringup)
[18.496s] Level 1:colcon.colcon_core.environment:create_environment_scripts_only(my_robot_bringup)
[18.496s] Level 1:colcon.colcon_core.environment:checking '/home/two-asus/ros2_ws/install/my_robot_bringup' for CMake module files
[18.496s] Level 1:colcon.colcon_core.environment:checking '/home/two-asus/ros2_ws/install/my_robot_bringup' for CMake config files
[18.497s] Level 1:colcon.colcon_core.shell:create_environment_hook('my_robot_bringup', 'cmake_prefix_path')
[18.497s] INFO:colcon.colcon_core.shell:Creating environment hook '/home/two-asus/ros2_ws/install/my_robot_bringup/share/my_robot_bringup/hook/cmake_prefix_path.ps1'
[18.497s] INFO:colcon.colcon_core.shell:Creating environment descriptor '/home/two-asus/ros2_ws/install/my_robot_bringup/share/my_robot_bringup/hook/cmake_prefix_path.dsv'
[18.497s] INFO:colcon.colcon_core.shell:Creating environment hook '/home/two-asus/ros2_ws/install/my_robot_bringup/share/my_robot_bringup/hook/cmake_prefix_path.sh'
[18.498s] Level 1:colcon.colcon_core.environment:checking '/home/two-asus/ros2_ws/install/my_robot_bringup/bin'
[18.498s] Level 1:colcon.colcon_core.environment:checking '/home/two-asus/ros2_ws/install/my_robot_bringup/lib/pkgconfig/my_robot_bringup.pc'
[18.498s] Level 1:colcon.colcon_core.environment:checking '/home/two-asus/ros2_ws/install/my_robot_bringup/lib/python3.10/site-packages'
[18.498s] Level 1:colcon.colcon_core.environment:checking '/home/two-asus/ros2_ws/install/my_robot_bringup/bin'
[18.499s] INFO:colcon.colcon_core.shell:Creating package script '/home/two-asus/ros2_ws/install/my_robot_bringup/share/my_robot_bringup/package.ps1'
[18.499s] INFO:colcon.colcon_core.shell:Creating package descriptor '/home/two-asus/ros2_ws/install/my_robot_bringup/share/my_robot_bringup/package.dsv'
[18.500s] INFO:colcon.colcon_core.shell:Creating package script '/home/two-asus/ros2_ws/install/my_robot_bringup/share/my_robot_bringup/package.sh'
[18.500s] INFO:colcon.colcon_core.shell:Creating package script '/home/two-asus/ros2_ws/install/my_robot_bringup/share/my_robot_bringup/package.bash'
[18.500s] INFO:colcon.colcon_core.shell:Creating package script '/home/two-asus/ros2_ws/install/my_robot_bringup/share/my_robot_bringup/package.zsh'
[18.501s] Level 1:colcon.colcon_core.environment:create_file_with_runtime_dependencies(/home/two-asus/ros2_ws/install/my_robot_bringup/share/colcon-core/packages/my_robot_bringup)
[18.501s] DEBUG:colcon.colcon_parallel_executor.executor.parallel:closing loop
[18.501s] DEBUG:colcon.colcon_parallel_executor.executor.parallel:loop closed
[18.502s] DEBUG:colcon.colcon_parallel_executor.executor.parallel:run_until_complete finished with '0'
[18.502s] DEBUG:colcon.colcon_core.event_reactor:joining thread
[18.567s] INFO:colcon.colcon_core.plugin_system:Skipping extension 'colcon_notification.desktop_notification.notify_send': Could not find 'notify-send'
[18.568s] INFO:colcon.colcon_core.plugin_system:Skipping extension 'colcon_notification.desktop_notification.terminal_notifier': Not used on non-Darwin systems
[18.568s] INFO:colcon.colcon_core.plugin_system:Skipping extension 'colcon_notification.desktop_notification.win32': Not used on non-Windows systems
[18.568s] INFO:colcon.colcon_notification.desktop_notification:Sending desktop notification using 'notify2'
[18.569s] DEBUG:colcon.colcon_notification.desktop_notification.notify2:Failed to initialize notify2: org.freedesktop.DBus.Error.ServiceUnknown: The name org.freedesktop.Notifications was not provided by any .service files
[18.569s] DEBUG:colcon.colcon_core.event_reactor:joined thread
[18.570s] INFO:colcon.colcon_core.shell:Creating prefix script '/home/two-asus/ros2_ws/install/local_setup.ps1'
[18.571s] INFO:colcon.colcon_core.shell:Creating prefix util module '/home/two-asus/ros2_ws/install/_local_setup_util_ps1.py'
[18.572s] INFO:colcon.colcon_core.shell:Creating prefix chain script '/home/two-asus/ros2_ws/install/setup.ps1'
[18.573s] INFO:colcon.colcon_core.shell:Creating prefix script '/home/two-asus/ros2_ws/install/local_setup.sh'
[18.573s] INFO:colcon.colcon_core.shell:Creating prefix util module '/home/two-asus/ros2_ws/install/_local_setup_util_sh.py'
[18.574s] INFO:colcon.colcon_core.shell:Creating prefix chain script '/home/two-asus/ros2_ws/install/setup.sh'
[18.575s] INFO:colcon.colcon_core.shell:Creating prefix script '/home/two-asus/ros2_ws/install/local_setup.bash'
[18.575s] INFO:colcon.colcon_core.shell:Creating prefix chain script '/home/two-asus/ros2_ws/install/setup.bash'
[18.576s] INFO:colcon.colcon_core.shell:Creating prefix script '/home/two-asus/ros2_ws/install/local_setup.zsh'
[18.577s] INFO:colcon.colcon_core.shell:Creating prefix chain script '/home/two-asus/ros2_ws/install/setup.zsh'
