[0.069s] Invoking command in '/home/two-asus/ros2_ws/build/my_cpp_pkg': AMENT_PREFIX_PATH=/home/two-asus/ros2_ws/install/my_robot_interfaces:${AMENT_PREFIX_PATH} CMAKE_PREFIX_PATH=/home/two-asus/ros2_ws/install/my_robot_interfaces:/home/two-asus/ros2_ws/install/my_cpp_pkg:/home/two-asus/ros2_ws/install/my_py_pkg:/opt/ros/humble LD_LIBRARY_PATH=/home/two-asus/ros2_ws/install/my_robot_interfaces/lib:${LD_LIBRARY_PATH} PYTHONPATH=/home/two-asus/ros2_ws/install/my_robot_interfaces/local/lib/python3.10/dist-packages:${PYTHONPATH} /usr/bin/cmake --build /home/two-asus/ros2_ws/build/my_cpp_pkg -- -j16 -l16
[0.259s] [ 57%] Built target robot_news_station
[0.259s] [ 57%] Built target smartphone
[0.260s] [ 57%] Built target add_two_ints_client
[0.260s] [ 57%] Built target cpp_node
[0.260s] [ 85%] Built target add_two_ints_client_no_oop
[0.260s] [ 78%] Built target add_two_ints_server
[0.260s] [100%] Built target hw_status_publisher
[0.260s] Invoked command in '/home/two-asus/ros2_ws/build/my_cpp_pkg' returned '0': AMENT_PREFIX_PATH=/home/two-asus/ros2_ws/install/my_robot_interfaces:${AMENT_PREFIX_PATH} CMAKE_PREFIX_PATH=/home/two-asus/ros2_ws/install/my_robot_interfaces:/home/two-asus/ros2_ws/install/my_cpp_pkg:/home/two-asus/ros2_ws/install/my_py_pkg:/opt/ros/humble LD_LIBRARY_PATH=/home/two-asus/ros2_ws/install/my_robot_interfaces/lib:${LD_LIBRARY_PATH} PYTHONPATH=/home/two-asus/ros2_ws/install/my_robot_interfaces/local/lib/python3.10/dist-packages:${PYTHONPATH} /usr/bin/cmake --build /home/two-asus/ros2_ws/build/my_cpp_pkg -- -j16 -l16
[0.294s] Invoking command in '/home/two-asus/ros2_ws/build/my_cpp_pkg': AMENT_PREFIX_PATH=/home/two-asus/ros2_ws/install/my_robot_interfaces:${AMENT_PREFIX_PATH} CMAKE_PREFIX_PATH=/home/two-asus/ros2_ws/install/my_robot_interfaces:/home/two-asus/ros2_ws/install/my_cpp_pkg:/home/two-asus/ros2_ws/install/my_py_pkg:/opt/ros/humble LD_LIBRARY_PATH=/home/two-asus/ros2_ws/install/my_robot_interfaces/lib:${LD_LIBRARY_PATH} PYTHONPATH=/home/two-asus/ros2_ws/install/my_robot_interfaces/local/lib/python3.10/dist-packages:${PYTHONPATH} /usr/bin/cmake --install /home/two-asus/ros2_ws/build/my_cpp_pkg
[0.299s] -- Install configuration: ""
[0.299s] -- Up-to-date: /home/two-asus/ros2_ws/install/my_cpp_pkg/lib/my_cpp_pkg/cpp_node
[0.300s] -- Up-to-date: /home/two-asus/ros2_ws/install/my_cpp_pkg/lib/my_cpp_pkg/robot_news_station
[0.300s] -- Up-to-date: /home/two-asus/ros2_ws/install/my_cpp_pkg/lib/my_cpp_pkg/smartphone
[0.300s] -- Up-to-date: /home/two-asus/ros2_ws/install/my_cpp_pkg/lib/my_cpp_pkg/add_two_ints_server
[0.300s] -- Up-to-date: /home/two-asus/ros2_ws/install/my_cpp_pkg/lib/my_cpp_pkg/add_two_ints_client_no_oop
[0.300s] -- Up-to-date: /home/two-asus/ros2_ws/install/my_cpp_pkg/lib/my_cpp_pkg/add_two_ints_client
[0.300s] -- Up-to-date: /home/two-asus/ros2_ws/install/my_cpp_pkg/lib/my_cpp_pkg/hw_status_publisher
[0.301s] -- Up-to-date: /home/two-asus/ros2_ws/install/my_cpp_pkg/share/ament_index/resource_index/package_run_dependencies/my_cpp_pkg
[0.301s] -- Up-to-date: /home/two-asus/ros2_ws/install/my_cpp_pkg/share/ament_index/resource_index/parent_prefix_path/my_cpp_pkg
[0.302s] -- Up-to-date: /home/two-asus/ros2_ws/install/my_cpp_pkg/share/my_cpp_pkg/environment/ament_prefix_path.sh
[0.302s] -- Up-to-date: /home/two-asus/ros2_ws/install/my_cpp_pkg/share/my_cpp_pkg/environment/ament_prefix_path.dsv
[0.302s] -- Up-to-date: /home/two-asus/ros2_ws/install/my_cpp_pkg/share/my_cpp_pkg/environment/path.sh
[0.302s] -- Up-to-date: /home/two-asus/ros2_ws/install/my_cpp_pkg/share/my_cpp_pkg/environment/path.dsv
[0.302s] -- Up-to-date: /home/two-asus/ros2_ws/install/my_cpp_pkg/share/my_cpp_pkg/local_setup.bash
[0.302s] -- Up-to-date: /home/two-asus/ros2_ws/install/my_cpp_pkg/share/my_cpp_pkg/local_setup.sh
[0.302s] -- Up-to-date: /home/two-asus/ros2_ws/install/my_cpp_pkg/share/my_cpp_pkg/local_setup.zsh
[0.302s] -- Up-to-date: /home/two-asus/ros2_ws/install/my_cpp_pkg/share/my_cpp_pkg/local_setup.dsv
[0.302s] -- Installing: /home/two-asus/ros2_ws/install/my_cpp_pkg/share/my_cpp_pkg/package.dsv
[0.302s] -- Up-to-date: /home/two-asus/ros2_ws/install/my_cpp_pkg/share/ament_index/resource_index/packages/my_cpp_pkg
[0.303s] -- Up-to-date: /home/two-asus/ros2_ws/install/my_cpp_pkg/share/my_cpp_pkg/cmake/my_cpp_pkgConfig.cmake
[0.303s] -- Up-to-date: /home/two-asus/ros2_ws/install/my_cpp_pkg/share/my_cpp_pkg/cmake/my_cpp_pkgConfig-version.cmake
[0.303s] -- Up-to-date: /home/two-asus/ros2_ws/install/my_cpp_pkg/share/my_cpp_pkg/package.xml
[0.304s] Invoked command in '/home/two-asus/ros2_ws/build/my_cpp_pkg' returned '0': AMENT_PREFIX_PATH=/home/two-asus/ros2_ws/install/my_robot_interfaces:${AMENT_PREFIX_PATH} CMAKE_PREFIX_PATH=/home/two-asus/ros2_ws/install/my_robot_interfaces:/home/two-asus/ros2_ws/install/my_cpp_pkg:/home/two-asus/ros2_ws/install/my_py_pkg:/opt/ros/humble LD_LIBRARY_PATH=/home/two-asus/ros2_ws/install/my_robot_interfaces/lib:${LD_LIBRARY_PATH} PYTHONPATH=/home/two-asus/ros2_ws/install/my_robot_interfaces/local/lib/python3.10/dist-packages:${PYTHONPATH} /usr/bin/cmake --install /home/two-asus/ros2_ws/build/my_cpp_pkg
