[0.183s] DEBUG:colcon:Command line arguments: ['/usr/bin/colcon', 'build']
[0.183s] DEBUG:colcon:Parsed command line arguments: Namespace(log_base=None, log_level=None, verb_name='build', build_base='build', install_base='install', merge_install=False, symlink_install=False, test_result_base=None, continue_on_error=False, executor='parallel', parallel_workers=16, event_handlers=None, ignore_user_meta=False, metas=['./colcon.meta'], base_paths=['.'], packages_ignore=None, packages_ignore_regex=None, paths=None, packages_up_to=None, packages_up_to_regex=None, packages_above=None, packages_above_and_dependencies=None, packages_above_depth=None, packages_select_by_dep=None, packages_skip_by_dep=None, packages_skip_up_to=None, packages_select_build_failed=False, packages_skip_build_finished=False, packages_select_test_failures=False, packages_skip_test_passed=False, packages_select=None, packages_skip=None, packages_select_regex=None, packages_skip_regex=None, packages_start=None, packages_end=None, allow_overriding=[], cmake_args=None, cmake_target=None, cmake_target_skip_unavailable=False, cmake_clean_cache=False, cmake_clean_first=False, cmake_force_configure=False, ament_cmake_args=None, catkin_cmake_args=None, catkin_skip_building_tests=False, verb_parser=<colcon_defaults.argument_parser.defaults.DefaultArgumentsDecorator object at 0x7fb4ac36add0>, verb_extension=<colcon_core.verb.build.BuildVerb object at 0x7fb4ac68f940>, main=<bound method BuildVerb.main of <colcon_core.verb.build.BuildVerb object at 0x7fb4ac68f940>>)
[0.276s] Level 1:colcon.colcon_core.package_discovery:discover_packages(colcon_meta) check parameters
[0.276s] Level 1:colcon.colcon_core.package_discovery:discover_packages(recursive) check parameters
[0.276s] Level 1:colcon.colcon_core.package_discovery:discover_packages(ignore) check parameters
[0.276s] Level 1:colcon.colcon_core.package_discovery:discover_packages(path) check parameters
[0.276s] Level 1:colcon.colcon_core.package_discovery:discover_packages(colcon_meta) discover
[0.276s] Level 1:colcon.colcon_core.package_discovery:discover_packages(recursive) discover
[0.276s] INFO:colcon.colcon_core.package_discovery:Crawling recursively for packages in '/home/two-asus/ros2_ws'
[0.276s] Level 1:colcon.colcon_core.package_identification:_identify(.) by extensions ['ignore', 'ignore_ament_install']
[0.276s] Level 1:colcon.colcon_core.package_identification:_identify(.) by extension 'ignore'
[0.276s] Level 1:colcon.colcon_core.package_identification:_identify(.) by extension 'ignore_ament_install'
[0.276s] Level 1:colcon.colcon_core.package_identification:_identify(.) by extensions ['colcon_pkg']
[0.276s] Level 1:colcon.colcon_core.package_identification:_identify(.) by extension 'colcon_pkg'
[0.276s] Level 1:colcon.colcon_core.package_identification:_identify(.) by extensions ['colcon_meta']
[0.276s] Level 1:colcon.colcon_core.package_identification:_identify(.) by extension 'colcon_meta'
[0.276s] Level 1:colcon.colcon_core.package_identification:_identify(.) by extensions ['ros']
[0.276s] Level 1:colcon.colcon_core.package_identification:_identify(.) by extension 'ros'
[0.283s] Level 1:colcon.colcon_core.package_identification:_identify(.) by extensions ['cmake', 'python']
[0.283s] Level 1:colcon.colcon_core.package_identification:_identify(.) by extension 'cmake'
[0.283s] Level 1:colcon.colcon_core.package_identification:_identify(.) by extension 'python'
[0.284s] Level 1:colcon.colcon_core.package_identification:_identify(.) by extensions ['python_setup_py']
[0.284s] Level 1:colcon.colcon_core.package_identification:_identify(.) by extension 'python_setup_py'
[0.284s] Level 1:colcon.colcon_core.package_identification:_identify(build) by extensions ['ignore', 'ignore_ament_install']
[0.284s] Level 1:colcon.colcon_core.package_identification:_identify(build) by extension 'ignore'
[0.284s] Level 1:colcon.colcon_core.package_identification:_identify(build) ignored
[0.284s] Level 1:colcon.colcon_core.package_identification:_identify(install) by extensions ['ignore', 'ignore_ament_install']
[0.284s] Level 1:colcon.colcon_core.package_identification:_identify(install) by extension 'ignore'
[0.284s] Level 1:colcon.colcon_core.package_identification:_identify(install) ignored
[0.284s] Level 1:colcon.colcon_core.package_identification:_identify(log) by extensions ['ignore', 'ignore_ament_install']
[0.284s] Level 1:colcon.colcon_core.package_identification:_identify(log) by extension 'ignore'
[0.284s] Level 1:colcon.colcon_core.package_identification:_identify(log) ignored
[0.284s] Level 1:colcon.colcon_core.package_identification:_identify(src) by extensions ['ignore', 'ignore_ament_install']
[0.284s] Level 1:colcon.colcon_core.package_identification:_identify(src) by extension 'ignore'
[0.284s] Level 1:colcon.colcon_core.package_identification:_identify(src) by extension 'ignore_ament_install'
[0.284s] Level 1:colcon.colcon_core.package_identification:_identify(src) by extensions ['colcon_pkg']
[0.284s] Level 1:colcon.colcon_core.package_identification:_identify(src) by extension 'colcon_pkg'
[0.284s] Level 1:colcon.colcon_core.package_identification:_identify(src) by extensions ['colcon_meta']
[0.284s] Level 1:colcon.colcon_core.package_identification:_identify(src) by extension 'colcon_meta'
[0.284s] Level 1:colcon.colcon_core.package_identification:_identify(src) by extensions ['ros']
[0.284s] Level 1:colcon.colcon_core.package_identification:_identify(src) by extension 'ros'
[0.285s] Level 1:colcon.colcon_core.package_identification:_identify(src) by extensions ['cmake', 'python']
[0.285s] Level 1:colcon.colcon_core.package_identification:_identify(src) by extension 'cmake'
[0.285s] Level 1:colcon.colcon_core.package_identification:_identify(src) by extension 'python'
[0.285s] Level 1:colcon.colcon_core.package_identification:_identify(src) by extensions ['python_setup_py']
[0.285s] Level 1:colcon.colcon_core.package_identification:_identify(src) by extension 'python_setup_py'
[0.285s] Level 1:colcon.colcon_core.package_identification:_identify(src/my_cpp_pkg) by extensions ['ignore', 'ignore_ament_install']
[0.285s] Level 1:colcon.colcon_core.package_identification:_identify(src/my_cpp_pkg) by extension 'ignore'
[0.285s] Level 1:colcon.colcon_core.package_identification:_identify(src/my_cpp_pkg) by extension 'ignore_ament_install'
[0.285s] Level 1:colcon.colcon_core.package_identification:_identify(src/my_cpp_pkg) by extensions ['colcon_pkg']
[0.285s] Level 1:colcon.colcon_core.package_identification:_identify(src/my_cpp_pkg) by extension 'colcon_pkg'
[0.285s] Level 1:colcon.colcon_core.package_identification:_identify(src/my_cpp_pkg) by extensions ['colcon_meta']
[0.285s] Level 1:colcon.colcon_core.package_identification:_identify(src/my_cpp_pkg) by extension 'colcon_meta'
[0.285s] Level 1:colcon.colcon_core.package_identification:_identify(src/my_cpp_pkg) by extensions ['ros']
[0.285s] Level 1:colcon.colcon_core.package_identification:_identify(src/my_cpp_pkg) by extension 'ros'
[0.287s] DEBUG:colcon.colcon_core.package_identification:Package 'src/my_cpp_pkg' with type 'ros.ament_cmake' and name 'my_cpp_pkg'
[0.287s] Level 1:colcon.colcon_core.package_identification:_identify(src/my_py_pkg) by extensions ['ignore', 'ignore_ament_install']
[0.287s] Level 1:colcon.colcon_core.package_identification:_identify(src/my_py_pkg) by extension 'ignore'
[0.287s] Level 1:colcon.colcon_core.package_identification:_identify(src/my_py_pkg) by extension 'ignore_ament_install'
[0.287s] Level 1:colcon.colcon_core.package_identification:_identify(src/my_py_pkg) by extensions ['colcon_pkg']
[0.287s] Level 1:colcon.colcon_core.package_identification:_identify(src/my_py_pkg) by extension 'colcon_pkg'
[0.287s] Level 1:colcon.colcon_core.package_identification:_identify(src/my_py_pkg) by extensions ['colcon_meta']
[0.287s] Level 1:colcon.colcon_core.package_identification:_identify(src/my_py_pkg) by extension 'colcon_meta'
[0.287s] Level 1:colcon.colcon_core.package_identification:_identify(src/my_py_pkg) by extensions ['ros']
[0.287s] Level 1:colcon.colcon_core.package_identification:_identify(src/my_py_pkg) by extension 'ros'
[0.288s] DEBUG:colcon.colcon_core.package_identification:Package 'src/my_py_pkg' with type 'ros.ament_python' and name 'my_py_pkg'
[0.288s] Level 1:colcon.colcon_core.package_identification:_identify(src/my_robot_bringup) by extensions ['ignore', 'ignore_ament_install']
[0.288s] Level 1:colcon.colcon_core.package_identification:_identify(src/my_robot_bringup) by extension 'ignore'
[0.288s] Level 1:colcon.colcon_core.package_identification:_identify(src/my_robot_bringup) by extension 'ignore_ament_install'
[0.288s] Level 1:colcon.colcon_core.package_identification:_identify(src/my_robot_bringup) by extensions ['colcon_pkg']
[0.288s] Level 1:colcon.colcon_core.package_identification:_identify(src/my_robot_bringup) by extension 'colcon_pkg'
[0.288s] Level 1:colcon.colcon_core.package_identification:_identify(src/my_robot_bringup) by extensions ['colcon_meta']
[0.288s] Level 1:colcon.colcon_core.package_identification:_identify(src/my_robot_bringup) by extension 'colcon_meta'
[0.288s] Level 1:colcon.colcon_core.package_identification:_identify(src/my_robot_bringup) by extensions ['ros']
[0.288s] Level 1:colcon.colcon_core.package_identification:_identify(src/my_robot_bringup) by extension 'ros'
[0.288s] DEBUG:colcon.colcon_core.package_identification:Package 'src/my_robot_bringup' with type 'ros.ament_cmake' and name 'my_robot_bringup'
[0.288s] Level 1:colcon.colcon_core.package_identification:_identify(src/my_robot_interfaces) by extensions ['ignore', 'ignore_ament_install']
[0.288s] Level 1:colcon.colcon_core.package_identification:_identify(src/my_robot_interfaces) by extension 'ignore'
[0.289s] Level 1:colcon.colcon_core.package_identification:_identify(src/my_robot_interfaces) by extension 'ignore_ament_install'
[0.289s] Level 1:colcon.colcon_core.package_identification:_identify(src/my_robot_interfaces) by extensions ['colcon_pkg']
[0.289s] Level 1:colcon.colcon_core.package_identification:_identify(src/my_robot_interfaces) by extension 'colcon_pkg'
[0.289s] Level 1:colcon.colcon_core.package_identification:_identify(src/my_robot_interfaces) by extensions ['colcon_meta']
[0.289s] Level 1:colcon.colcon_core.package_identification:_identify(src/my_robot_interfaces) by extension 'colcon_meta'
[0.289s] Level 1:colcon.colcon_core.package_identification:_identify(src/my_robot_interfaces) by extensions ['ros']
[0.289s] Level 1:colcon.colcon_core.package_identification:_identify(src/my_robot_interfaces) by extension 'ros'
[0.289s] DEBUG:colcon.colcon_core.package_identification:Package 'src/my_robot_interfaces' with type 'ros.ament_cmake' and name 'my_robot_interfaces'
[0.289s] Level 1:colcon.colcon_core.package_identification:_identify(src/turtlesim_catch_them_all) by extensions ['ignore', 'ignore_ament_install']
[0.289s] Level 1:colcon.colcon_core.package_identification:_identify(src/turtlesim_catch_them_all) by extension 'ignore'
[0.289s] Level 1:colcon.colcon_core.package_identification:_identify(src/turtlesim_catch_them_all) by extension 'ignore_ament_install'
[0.289s] Level 1:colcon.colcon_core.package_identification:_identify(src/turtlesim_catch_them_all) by extensions ['colcon_pkg']
[0.289s] Level 1:colcon.colcon_core.package_identification:_identify(src/turtlesim_catch_them_all) by extension 'colcon_pkg'
[0.289s] Level 1:colcon.colcon_core.package_identification:_identify(src/turtlesim_catch_them_all) by extensions ['colcon_meta']
[0.289s] Level 1:colcon.colcon_core.package_identification:_identify(src/turtlesim_catch_them_all) by extension 'colcon_meta'
[0.289s] Level 1:colcon.colcon_core.package_identification:_identify(src/turtlesim_catch_them_all) by extensions ['ros']
[0.289s] Level 1:colcon.colcon_core.package_identification:_identify(src/turtlesim_catch_them_all) by extension 'ros'
[0.290s] DEBUG:colcon.colcon_core.package_identification:Package 'src/turtlesim_catch_them_all' with type 'ros.ament_python' and name 'turtlesim_catch_them_all'
[0.290s] Level 1:colcon.colcon_core.package_discovery:discover_packages(recursive) using defaults
[0.290s] Level 1:colcon.colcon_core.package_discovery:discover_packages(ignore) discover
[0.290s] Level 1:colcon.colcon_core.package_discovery:discover_packages(ignore) using defaults
[0.290s] Level 1:colcon.colcon_core.package_discovery:discover_packages(path) discover
[0.290s] Level 1:colcon.colcon_core.package_discovery:discover_packages(path) using defaults
[0.303s] Level 1:colcon.colcon_core.package_discovery:discover_packages(prefix_path) check parameters
[0.303s] Level 1:colcon.colcon_core.package_discovery:discover_packages(prefix_path) discover
[0.304s] DEBUG:colcon.colcon_installed_package_information.package_discovery:Found 5 installed packages in /home/two-asus/ros2_ws/install
[0.305s] DEBUG:colcon.colcon_installed_package_information.package_discovery:Found 270 installed packages in /opt/ros/humble
[0.306s] Level 1:colcon.colcon_core.package_discovery:discover_packages(prefix_path) using defaults
[0.337s] Level 5:colcon.colcon_core.verb:set package 'my_robot_interfaces' build argument 'cmake_args' from command line to 'None'
[0.338s] Level 5:colcon.colcon_core.verb:set package 'my_robot_interfaces' build argument 'cmake_target' from command line to 'None'
[0.338s] Level 5:colcon.colcon_core.verb:set package 'my_robot_interfaces' build argument 'cmake_target_skip_unavailable' from command line to 'False'
[0.338s] Level 5:colcon.colcon_core.verb:set package 'my_robot_interfaces' build argument 'cmake_clean_cache' from command line to 'False'
[0.338s] Level 5:colcon.colcon_core.verb:set package 'my_robot_interfaces' build argument 'cmake_clean_first' from command line to 'False'
[0.338s] Level 5:colcon.colcon_core.verb:set package 'my_robot_interfaces' build argument 'cmake_force_configure' from command line to 'False'
[0.338s] Level 5:colcon.colcon_core.verb:set package 'my_robot_interfaces' build argument 'ament_cmake_args' from command line to 'None'
[0.338s] Level 5:colcon.colcon_core.verb:set package 'my_robot_interfaces' build argument 'catkin_cmake_args' from command line to 'None'
[0.338s] Level 5:colcon.colcon_core.verb:set package 'my_robot_interfaces' build argument 'catkin_skip_building_tests' from command line to 'False'
[0.338s] DEBUG:colcon.colcon_core.verb:Building package 'my_robot_interfaces' with the following arguments: {'ament_cmake_args': None, 'build_base': '/home/two-asus/ros2_ws/build/my_robot_interfaces', 'catkin_cmake_args': None, 'catkin_skip_building_tests': False, 'cmake_args': None, 'cmake_clean_cache': False, 'cmake_clean_first': False, 'cmake_force_configure': False, 'cmake_target': None, 'cmake_target_skip_unavailable': False, 'install_base': '/home/two-asus/ros2_ws/install/my_robot_interfaces', 'merge_install': False, 'path': '/home/two-asus/ros2_ws/src/my_robot_interfaces', 'symlink_install': False, 'test_result_base': None}
[0.338s] Level 5:colcon.colcon_core.verb:set package 'turtlesim_catch_them_all' build argument 'cmake_args' from command line to 'None'
[0.338s] Level 5:colcon.colcon_core.verb:set package 'turtlesim_catch_them_all' build argument 'cmake_target' from command line to 'None'
[0.338s] Level 5:colcon.colcon_core.verb:set package 'turtlesim_catch_them_all' build argument 'cmake_target_skip_unavailable' from command line to 'False'
[0.338s] Level 5:colcon.colcon_core.verb:set package 'turtlesim_catch_them_all' build argument 'cmake_clean_cache' from command line to 'False'
[0.338s] Level 5:colcon.colcon_core.verb:set package 'turtlesim_catch_them_all' build argument 'cmake_clean_first' from command line to 'False'
[0.338s] Level 5:colcon.colcon_core.verb:set package 'turtlesim_catch_them_all' build argument 'cmake_force_configure' from command line to 'False'
[0.338s] Level 5:colcon.colcon_core.verb:set package 'turtlesim_catch_them_all' build argument 'ament_cmake_args' from command line to 'None'
[0.338s] Level 5:colcon.colcon_core.verb:set package 'turtlesim_catch_them_all' build argument 'catkin_cmake_args' from command line to 'None'
[0.338s] Level 5:colcon.colcon_core.verb:set package 'turtlesim_catch_them_all' build argument 'catkin_skip_building_tests' from command line to 'False'
[0.338s] DEBUG:colcon.colcon_core.verb:Building package 'turtlesim_catch_them_all' with the following arguments: {'ament_cmake_args': None, 'build_base': '/home/two-asus/ros2_ws/build/turtlesim_catch_them_all', 'catkin_cmake_args': None, 'catkin_skip_building_tests': False, 'cmake_args': None, 'cmake_clean_cache': False, 'cmake_clean_first': False, 'cmake_force_configure': False, 'cmake_target': None, 'cmake_target_skip_unavailable': False, 'install_base': '/home/two-asus/ros2_ws/install/turtlesim_catch_them_all', 'merge_install': False, 'path': '/home/two-asus/ros2_ws/src/turtlesim_catch_them_all', 'symlink_install': False, 'test_result_base': None}
[0.338s] Level 5:colcon.colcon_core.verb:set package 'my_cpp_pkg' build argument 'cmake_args' from command line to 'None'
[0.338s] Level 5:colcon.colcon_core.verb:set package 'my_cpp_pkg' build argument 'cmake_target' from command line to 'None'
[0.338s] Level 5:colcon.colcon_core.verb:set package 'my_cpp_pkg' build argument 'cmake_target_skip_unavailable' from command line to 'False'
[0.338s] Level 5:colcon.colcon_core.verb:set package 'my_cpp_pkg' build argument 'cmake_clean_cache' from command line to 'False'
[0.338s] Level 5:colcon.colcon_core.verb:set package 'my_cpp_pkg' build argument 'cmake_clean_first' from command line to 'False'
[0.338s] Level 5:colcon.colcon_core.verb:set package 'my_cpp_pkg' build argument 'cmake_force_configure' from command line to 'False'
[0.338s] Level 5:colcon.colcon_core.verb:set package 'my_cpp_pkg' build argument 'ament_cmake_args' from command line to 'None'
[0.338s] Level 5:colcon.colcon_core.verb:set package 'my_cpp_pkg' build argument 'catkin_cmake_args' from command line to 'None'
[0.338s] Level 5:colcon.colcon_core.verb:set package 'my_cpp_pkg' build argument 'catkin_skip_building_tests' from command line to 'False'
[0.339s] DEBUG:colcon.colcon_core.verb:Building package 'my_cpp_pkg' with the following arguments: {'ament_cmake_args': None, 'build_base': '/home/two-asus/ros2_ws/build/my_cpp_pkg', 'catkin_cmake_args': None, 'catkin_skip_building_tests': False, 'cmake_args': None, 'cmake_clean_cache': False, 'cmake_clean_first': False, 'cmake_force_configure': False, 'cmake_target': None, 'cmake_target_skip_unavailable': False, 'install_base': '/home/two-asus/ros2_ws/install/my_cpp_pkg', 'merge_install': False, 'path': '/home/two-asus/ros2_ws/src/my_cpp_pkg', 'symlink_install': False, 'test_result_base': None}
[0.339s] Level 5:colcon.colcon_core.verb:set package 'my_py_pkg' build argument 'cmake_args' from command line to 'None'
[0.339s] Level 5:colcon.colcon_core.verb:set package 'my_py_pkg' build argument 'cmake_target' from command line to 'None'
[0.339s] Level 5:colcon.colcon_core.verb:set package 'my_py_pkg' build argument 'cmake_target_skip_unavailable' from command line to 'False'
[0.339s] Level 5:colcon.colcon_core.verb:set package 'my_py_pkg' build argument 'cmake_clean_cache' from command line to 'False'
[0.339s] Level 5:colcon.colcon_core.verb:set package 'my_py_pkg' build argument 'cmake_clean_first' from command line to 'False'
[0.339s] Level 5:colcon.colcon_core.verb:set package 'my_py_pkg' build argument 'cmake_force_configure' from command line to 'False'
[0.339s] Level 5:colcon.colcon_core.verb:set package 'my_py_pkg' build argument 'ament_cmake_args' from command line to 'None'
[0.339s] Level 5:colcon.colcon_core.verb:set package 'my_py_pkg' build argument 'catkin_cmake_args' from command line to 'None'
[0.339s] Level 5:colcon.colcon_core.verb:set package 'my_py_pkg' build argument 'catkin_skip_building_tests' from command line to 'False'
[0.339s] DEBUG:colcon.colcon_core.verb:Building package 'my_py_pkg' with the following arguments: {'ament_cmake_args': None, 'build_base': '/home/two-asus/ros2_ws/build/my_py_pkg', 'catkin_cmake_args': None, 'catkin_skip_building_tests': False, 'cmake_args': None, 'cmake_clean_cache': False, 'cmake_clean_first': False, 'cmake_force_configure': False, 'cmake_target': None, 'cmake_target_skip_unavailable': False, 'install_base': '/home/two-asus/ros2_ws/install/my_py_pkg', 'merge_install': False, 'path': '/home/two-asus/ros2_ws/src/my_py_pkg', 'symlink_install': False, 'test_result_base': None}
[0.339s] Level 5:colcon.colcon_core.verb:set package 'my_robot_bringup' build argument 'cmake_args' from command line to 'None'
[0.339s] Level 5:colcon.colcon_core.verb:set package 'my_robot_bringup' build argument 'cmake_target' from command line to 'None'
[0.339s] Level 5:colcon.colcon_core.verb:set package 'my_robot_bringup' build argument 'cmake_target_skip_unavailable' from command line to 'False'
[0.339s] Level 5:colcon.colcon_core.verb:set package 'my_robot_bringup' build argument 'cmake_clean_cache' from command line to 'False'
[0.339s] Level 5:colcon.colcon_core.verb:set package 'my_robot_bringup' build argument 'cmake_clean_first' from command line to 'False'
[0.339s] Level 5:colcon.colcon_core.verb:set package 'my_robot_bringup' build argument 'cmake_force_configure' from command line to 'False'
[0.339s] Level 5:colcon.colcon_core.verb:set package 'my_robot_bringup' build argument 'ament_cmake_args' from command line to 'None'
[0.339s] Level 5:colcon.colcon_core.verb:set package 'my_robot_bringup' build argument 'catkin_cmake_args' from command line to 'None'
[0.339s] Level 5:colcon.colcon_core.verb:set package 'my_robot_bringup' build argument 'catkin_skip_building_tests' from command line to 'False'
[0.339s] DEBUG:colcon.colcon_core.verb:Building package 'my_robot_bringup' with the following arguments: {'ament_cmake_args': None, 'build_base': '/home/two-asus/ros2_ws/build/my_robot_bringup', 'catkin_cmake_args': None, 'catkin_skip_building_tests': False, 'cmake_args': None, 'cmake_clean_cache': False, 'cmake_clean_first': False, 'cmake_force_configure': False, 'cmake_target': None, 'cmake_target_skip_unavailable': False, 'install_base': '/home/two-asus/ros2_ws/install/my_robot_bringup', 'merge_install': False, 'path': '/home/two-asus/ros2_ws/src/my_robot_bringup', 'symlink_install': False, 'test_result_base': None}
[0.339s] INFO:colcon.colcon_core.executor:Executing jobs using 'parallel' executor
[0.340s] DEBUG:colcon.colcon_parallel_executor.executor.parallel:run_until_complete
[0.341s] INFO:colcon.colcon_ros.task.ament_cmake.build:Building ROS package in '/home/two-asus/ros2_ws/src/my_robot_interfaces' with build type 'ament_cmake'
[0.341s] INFO:colcon.colcon_cmake.task.cmake.build:Building CMake package in '/home/two-asus/ros2_ws/src/my_robot_interfaces'
[0.343s] INFO:colcon.colcon_core.plugin_system:Skipping extension 'colcon_core.shell.bat': Not used on non-Windows systems
[0.343s] INFO:colcon.colcon_core.shell:Skip shell extension 'powershell' for command environment: Not usable outside of PowerShell
[0.343s] DEBUG:colcon.colcon_core.shell:Skip shell extension 'dsv' for command environment
[0.346s] INFO:colcon.colcon_ros.task.ament_python.build:Building ROS package in '/home/two-asus/ros2_ws/src/turtlesim_catch_them_all' with build type 'ament_python'
[0.346s] Level 1:colcon.colcon_core.shell:create_environment_hook('turtlesim_catch_them_all', 'ament_prefix_path')
[0.346s] INFO:colcon.colcon_core.shell:Creating environment hook '/home/two-asus/ros2_ws/install/turtlesim_catch_them_all/share/turtlesim_catch_them_all/hook/ament_prefix_path.ps1'
[0.347s] INFO:colcon.colcon_core.shell:Creating environment descriptor '/home/two-asus/ros2_ws/install/turtlesim_catch_them_all/share/turtlesim_catch_them_all/hook/ament_prefix_path.dsv'
[0.347s] INFO:colcon.colcon_core.shell:Creating environment hook '/home/two-asus/ros2_ws/install/turtlesim_catch_them_all/share/turtlesim_catch_them_all/hook/ament_prefix_path.sh'
[0.348s] INFO:colcon.colcon_core.shell:Skip shell extension 'powershell' for command environment: Not usable outside of PowerShell
[0.348s] DEBUG:colcon.colcon_core.shell:Skip shell extension 'dsv' for command environment
[0.356s] DEBUG:colcon.colcon_core.event_handler.log_command:Invoking command in '/home/two-asus/ros2_ws/build/my_robot_interfaces': CMAKE_PREFIX_PATH=${CMAKE_PREFIX_PATH}:/home/two-asus/ros2_ws/install/turtlesim_catch_them_all:/home/two-asus/ros2_ws/install/my_py_pkg:/opt/ros/humble /usr/bin/cmake --build /home/two-asus/ros2_ws/build/my_robot_interfaces -- -j16 -l16
[0.517s] INFO:colcon.colcon_core.task.python.build:Building Python package in '/home/two-asus/ros2_ws/src/turtlesim_catch_them_all'
[0.517s] INFO:colcon.colcon_core.shell:Skip shell extension 'powershell' for command environment: Not usable outside of PowerShell
[0.517s] DEBUG:colcon.colcon_core.shell:Skip shell extension 'dsv' for command environment
[0.573s] DEBUG:colcon.colcon_core.event_handler.log_command:Invoked command in '/home/two-asus/ros2_ws/build/my_robot_interfaces' returned '0': CMAKE_PREFIX_PATH=${CMAKE_PREFIX_PATH}:/home/two-asus/ros2_ws/install/turtlesim_catch_them_all:/home/two-asus/ros2_ws/install/my_py_pkg:/opt/ros/humble /usr/bin/cmake --build /home/two-asus/ros2_ws/build/my_robot_interfaces -- -j16 -l16
[0.626s] DEBUG:colcon.colcon_core.event_handler.log_command:Invoking command in '/home/two-asus/ros2_ws/build/my_robot_interfaces': CMAKE_PREFIX_PATH=${CMAKE_PREFIX_PATH}:/home/two-asus/ros2_ws/install/turtlesim_catch_them_all:/home/two-asus/ros2_ws/install/my_py_pkg:/opt/ros/humble /usr/bin/cmake --install /home/two-asus/ros2_ws/build/my_robot_interfaces
[0.666s] Level 1:colcon.colcon_core.environment:create_environment_scripts_only(my_robot_interfaces)
[0.666s] DEBUG:colcon.colcon_core.event_handler.log_command:Invoked command in '/home/two-asus/ros2_ws/build/my_robot_interfaces' returned '0': CMAKE_PREFIX_PATH=${CMAKE_PREFIX_PATH}:/home/two-asus/ros2_ws/install/turtlesim_catch_them_all:/home/two-asus/ros2_ws/install/my_py_pkg:/opt/ros/humble /usr/bin/cmake --install /home/two-asus/ros2_ws/build/my_robot_interfaces
[0.667s] Level 1:colcon.colcon_core.environment:checking '/home/two-asus/ros2_ws/install/my_robot_interfaces' for CMake module files
[0.668s] Level 1:colcon.colcon_core.environment:checking '/home/two-asus/ros2_ws/install/my_robot_interfaces' for CMake config files
[0.668s] Level 1:colcon.colcon_core.shell:create_environment_hook('my_robot_interfaces', 'cmake_prefix_path')
[0.668s] INFO:colcon.colcon_core.shell:Creating environment hook '/home/two-asus/ros2_ws/install/my_robot_interfaces/share/my_robot_interfaces/hook/cmake_prefix_path.ps1'
[0.669s] INFO:colcon.colcon_core.shell:Creating environment descriptor '/home/two-asus/ros2_ws/install/my_robot_interfaces/share/my_robot_interfaces/hook/cmake_prefix_path.dsv'
[0.669s] INFO:colcon.colcon_core.shell:Creating environment hook '/home/two-asus/ros2_ws/install/my_robot_interfaces/share/my_robot_interfaces/hook/cmake_prefix_path.sh'
[0.669s] Level 1:colcon.colcon_core.environment:checking '/home/two-asus/ros2_ws/install/my_robot_interfaces/lib'
[0.669s] Level 1:colcon.colcon_core.shell:create_environment_hook('my_robot_interfaces', 'ld_library_path_lib')
[0.669s] INFO:colcon.colcon_core.shell:Creating environment hook '/home/two-asus/ros2_ws/install/my_robot_interfaces/share/my_robot_interfaces/hook/ld_library_path_lib.ps1'
[0.670s] INFO:colcon.colcon_core.shell:Creating environment descriptor '/home/two-asus/ros2_ws/install/my_robot_interfaces/share/my_robot_interfaces/hook/ld_library_path_lib.dsv'
[0.670s] INFO:colcon.colcon_core.shell:Creating environment hook '/home/two-asus/ros2_ws/install/my_robot_interfaces/share/my_robot_interfaces/hook/ld_library_path_lib.sh'
[0.670s] Level 1:colcon.colcon_core.environment:checking '/home/two-asus/ros2_ws/install/my_robot_interfaces/bin'
[0.670s] Level 1:colcon.colcon_core.environment:checking '/home/two-asus/ros2_ws/install/my_robot_interfaces/lib/pkgconfig/my_robot_interfaces.pc'
[0.670s] Level 1:colcon.colcon_core.environment:checking '/home/two-asus/ros2_ws/install/my_robot_interfaces/lib/python3.10/site-packages'
[0.671s] Level 1:colcon.colcon_core.environment:checking '/home/two-asus/ros2_ws/install/my_robot_interfaces/bin'
[0.671s] INFO:colcon.colcon_core.shell:Creating package script '/home/two-asus/ros2_ws/install/my_robot_interfaces/share/my_robot_interfaces/package.ps1'
[0.671s] INFO:colcon.colcon_core.shell:Creating package descriptor '/home/two-asus/ros2_ws/install/my_robot_interfaces/share/my_robot_interfaces/package.dsv'
[0.672s] INFO:colcon.colcon_core.shell:Creating package script '/home/two-asus/ros2_ws/install/my_robot_interfaces/share/my_robot_interfaces/package.sh'
[0.672s] INFO:colcon.colcon_core.shell:Creating package script '/home/two-asus/ros2_ws/install/my_robot_interfaces/share/my_robot_interfaces/package.bash'
[0.673s] INFO:colcon.colcon_core.shell:Creating package script '/home/two-asus/ros2_ws/install/my_robot_interfaces/share/my_robot_interfaces/package.zsh'
[0.673s] Level 1:colcon.colcon_core.environment:create_file_with_runtime_dependencies(/home/two-asus/ros2_ws/install/my_robot_interfaces/share/colcon-core/packages/my_robot_interfaces)
[0.722s] Level 1:colcon.colcon_core.environment:create_environment_scripts_only(my_robot_interfaces)
[0.722s] Level 1:colcon.colcon_core.environment:checking '/home/two-asus/ros2_ws/install/my_robot_interfaces' for CMake module files
[0.723s] Level 1:colcon.colcon_core.environment:checking '/home/two-asus/ros2_ws/install/my_robot_interfaces' for CMake config files
[0.723s] Level 1:colcon.colcon_core.shell:create_environment_hook('my_robot_interfaces', 'cmake_prefix_path')
[0.724s] INFO:colcon.colcon_core.shell:Creating environment hook '/home/two-asus/ros2_ws/install/my_robot_interfaces/share/my_robot_interfaces/hook/cmake_prefix_path.ps1'
[0.724s] INFO:colcon.colcon_core.shell:Creating environment descriptor '/home/two-asus/ros2_ws/install/my_robot_interfaces/share/my_robot_interfaces/hook/cmake_prefix_path.dsv'
[0.724s] INFO:colcon.colcon_core.shell:Creating environment hook '/home/two-asus/ros2_ws/install/my_robot_interfaces/share/my_robot_interfaces/hook/cmake_prefix_path.sh'
[0.725s] Level 1:colcon.colcon_core.environment:checking '/home/two-asus/ros2_ws/install/my_robot_interfaces/lib'
[0.725s] Level 1:colcon.colcon_core.shell:create_environment_hook('my_robot_interfaces', 'ld_library_path_lib')
[0.725s] INFO:colcon.colcon_core.shell:Creating environment hook '/home/two-asus/ros2_ws/install/my_robot_interfaces/share/my_robot_interfaces/hook/ld_library_path_lib.ps1'
[0.725s] INFO:colcon.colcon_core.shell:Creating environment descriptor '/home/two-asus/ros2_ws/install/my_robot_interfaces/share/my_robot_interfaces/hook/ld_library_path_lib.dsv'
[0.726s] INFO:colcon.colcon_core.shell:Creating environment hook '/home/two-asus/ros2_ws/install/my_robot_interfaces/share/my_robot_interfaces/hook/ld_library_path_lib.sh'
[0.726s] Level 1:colcon.colcon_core.environment:checking '/home/two-asus/ros2_ws/install/my_robot_interfaces/bin'
[0.726s] Level 1:colcon.colcon_core.environment:checking '/home/two-asus/ros2_ws/install/my_robot_interfaces/lib/pkgconfig/my_robot_interfaces.pc'
[0.726s] Level 1:colcon.colcon_core.environment:checking '/home/two-asus/ros2_ws/install/my_robot_interfaces/lib/python3.10/site-packages'
[0.726s] Level 1:colcon.colcon_core.environment:checking '/home/two-asus/ros2_ws/install/my_robot_interfaces/bin'
[0.727s] INFO:colcon.colcon_core.shell:Creating package script '/home/two-asus/ros2_ws/install/my_robot_interfaces/share/my_robot_interfaces/package.ps1'
[0.727s] INFO:colcon.colcon_core.shell:Creating package descriptor '/home/two-asus/ros2_ws/install/my_robot_interfaces/share/my_robot_interfaces/package.dsv'
[0.727s] INFO:colcon.colcon_core.shell:Creating package script '/home/two-asus/ros2_ws/install/my_robot_interfaces/share/my_robot_interfaces/package.sh'
[0.728s] INFO:colcon.colcon_core.shell:Creating package script '/home/two-asus/ros2_ws/install/my_robot_interfaces/share/my_robot_interfaces/package.bash'
[0.728s] INFO:colcon.colcon_core.shell:Creating package script '/home/two-asus/ros2_ws/install/my_robot_interfaces/share/my_robot_interfaces/package.zsh'
[0.728s] Level 1:colcon.colcon_core.environment:create_file_with_runtime_dependencies(/home/two-asus/ros2_ws/install/my_robot_interfaces/share/colcon-core/packages/my_robot_interfaces)
[0.728s] INFO:colcon.colcon_ros.task.ament_cmake.build:Building ROS package in '/home/two-asus/ros2_ws/src/my_cpp_pkg' with build type 'ament_cmake'
[0.729s] INFO:colcon.colcon_cmake.task.cmake.build:Building CMake package in '/home/two-asus/ros2_ws/src/my_cpp_pkg'
[0.729s] INFO:colcon.colcon_core.shell:Skip shell extension 'powershell' for command environment: Not usable outside of PowerShell
[0.729s] DEBUG:colcon.colcon_core.shell:Skip shell extension 'dsv' for command environment
[0.732s] INFO:colcon.colcon_ros.task.ament_python.build:Building ROS package in '/home/two-asus/ros2_ws/src/my_py_pkg' with build type 'ament_python'
[0.732s] Level 1:colcon.colcon_core.shell:create_environment_hook('my_py_pkg', 'ament_prefix_path')
[0.732s] INFO:colcon.colcon_core.shell:Creating environment hook '/home/two-asus/ros2_ws/install/my_py_pkg/share/my_py_pkg/hook/ament_prefix_path.ps1'
[0.733s] INFO:colcon.colcon_core.shell:Creating environment descriptor '/home/two-asus/ros2_ws/install/my_py_pkg/share/my_py_pkg/hook/ament_prefix_path.dsv'
[0.733s] INFO:colcon.colcon_core.shell:Creating environment hook '/home/two-asus/ros2_ws/install/my_py_pkg/share/my_py_pkg/hook/ament_prefix_path.sh'
[0.734s] INFO:colcon.colcon_core.shell:Skip shell extension 'powershell' for command environment: Not usable outside of PowerShell
[0.734s] DEBUG:colcon.colcon_core.shell:Skip shell extension 'dsv' for command environment
[0.739s] DEBUG:colcon.colcon_core.event_handler.log_command:Invoking command in '/home/two-asus/ros2_ws/src/turtlesim_catch_them_all': PYTHONPATH=/home/two-asus/ros2_ws/build/turtlesim_catch_them_all/prefix_override:/home/two-asus/ros2_ws/install/turtlesim_catch_them_all/lib/python3.10/site-packages:${PYTHONPATH} /usr/bin/python3 -W ignore:setup.py install is deprecated setup.py egg_info --egg-base ../../build/turtlesim_catch_them_all build --build-base /home/two-asus/ros2_ws/build/turtlesim_catch_them_all/build install --record /home/two-asus/ros2_ws/build/turtlesim_catch_them_all/install.log --single-version-externally-managed install_data
[0.979s] INFO:colcon.colcon_core.task.python.build:Building Python package in '/home/two-asus/ros2_ws/src/my_py_pkg'
[0.980s] INFO:colcon.colcon_core.shell:Skip shell extension 'powershell' for command environment: Not usable outside of PowerShell
[0.980s] DEBUG:colcon.colcon_core.shell:Skip shell extension 'dsv' for command environment
[0.986s] Level 1:colcon.colcon_core.environment:checking '/home/two-asus/ros2_ws/install/turtlesim_catch_them_all' for CMake module files
[0.987s] DEBUG:colcon.colcon_core.event_handler.log_command:Invoking command in '/home/two-asus/ros2_ws/build/my_cpp_pkg': CMAKE_PREFIX_PATH=/home/two-asus/ros2_ws/install/my_robot_interfaces:/home/two-asus/ros2_ws/install/my_robot_bringup:/home/two-asus/ros2_ws/install/my_cpp_pkg:/home/two-asus/ros2_ws/install/turtlesim_catch_them_all:/home/two-asus/ros2_ws/install/my_py_pkg:/opt/ros/humble /usr/bin/cmake --build /home/two-asus/ros2_ws/build/my_cpp_pkg -- -j16 -l16
[0.987s] DEBUG:colcon.colcon_core.event_handler.log_command:Invoked command in '/home/two-asus/ros2_ws/src/turtlesim_catch_them_all' returned '0': PYTHONPATH=/home/two-asus/ros2_ws/build/turtlesim_catch_them_all/prefix_override:/home/two-asus/ros2_ws/install/turtlesim_catch_them_all/lib/python3.10/site-packages:${PYTHONPATH} /usr/bin/python3 -W ignore:setup.py install is deprecated setup.py egg_info --egg-base ../../build/turtlesim_catch_them_all build --build-base /home/two-asus/ros2_ws/build/turtlesim_catch_them_all/build install --record /home/two-asus/ros2_ws/build/turtlesim_catch_them_all/install.log --single-version-externally-managed install_data
[0.987s] Level 1:colcon.colcon_core.environment:checking '/home/two-asus/ros2_ws/install/turtlesim_catch_them_all' for CMake config files
[0.988s] Level 1:colcon.colcon_core.environment:checking '/home/two-asus/ros2_ws/install/turtlesim_catch_them_all/lib'
[0.988s] Level 1:colcon.colcon_core.environment:checking '/home/two-asus/ros2_ws/install/turtlesim_catch_them_all/bin'
[0.988s] Level 1:colcon.colcon_core.environment:checking '/home/two-asus/ros2_ws/install/turtlesim_catch_them_all/lib/pkgconfig/turtlesim_catch_them_all.pc'
[0.988s] Level 1:colcon.colcon_core.environment:checking '/home/two-asus/ros2_ws/install/turtlesim_catch_them_all/lib/python3.10/site-packages'
[0.988s] Level 1:colcon.colcon_core.shell:create_environment_hook('turtlesim_catch_them_all', 'pythonpath')
[0.988s] INFO:colcon.colcon_core.shell:Creating environment hook '/home/two-asus/ros2_ws/install/turtlesim_catch_them_all/share/turtlesim_catch_them_all/hook/pythonpath.ps1'
[0.989s] INFO:colcon.colcon_core.shell:Creating environment descriptor '/home/two-asus/ros2_ws/install/turtlesim_catch_them_all/share/turtlesim_catch_them_all/hook/pythonpath.dsv'
[0.989s] INFO:colcon.colcon_core.shell:Creating environment hook '/home/two-asus/ros2_ws/install/turtlesim_catch_them_all/share/turtlesim_catch_them_all/hook/pythonpath.sh'
[0.989s] Level 1:colcon.colcon_core.environment:checking '/home/two-asus/ros2_ws/install/turtlesim_catch_them_all/bin'
[0.989s] Level 1:colcon.colcon_core.environment:create_environment_scripts_only(turtlesim_catch_them_all)
[0.990s] INFO:colcon.colcon_core.shell:Creating package script '/home/two-asus/ros2_ws/install/turtlesim_catch_them_all/share/turtlesim_catch_them_all/package.ps1'
[0.990s] INFO:colcon.colcon_core.shell:Creating package descriptor '/home/two-asus/ros2_ws/install/turtlesim_catch_them_all/share/turtlesim_catch_them_all/package.dsv'
[0.990s] INFO:colcon.colcon_core.shell:Creating package script '/home/two-asus/ros2_ws/install/turtlesim_catch_them_all/share/turtlesim_catch_them_all/package.sh'
[0.991s] INFO:colcon.colcon_core.shell:Creating package script '/home/two-asus/ros2_ws/install/turtlesim_catch_them_all/share/turtlesim_catch_them_all/package.bash'
[0.991s] INFO:colcon.colcon_core.shell:Creating package script '/home/two-asus/ros2_ws/install/turtlesim_catch_them_all/share/turtlesim_catch_them_all/package.zsh'
[0.991s] Level 1:colcon.colcon_core.environment:create_file_with_runtime_dependencies(/home/two-asus/ros2_ws/install/turtlesim_catch_them_all/share/colcon-core/packages/turtlesim_catch_them_all)
[1.031s] DEBUG:colcon.colcon_core.event_handler.log_command:Invoked command in '/home/two-asus/ros2_ws/build/my_cpp_pkg' returned '0': CMAKE_PREFIX_PATH=/home/two-asus/ros2_ws/install/my_robot_interfaces:/home/two-asus/ros2_ws/install/my_robot_bringup:/home/two-asus/ros2_ws/install/my_cpp_pkg:/home/two-asus/ros2_ws/install/turtlesim_catch_them_all:/home/two-asus/ros2_ws/install/my_py_pkg:/opt/ros/humble /usr/bin/cmake --build /home/two-asus/ros2_ws/build/my_cpp_pkg -- -j16 -l16
[1.062s] DEBUG:colcon.colcon_core.event_handler.log_command:Invoking command in '/home/two-asus/ros2_ws/build/my_cpp_pkg': CMAKE_PREFIX_PATH=/home/two-asus/ros2_ws/install/my_robot_interfaces:/home/two-asus/ros2_ws/install/my_robot_bringup:/home/two-asus/ros2_ws/install/my_cpp_pkg:/home/two-asus/ros2_ws/install/turtlesim_catch_them_all:/home/two-asus/ros2_ws/install/my_py_pkg:/opt/ros/humble /usr/bin/cmake --install /home/two-asus/ros2_ws/build/my_cpp_pkg
[1.073s] Level 1:colcon.colcon_core.environment:create_environment_scripts_only(my_cpp_pkg)
[1.074s] Level 1:colcon.colcon_core.environment:checking '/home/two-asus/ros2_ws/install/my_cpp_pkg' for CMake module files
[1.074s] DEBUG:colcon.colcon_core.event_handler.log_command:Invoked command in '/home/two-asus/ros2_ws/build/my_cpp_pkg' returned '0': CMAKE_PREFIX_PATH=/home/two-asus/ros2_ws/install/my_robot_interfaces:/home/two-asus/ros2_ws/install/my_robot_bringup:/home/two-asus/ros2_ws/install/my_cpp_pkg:/home/two-asus/ros2_ws/install/turtlesim_catch_them_all:/home/two-asus/ros2_ws/install/my_py_pkg:/opt/ros/humble /usr/bin/cmake --install /home/two-asus/ros2_ws/build/my_cpp_pkg
[1.074s] Level 1:colcon.colcon_core.environment:checking '/home/two-asus/ros2_ws/install/my_cpp_pkg' for CMake config files
[1.075s] Level 1:colcon.colcon_core.shell:create_environment_hook('my_cpp_pkg', 'cmake_prefix_path')
[1.075s] INFO:colcon.colcon_core.shell:Creating environment hook '/home/two-asus/ros2_ws/install/my_cpp_pkg/share/my_cpp_pkg/hook/cmake_prefix_path.ps1'
[1.075s] INFO:colcon.colcon_core.shell:Creating environment descriptor '/home/two-asus/ros2_ws/install/my_cpp_pkg/share/my_cpp_pkg/hook/cmake_prefix_path.dsv'
[1.075s] INFO:colcon.colcon_core.shell:Creating environment hook '/home/two-asus/ros2_ws/install/my_cpp_pkg/share/my_cpp_pkg/hook/cmake_prefix_path.sh'
[1.076s] Level 1:colcon.colcon_core.environment:checking '/home/two-asus/ros2_ws/install/my_cpp_pkg/lib'
[1.076s] Level 1:colcon.colcon_core.environment:checking '/home/two-asus/ros2_ws/install/my_cpp_pkg/bin'
[1.076s] Level 1:colcon.colcon_core.environment:checking '/home/two-asus/ros2_ws/install/my_cpp_pkg/lib/pkgconfig/my_cpp_pkg.pc'
[1.076s] Level 1:colcon.colcon_core.environment:checking '/home/two-asus/ros2_ws/install/my_cpp_pkg/lib/python3.10/site-packages'
[1.076s] Level 1:colcon.colcon_core.environment:checking '/home/two-asus/ros2_ws/install/my_cpp_pkg/bin'
[1.077s] INFO:colcon.colcon_core.shell:Creating package script '/home/two-asus/ros2_ws/install/my_cpp_pkg/share/my_cpp_pkg/package.ps1'
[1.077s] INFO:colcon.colcon_core.shell:Creating package descriptor '/home/two-asus/ros2_ws/install/my_cpp_pkg/share/my_cpp_pkg/package.dsv'
[1.077s] INFO:colcon.colcon_core.shell:Creating package script '/home/two-asus/ros2_ws/install/my_cpp_pkg/share/my_cpp_pkg/package.sh'
[1.078s] INFO:colcon.colcon_core.shell:Creating package script '/home/two-asus/ros2_ws/install/my_cpp_pkg/share/my_cpp_pkg/package.bash'
[1.078s] INFO:colcon.colcon_core.shell:Creating package script '/home/two-asus/ros2_ws/install/my_cpp_pkg/share/my_cpp_pkg/package.zsh'
[1.078s] Level 1:colcon.colcon_core.environment:create_file_with_runtime_dependencies(/home/two-asus/ros2_ws/install/my_cpp_pkg/share/colcon-core/packages/my_cpp_pkg)
[1.106s] Level 1:colcon.colcon_core.environment:create_environment_scripts_only(my_cpp_pkg)
[1.106s] Level 1:colcon.colcon_core.environment:checking '/home/two-asus/ros2_ws/install/my_cpp_pkg' for CMake module files
[1.107s] Level 1:colcon.colcon_core.environment:checking '/home/two-asus/ros2_ws/install/my_cpp_pkg' for CMake config files
[1.107s] Level 1:colcon.colcon_core.shell:create_environment_hook('my_cpp_pkg', 'cmake_prefix_path')
[1.107s] INFO:colcon.colcon_core.shell:Creating environment hook '/home/two-asus/ros2_ws/install/my_cpp_pkg/share/my_cpp_pkg/hook/cmake_prefix_path.ps1'
[1.107s] INFO:colcon.colcon_core.shell:Creating environment descriptor '/home/two-asus/ros2_ws/install/my_cpp_pkg/share/my_cpp_pkg/hook/cmake_prefix_path.dsv'
[1.108s] INFO:colcon.colcon_core.shell:Creating environment hook '/home/two-asus/ros2_ws/install/my_cpp_pkg/share/my_cpp_pkg/hook/cmake_prefix_path.sh'
[1.108s] Level 1:colcon.colcon_core.environment:checking '/home/two-asus/ros2_ws/install/my_cpp_pkg/lib'
[1.108s] Level 1:colcon.colcon_core.environment:checking '/home/two-asus/ros2_ws/install/my_cpp_pkg/bin'
[1.108s] Level 1:colcon.colcon_core.environment:checking '/home/two-asus/ros2_ws/install/my_cpp_pkg/lib/pkgconfig/my_cpp_pkg.pc'
[1.108s] Level 1:colcon.colcon_core.environment:checking '/home/two-asus/ros2_ws/install/my_cpp_pkg/lib/python3.10/site-packages'
[1.108s] Level 1:colcon.colcon_core.environment:checking '/home/two-asus/ros2_ws/install/my_cpp_pkg/bin'
[1.109s] INFO:colcon.colcon_core.shell:Creating package script '/home/two-asus/ros2_ws/install/my_cpp_pkg/share/my_cpp_pkg/package.ps1'
[1.109s] INFO:colcon.colcon_core.shell:Creating package descriptor '/home/two-asus/ros2_ws/install/my_cpp_pkg/share/my_cpp_pkg/package.dsv'
[1.109s] INFO:colcon.colcon_core.shell:Creating package script '/home/two-asus/ros2_ws/install/my_cpp_pkg/share/my_cpp_pkg/package.sh'
[1.110s] INFO:colcon.colcon_core.shell:Creating package script '/home/two-asus/ros2_ws/install/my_cpp_pkg/share/my_cpp_pkg/package.bash'
[1.110s] INFO:colcon.colcon_core.shell:Creating package script '/home/two-asus/ros2_ws/install/my_cpp_pkg/share/my_cpp_pkg/package.zsh'
[1.110s] Level 1:colcon.colcon_core.environment:create_file_with_runtime_dependencies(/home/two-asus/ros2_ws/install/my_cpp_pkg/share/colcon-core/packages/my_cpp_pkg)
[1.314s] DEBUG:colcon.colcon_core.event_handler.log_command:Invoking command in '/home/two-asus/ros2_ws/src/my_py_pkg': CMAKE_PREFIX_PATH=/home/two-asus/ros2_ws/install/my_robot_interfaces:/home/two-asus/ros2_ws/install/my_robot_bringup:/home/two-asus/ros2_ws/install/my_cpp_pkg PYTHONPATH=/home/two-asus/ros2_ws/build/my_py_pkg/prefix_override:/home/two-asus/ros2_ws/install/my_py_pkg/lib/python3.10/site-packages:${PYTHONPATH} /usr/bin/python3 -W ignore:setup.py install is deprecated setup.py egg_info --egg-base ../../build/my_py_pkg build --build-base /home/two-asus/ros2_ws/build/my_py_pkg/build install --record /home/two-asus/ros2_ws/build/my_py_pkg/install.log --single-version-externally-managed install_data
[1.517s] Level 1:colcon.colcon_core.environment:checking '/home/two-asus/ros2_ws/install/my_py_pkg' for CMake module files
[1.518s] DEBUG:colcon.colcon_core.event_handler.log_command:Invoked command in '/home/two-asus/ros2_ws/src/my_py_pkg' returned '0': CMAKE_PREFIX_PATH=/home/two-asus/ros2_ws/install/my_robot_interfaces:/home/two-asus/ros2_ws/install/my_robot_bringup:/home/two-asus/ros2_ws/install/my_cpp_pkg PYTHONPATH=/home/two-asus/ros2_ws/build/my_py_pkg/prefix_override:/home/two-asus/ros2_ws/install/my_py_pkg/lib/python3.10/site-packages:${PYTHONPATH} /usr/bin/python3 -W ignore:setup.py install is deprecated setup.py egg_info --egg-base ../../build/my_py_pkg build --build-base /home/two-asus/ros2_ws/build/my_py_pkg/build install --record /home/two-asus/ros2_ws/build/my_py_pkg/install.log --single-version-externally-managed install_data
[1.518s] Level 1:colcon.colcon_core.environment:checking '/home/two-asus/ros2_ws/install/my_py_pkg' for CMake config files
[1.518s] Level 1:colcon.colcon_core.environment:checking '/home/two-asus/ros2_ws/install/my_py_pkg/lib'
[1.518s] Level 1:colcon.colcon_core.environment:checking '/home/two-asus/ros2_ws/install/my_py_pkg/bin'
[1.519s] Level 1:colcon.colcon_core.environment:checking '/home/two-asus/ros2_ws/install/my_py_pkg/lib/pkgconfig/my_py_pkg.pc'
[1.519s] Level 1:colcon.colcon_core.environment:checking '/home/two-asus/ros2_ws/install/my_py_pkg/lib/python3.10/site-packages'
[1.519s] Level 1:colcon.colcon_core.shell:create_environment_hook('my_py_pkg', 'pythonpath')
[1.519s] INFO:colcon.colcon_core.shell:Creating environment hook '/home/two-asus/ros2_ws/install/my_py_pkg/share/my_py_pkg/hook/pythonpath.ps1'
[1.519s] INFO:colcon.colcon_core.shell:Creating environment descriptor '/home/two-asus/ros2_ws/install/my_py_pkg/share/my_py_pkg/hook/pythonpath.dsv'
[1.520s] INFO:colcon.colcon_core.shell:Creating environment hook '/home/two-asus/ros2_ws/install/my_py_pkg/share/my_py_pkg/hook/pythonpath.sh'
[1.520s] Level 1:colcon.colcon_core.environment:checking '/home/two-asus/ros2_ws/install/my_py_pkg/bin'
[1.520s] Level 1:colcon.colcon_core.environment:create_environment_scripts_only(my_py_pkg)
[1.520s] INFO:colcon.colcon_core.shell:Creating package script '/home/two-asus/ros2_ws/install/my_py_pkg/share/my_py_pkg/package.ps1'
[1.521s] INFO:colcon.colcon_core.shell:Creating package descriptor '/home/two-asus/ros2_ws/install/my_py_pkg/share/my_py_pkg/package.dsv'
[1.521s] INFO:colcon.colcon_core.shell:Creating package script '/home/two-asus/ros2_ws/install/my_py_pkg/share/my_py_pkg/package.sh'
[1.521s] INFO:colcon.colcon_core.shell:Creating package script '/home/two-asus/ros2_ws/install/my_py_pkg/share/my_py_pkg/package.bash'
[1.521s] INFO:colcon.colcon_core.shell:Creating package script '/home/two-asus/ros2_ws/install/my_py_pkg/share/my_py_pkg/package.zsh'
[1.522s] Level 1:colcon.colcon_core.environment:create_file_with_runtime_dependencies(/home/two-asus/ros2_ws/install/my_py_pkg/share/colcon-core/packages/my_py_pkg)
[1.522s] INFO:colcon.colcon_ros.task.ament_cmake.build:Building ROS package in '/home/two-asus/ros2_ws/src/my_robot_bringup' with build type 'ament_cmake'
[1.522s] INFO:colcon.colcon_cmake.task.cmake.build:Building CMake package in '/home/two-asus/ros2_ws/src/my_robot_bringup'
[1.523s] INFO:colcon.colcon_core.shell:Skip shell extension 'powershell' for command environment: Not usable outside of PowerShell
[1.523s] DEBUG:colcon.colcon_core.shell:Skip shell extension 'dsv' for command environment
[1.750s] DEBUG:colcon.colcon_core.event_handler.log_command:Invoking command in '/home/two-asus/ros2_ws/build/my_robot_bringup': AMENT_PREFIX_PATH=/home/two-asus/ros2_ws/install/my_py_pkg:/home/two-asus/ros2_ws/install/turtlesim_catch_them_all:/home/two-asus/ros2_ws/install/my_robot_bringup:/home/two-asus/ros2_ws/install/my_cpp_pkg:/home/two-asus/ros2_ws/install/my_robot_interfaces:/opt/ros/humble CMAKE_PREFIX_PATH=/home/two-asus/ros2_ws/install/my_cpp_pkg:/home/two-asus/ros2_ws/install/my_robot_interfaces:/home/two-asus/ros2_ws/install/my_robot_bringup:/home/two-asus/ros2_ws/install/turtlesim_catch_them_all:/home/two-asus/ros2_ws/install/my_py_pkg:/opt/ros/humble PYTHONPATH=/home/two-asus/ros2_ws/install/my_py_pkg/lib/python3.10/site-packages:/home/two-asus/ros2_ws/install/turtlesim_catch_them_all/lib/python3.10/site-packages:/home/two-asus/ros2_ws/install/my_robot_interfaces/local/lib/python3.10/dist-packages:/opt/ros/humble/lib/python3.10/site-packages:/opt/ros/humble/local/lib/python3.10/dist-packages /usr/bin/cmake --build /home/two-asus/ros2_ws/build/my_robot_bringup -- -j16 -l16
[1.774s] DEBUG:colcon.colcon_core.event_handler.log_command:Invoked command in '/home/two-asus/ros2_ws/build/my_robot_bringup' returned '0': AMENT_PREFIX_PATH=/home/two-asus/ros2_ws/install/my_py_pkg:/home/two-asus/ros2_ws/install/turtlesim_catch_them_all:/home/two-asus/ros2_ws/install/my_robot_bringup:/home/two-asus/ros2_ws/install/my_cpp_pkg:/home/two-asus/ros2_ws/install/my_robot_interfaces:/opt/ros/humble CMAKE_PREFIX_PATH=/home/two-asus/ros2_ws/install/my_cpp_pkg:/home/two-asus/ros2_ws/install/my_robot_interfaces:/home/two-asus/ros2_ws/install/my_robot_bringup:/home/two-asus/ros2_ws/install/turtlesim_catch_them_all:/home/two-asus/ros2_ws/install/my_py_pkg:/opt/ros/humble PYTHONPATH=/home/two-asus/ros2_ws/install/my_py_pkg/lib/python3.10/site-packages:/home/two-asus/ros2_ws/install/turtlesim_catch_them_all/lib/python3.10/site-packages:/home/two-asus/ros2_ws/install/my_robot_interfaces/local/lib/python3.10/dist-packages:/opt/ros/humble/lib/python3.10/site-packages:/opt/ros/humble/local/lib/python3.10/dist-packages /usr/bin/cmake --build /home/two-asus/ros2_ws/build/my_robot_bringup -- -j16 -l16
[1.790s] DEBUG:colcon.colcon_core.event_handler.log_command:Invoking command in '/home/two-asus/ros2_ws/build/my_robot_bringup': AMENT_PREFIX_PATH=/home/two-asus/ros2_ws/install/my_py_pkg:/home/two-asus/ros2_ws/install/turtlesim_catch_them_all:/home/two-asus/ros2_ws/install/my_robot_bringup:/home/two-asus/ros2_ws/install/my_cpp_pkg:/home/two-asus/ros2_ws/install/my_robot_interfaces:/opt/ros/humble CMAKE_PREFIX_PATH=/home/two-asus/ros2_ws/install/my_cpp_pkg:/home/two-asus/ros2_ws/install/my_robot_interfaces:/home/two-asus/ros2_ws/install/my_robot_bringup:/home/two-asus/ros2_ws/install/turtlesim_catch_them_all:/home/two-asus/ros2_ws/install/my_py_pkg:/opt/ros/humble PYTHONPATH=/home/two-asus/ros2_ws/install/my_py_pkg/lib/python3.10/site-packages:/home/two-asus/ros2_ws/install/turtlesim_catch_them_all/lib/python3.10/site-packages:/home/two-asus/ros2_ws/install/my_robot_interfaces/local/lib/python3.10/dist-packages:/opt/ros/humble/lib/python3.10/site-packages:/opt/ros/humble/local/lib/python3.10/dist-packages /usr/bin/cmake --install /home/two-asus/ros2_ws/build/my_robot_bringup
[1.797s] Level 1:colcon.colcon_core.environment:create_environment_scripts_only(my_robot_bringup)
[1.797s] Level 1:colcon.colcon_core.environment:checking '/home/two-asus/ros2_ws/install/my_robot_bringup' for CMake module files
[1.799s] DEBUG:colcon.colcon_core.event_handler.log_command:Invoked command in '/home/two-asus/ros2_ws/build/my_robot_bringup' returned '0': AMENT_PREFIX_PATH=/home/two-asus/ros2_ws/install/my_py_pkg:/home/two-asus/ros2_ws/install/turtlesim_catch_them_all:/home/two-asus/ros2_ws/install/my_robot_bringup:/home/two-asus/ros2_ws/install/my_cpp_pkg:/home/two-asus/ros2_ws/install/my_robot_interfaces:/opt/ros/humble CMAKE_PREFIX_PATH=/home/two-asus/ros2_ws/install/my_cpp_pkg:/home/two-asus/ros2_ws/install/my_robot_interfaces:/home/two-asus/ros2_ws/install/my_robot_bringup:/home/two-asus/ros2_ws/install/turtlesim_catch_them_all:/home/two-asus/ros2_ws/install/my_py_pkg:/opt/ros/humble PYTHONPATH=/home/two-asus/ros2_ws/install/my_py_pkg/lib/python3.10/site-packages:/home/two-asus/ros2_ws/install/turtlesim_catch_them_all/lib/python3.10/site-packages:/home/two-asus/ros2_ws/install/my_robot_interfaces/local/lib/python3.10/dist-packages:/opt/ros/humble/lib/python3.10/site-packages:/opt/ros/humble/local/lib/python3.10/dist-packages /usr/bin/cmake --install /home/two-asus/ros2_ws/build/my_robot_bringup
[1.799s] Level 1:colcon.colcon_core.environment:checking '/home/two-asus/ros2_ws/install/my_robot_bringup' for CMake config files
[1.799s] Level 1:colcon.colcon_core.shell:create_environment_hook('my_robot_bringup', 'cmake_prefix_path')
[1.799s] INFO:colcon.colcon_core.shell:Creating environment hook '/home/two-asus/ros2_ws/install/my_robot_bringup/share/my_robot_bringup/hook/cmake_prefix_path.ps1'
[1.800s] INFO:colcon.colcon_core.shell:Creating environment descriptor '/home/two-asus/ros2_ws/install/my_robot_bringup/share/my_robot_bringup/hook/cmake_prefix_path.dsv'
[1.800s] INFO:colcon.colcon_core.shell:Creating environment hook '/home/two-asus/ros2_ws/install/my_robot_bringup/share/my_robot_bringup/hook/cmake_prefix_path.sh'
[1.800s] Level 1:colcon.colcon_core.environment:checking '/home/two-asus/ros2_ws/install/my_robot_bringup/bin'
[1.800s] Level 1:colcon.colcon_core.environment:checking '/home/two-asus/ros2_ws/install/my_robot_bringup/lib/pkgconfig/my_robot_bringup.pc'
[1.801s] Level 1:colcon.colcon_core.environment:checking '/home/two-asus/ros2_ws/install/my_robot_bringup/lib/python3.10/site-packages'
[1.801s] Level 1:colcon.colcon_core.environment:checking '/home/two-asus/ros2_ws/install/my_robot_bringup/bin'
[1.801s] INFO:colcon.colcon_core.shell:Creating package script '/home/two-asus/ros2_ws/install/my_robot_bringup/share/my_robot_bringup/package.ps1'
[1.801s] INFO:colcon.colcon_core.shell:Creating package descriptor '/home/two-asus/ros2_ws/install/my_robot_bringup/share/my_robot_bringup/package.dsv'
[1.802s] INFO:colcon.colcon_core.shell:Creating package script '/home/two-asus/ros2_ws/install/my_robot_bringup/share/my_robot_bringup/package.sh'
[1.802s] INFO:colcon.colcon_core.shell:Creating package script '/home/two-asus/ros2_ws/install/my_robot_bringup/share/my_robot_bringup/package.bash'
[1.802s] INFO:colcon.colcon_core.shell:Creating package script '/home/two-asus/ros2_ws/install/my_robot_bringup/share/my_robot_bringup/package.zsh'
[1.802s] Level 1:colcon.colcon_core.environment:create_file_with_runtime_dependencies(/home/two-asus/ros2_ws/install/my_robot_bringup/share/colcon-core/packages/my_robot_bringup)
[1.818s] Level 1:colcon.colcon_core.environment:create_environment_scripts_only(my_robot_bringup)
[1.818s] Level 1:colcon.colcon_core.environment:checking '/home/two-asus/ros2_ws/install/my_robot_bringup' for CMake module files
[1.819s] Level 1:colcon.colcon_core.environment:checking '/home/two-asus/ros2_ws/install/my_robot_bringup' for CMake config files
[1.819s] Level 1:colcon.colcon_core.shell:create_environment_hook('my_robot_bringup', 'cmake_prefix_path')
[1.819s] INFO:colcon.colcon_core.shell:Creating environment hook '/home/two-asus/ros2_ws/install/my_robot_bringup/share/my_robot_bringup/hook/cmake_prefix_path.ps1'
[1.819s] INFO:colcon.colcon_core.shell:Creating environment descriptor '/home/two-asus/ros2_ws/install/my_robot_bringup/share/my_robot_bringup/hook/cmake_prefix_path.dsv'
[1.820s] INFO:colcon.colcon_core.shell:Creating environment hook '/home/two-asus/ros2_ws/install/my_robot_bringup/share/my_robot_bringup/hook/cmake_prefix_path.sh'
[1.820s] Level 1:colcon.colcon_core.environment:checking '/home/two-asus/ros2_ws/install/my_robot_bringup/bin'
[1.820s] Level 1:colcon.colcon_core.environment:checking '/home/two-asus/ros2_ws/install/my_robot_bringup/lib/pkgconfig/my_robot_bringup.pc'
[1.820s] Level 1:colcon.colcon_core.environment:checking '/home/two-asus/ros2_ws/install/my_robot_bringup/lib/python3.10/site-packages'
[1.820s] Level 1:colcon.colcon_core.environment:checking '/home/two-asus/ros2_ws/install/my_robot_bringup/bin'
[1.821s] INFO:colcon.colcon_core.shell:Creating package script '/home/two-asus/ros2_ws/install/my_robot_bringup/share/my_robot_bringup/package.ps1'
[1.821s] INFO:colcon.colcon_core.shell:Creating package descriptor '/home/two-asus/ros2_ws/install/my_robot_bringup/share/my_robot_bringup/package.dsv'
[1.821s] INFO:colcon.colcon_core.shell:Creating package script '/home/two-asus/ros2_ws/install/my_robot_bringup/share/my_robot_bringup/package.sh'
[1.822s] INFO:colcon.colcon_core.shell:Creating package script '/home/two-asus/ros2_ws/install/my_robot_bringup/share/my_robot_bringup/package.bash'
[1.822s] INFO:colcon.colcon_core.shell:Creating package script '/home/two-asus/ros2_ws/install/my_robot_bringup/share/my_robot_bringup/package.zsh'
[1.822s] Level 1:colcon.colcon_core.environment:create_file_with_runtime_dependencies(/home/two-asus/ros2_ws/install/my_robot_bringup/share/colcon-core/packages/my_robot_bringup)
[1.822s] DEBUG:colcon.colcon_parallel_executor.executor.parallel:closing loop
[1.823s] DEBUG:colcon.colcon_parallel_executor.executor.parallel:loop closed
[1.823s] DEBUG:colcon.colcon_parallel_executor.executor.parallel:run_until_complete finished with '0'
[1.823s] DEBUG:colcon.colcon_core.event_reactor:joining thread
[1.872s] INFO:colcon.colcon_core.plugin_system:Skipping extension 'colcon_notification.desktop_notification.notify_send': Could not find 'notify-send'
[1.872s] INFO:colcon.colcon_core.plugin_system:Skipping extension 'colcon_notification.desktop_notification.terminal_notifier': Not used on non-Darwin systems
[1.872s] INFO:colcon.colcon_core.plugin_system:Skipping extension 'colcon_notification.desktop_notification.win32': Not used on non-Windows systems
[1.872s] INFO:colcon.colcon_notification.desktop_notification:Sending desktop notification using 'notify2'
[1.873s] DEBUG:colcon.colcon_notification.desktop_notification.notify2:Failed to initialize notify2: org.freedesktop.DBus.Error.ServiceUnknown: The name org.freedesktop.Notifications was not provided by any .service files
[1.873s] DEBUG:colcon.colcon_core.event_reactor:joined thread
[1.873s] INFO:colcon.colcon_core.shell:Creating prefix script '/home/two-asus/ros2_ws/install/local_setup.ps1'
[1.874s] INFO:colcon.colcon_core.shell:Creating prefix util module '/home/two-asus/ros2_ws/install/_local_setup_util_ps1.py'
[1.875s] INFO:colcon.colcon_core.shell:Creating prefix chain script '/home/two-asus/ros2_ws/install/setup.ps1'
[1.876s] INFO:colcon.colcon_core.shell:Creating prefix script '/home/two-asus/ros2_ws/install/local_setup.sh'
[1.876s] INFO:colcon.colcon_core.shell:Creating prefix util module '/home/two-asus/ros2_ws/install/_local_setup_util_sh.py'
[1.877s] INFO:colcon.colcon_core.shell:Creating prefix chain script '/home/two-asus/ros2_ws/install/setup.sh'
[1.878s] INFO:colcon.colcon_core.shell:Creating prefix script '/home/two-asus/ros2_ws/install/local_setup.bash'
[1.878s] INFO:colcon.colcon_core.shell:Creating prefix chain script '/home/two-asus/ros2_ws/install/setup.bash'
[1.879s] INFO:colcon.colcon_core.shell:Creating prefix script '/home/two-asus/ros2_ws/install/local_setup.zsh'
[1.879s] INFO:colcon.colcon_core.shell:Creating prefix chain script '/home/two-asus/ros2_ws/install/setup.zsh'
