[0.013s] Invoking command in '/home/two-asus/ros2_ws/build/my_robot_bringup': CMAKE_PREFIX_PATH=${CMAKE_PREFIX_PATH}:/home/two-asus/ros2_ws/install/my_py_pkg:/opt/ros/humble /usr/bin/cmake /home/two-asus/ros2_ws/src/my_robot_bringup -DCMAKE_INSTALL_PREFIX=/home/two-asus/ros2_ws/install/my_robot_bringup
[0.149s] -- The C compiler identification is GNU 11.4.0
[0.618s] -- The CXX compiler identification is GNU 11.4.0
[0.963s] -- Detecting C compiler ABI info
[1.091s] -- Detecting C compiler ABI info - done
[1.096s] -- Check for working C compiler: /usr/bin/cc - skipped
[1.097s] -- Detecting C compile features
[1.097s] -- Detecting C compile features - done
[1.099s] -- Detecting CXX compiler ABI info
[1.234s] -- Detecting CXX compiler ABI info - done
[1.239s] -- Check for working CXX compiler: /usr/bin/c++ - skipped
[1.239s] -- Detecting CXX compile features
[1.240s] -- Detecting CXX compile features - done
[1.241s] -- Found ament_cmake: 1.3.9 (/opt/ros/humble/share/ament_cmake/cmake)
[1.338s] -- Found Python3: /usr/bin/python3 (found version "3.10.12") found components: Interpreter 
[1.396s] [31mCMake Error at CMakeLists.txt:11 (install):
[1.396s]   install does not recognize sub-command DIRRECTORY
[1.396s] 
[1.396s] [0m
[1.435s] [31mCMake Error at /opt/ros/humble/share/ament_cmake_core/cmake/core/ament_package_xml.cmake:53 (message):
[1.435s]   ament_package_xml() package name 'my_robot_bringup' in '/package.xml' does
[1.435s]   not match current PROJECT_NAME 'my_robot_interfaces'.  You must call
[1.435s]   project() with the same package name before.
[1.435s] Call Stack (most recent call first):
[1.435s]   /opt/ros/humble/share/ament_cmake_core/cmake/core/ament_package.cmake:63 (ament_package_xml)
[1.435s]   CMakeLists.txt:16 (ament_package)
[1.435s] 
[1.435s] [0m
[1.435s] -- Configuring incomplete, errors occurred!
[1.435s] See also "/home/two-asus/ros2_ws/build/my_robot_bringup/CMakeFiles/CMakeOutput.log".
[1.439s] Invoked command in '/home/two-asus/ros2_ws/build/my_robot_bringup' returned '1': CMAKE_PREFIX_PATH=${CMAKE_PREFIX_PATH}:/home/two-asus/ros2_ws/install/my_py_pkg:/opt/ros/humble /usr/bin/cmake /home/two-asus/ros2_ws/src/my_robot_bringup -DCMAKE_INSTALL_PREFIX=/home/two-asus/ros2_ws/install/my_robot_bringup
