[0.352s] Invoking command in '/home/two-asus/ros2_ws/src/my_py_pkg': PYTHONPATH=/home/two-asus/ros2_ws/build/my_py_pkg/prefix_override:/home/two-asus/ros2_ws/install/my_py_pkg/lib/python3.10/site-packages:${PYTHONPATH} /usr/bin/python3 -W ignore:setup.py install is deprecated setup.py egg_info --egg-base ../../build/my_py_pkg build --build-base /home/two-asus/ros2_ws/build/my_py_pkg/build install --record /home/two-asus/ros2_ws/build/my_py_pkg/install.log --single-version-externally-managed install_data
[0.480s] running egg_info
[0.481s] writing ../../build/my_py_pkg/my_py_pkg.egg-info/PKG-INFO
[0.481s] writing dependency_links to ../../build/my_py_pkg/my_py_pkg.egg-info/dependency_links.txt
[0.481s] writing entry points to ../../build/my_py_pkg/my_py_pkg.egg-info/entry_points.txt
[0.481s] writing requirements to ../../build/my_py_pkg/my_py_pkg.egg-info/requires.txt
[0.481s] writing top-level names to ../../build/my_py_pkg/my_py_pkg.egg-info/top_level.txt
[0.482s] reading manifest file '../../build/my_py_pkg/my_py_pkg.egg-info/SOURCES.txt'
[0.483s] writing manifest file '../../build/my_py_pkg/my_py_pkg.egg-info/SOURCES.txt'
[0.483s] running build
[0.483s] running build_py
[0.483s] copying my_py_pkg/my_first_node.py -> /home/two-asus/ros2_ws/build/my_py_pkg/build/lib/my_py_pkg
[0.483s] running install
[0.484s] running install_lib
[0.484s] copying /home/two-asus/ros2_ws/build/my_py_pkg/build/lib/my_py_pkg/my_first_node.py -> /home/two-asus/ros2_ws/install/my_py_pkg/lib/python3.10/site-packages/my_py_pkg
[0.484s] byte-compiling /home/two-asus/ros2_ws/install/my_py_pkg/lib/python3.10/site-packages/my_py_pkg/my_first_node.py to my_first_node.cpython-310.pyc
[0.485s] running install_data
[0.485s] running install_egg_info
[0.486s] removing '/home/two-asus/ros2_ws/install/my_py_pkg/lib/python3.10/site-packages/my_py_pkg-0.0.0-py3.10.egg-info' (and everything under it)
[0.486s] Copying ../../build/my_py_pkg/my_py_pkg.egg-info to /home/two-asus/ros2_ws/install/my_py_pkg/lib/python3.10/site-packages/my_py_pkg-0.0.0-py3.10.egg-info
[0.487s] running install_scripts
[0.501s] Installing py_node script to /home/two-asus/ros2_ws/install/my_py_pkg/lib/my_py_pkg
[0.501s] writing list of installed files to '/home/two-asus/ros2_ws/build/my_py_pkg/install.log'
[0.521s] Invoked command in '/home/two-asus/ros2_ws/src/my_py_pkg' returned '0': PYTHONPATH=/home/two-asus/ros2_ws/build/my_py_pkg/prefix_override:/home/two-asus/ros2_ws/install/my_py_pkg/lib/python3.10/site-packages:${PYTHONPATH} /usr/bin/python3 -W ignore:setup.py install is deprecated setup.py egg_info --egg-base ../../build/my_py_pkg build --build-base /home/two-asus/ros2_ws/build/my_py_pkg/build install --record /home/two-asus/ros2_ws/build/my_py_pkg/install.log --single-version-externally-managed install_data
