[0.358s] Invoking command in '/home/two-asus/ros2_ws/src/my_py_pkg': PYTHONPATH=/home/two-asus/ros2_ws/build/my_py_pkg/prefix_override:/home/two-asus/ros2_ws/install/my_py_pkg/lib/python3.10/site-packages:${PYTHONPATH} /usr/bin/python3 -W ignore:setup.py install is deprecated setup.py egg_info --egg-base ../../build/my_py_pkg build --build-base /home/two-asus/ros2_ws/build/my_py_pkg/build install --record /home/two-asus/ros2_ws/build/my_py_pkg/install.log --single-version-externally-managed install_data
[0.492s] running egg_info
[0.492s] writing ../../build/my_py_pkg/my_py_pkg.egg-info/PKG-INFO
[0.492s] writing dependency_links to ../../build/my_py_pkg/my_py_pkg.egg-info/dependency_links.txt
[0.492s] writing entry points to ../../build/my_py_pkg/my_py_pkg.egg-info/entry_points.txt
[0.493s] writing requirements to ../../build/my_py_pkg/my_py_pkg.egg-info/requires.txt
[0.493s] writing top-level names to ../../build/my_py_pkg/my_py_pkg.egg-info/top_level.txt
[0.494s] reading manifest file '../../build/my_py_pkg/my_py_pkg.egg-info/SOURCES.txt'
[0.494s] writing manifest file '../../build/my_py_pkg/my_py_pkg.egg-info/SOURCES.txt'
[0.495s] running build
[0.495s] running build_py
[0.495s] copying my_py_pkg/add_two_ints_server.py -> /home/two-asus/ros2_ws/build/my_py_pkg/build/lib/my_py_pkg
[0.495s] running install
[0.495s] running install_lib
[0.496s] copying /home/two-asus/ros2_ws/build/my_py_pkg/build/lib/my_py_pkg/add_two_ints_server.py -> /home/two-asus/ros2_ws/install/my_py_pkg/lib/python3.10/site-packages/my_py_pkg
[0.496s] byte-compiling /home/two-asus/ros2_ws/install/my_py_pkg/lib/python3.10/site-packages/my_py_pkg/add_two_ints_server.py to add_two_ints_server.cpython-310.pyc
[0.497s] running install_data
[0.497s] running install_egg_info
[0.498s] removing '/home/two-asus/ros2_ws/install/my_py_pkg/lib/python3.10/site-packages/my_py_pkg-0.0.0-py3.10.egg-info' (and everything under it)
[0.498s] Copying ../../build/my_py_pkg/my_py_pkg.egg-info to /home/two-asus/ros2_ws/install/my_py_pkg/lib/python3.10/site-packages/my_py_pkg-0.0.0-py3.10.egg-info
[0.499s] running install_scripts
[0.514s] Installing add_two_ints_server script to /home/two-asus/ros2_ws/install/my_py_pkg/lib/my_py_pkg
[0.514s] Installing py_node script to /home/two-asus/ros2_ws/install/my_py_pkg/lib/my_py_pkg
[0.515s] Installing robot_news_station script to /home/two-asus/ros2_ws/install/my_py_pkg/lib/my_py_pkg
[0.515s] Installing smartphone script to /home/two-asus/ros2_ws/install/my_py_pkg/lib/my_py_pkg
[0.515s] writing list of installed files to '/home/two-asus/ros2_ws/build/my_py_pkg/install.log'
[0.537s] Invoked command in '/home/two-asus/ros2_ws/src/my_py_pkg' returned '0': PYTHONPATH=/home/two-asus/ros2_ws/build/my_py_pkg/prefix_override:/home/two-asus/ros2_ws/install/my_py_pkg/lib/python3.10/site-packages:${PYTHONPATH} /usr/bin/python3 -W ignore:setup.py install is deprecated setup.py egg_info --egg-base ../../build/my_py_pkg build --build-base /home/two-asus/ros2_ws/build/my_py_pkg/build install --record /home/two-asus/ros2_ws/build/my_py_pkg/install.log --single-version-externally-managed install_data
